<?xml version="1.0" encoding="UTF-8"?>
<coverage generated="1778151533617" clover="3.2.0">
  <project timestamp="1778151533617" name="All files">
    <metrics statements="148" coveredstatements="123" conditionals="51" coveredconditionals="45" methods="15" coveredmethods="11" elements="214" coveredelements="179" complexity="0" loc="148" ncloc="148" packages="3" files="5" classes="5"/>
    <package name="modules.audit">
      <metrics statements="113" coveredstatements="93" conditionals="29" coveredconditionals="25" methods="11" coveredmethods="7"/>
      <file name="audit.controller.ts" path="C:\Users\venda\Documents\funil-gps\packages\backend\src\modules\audit\audit.controller.ts">
        <metrics statements="11" coveredstatements="0" conditionals="0" coveredconditionals="0" methods="4" coveredmethods="0"/>
        <line num="1" count="0" type="stmt"/>
        <line num="10" count="0" type="stmt"/>
        <line num="11" count="0" type="stmt"/>
        <line num="32" count="0" type="stmt"/>
        <line num="33" count="0" type="stmt"/>
        <line num="36" count="0" type="stmt"/>
        <line num="46" count="0" type="stmt"/>
        <line num="59" count="0" type="stmt"/>
        <line num="65" count="0" type="stmt"/>
        <line num="74" count="0" type="stmt"/>
        <line num="75" count="0" type="stmt"/>
      </file>
      <file name="audit.module.ts" path="C:\Users\venda\Documents\funil-gps\packages\backend\src\modules\audit\audit.module.ts">
        <metrics statements="5" coveredstatements="0" conditionals="0" coveredconditionals="0" methods="0" coveredmethods="0"/>
        <line num="1" count="0" type="stmt"/>
        <line num="2" count="0" type="stmt"/>
        <line num="3" count="0" type="stmt"/>
        <line num="4" count="0" type="stmt"/>
        <line num="20" count="0" type="stmt"/>
      </file>
      <file name="audit.service.ts" path="C:\Users\venda\Documents\funil-gps\packages\backend\src\modules\audit\audit.service.ts">
        <metrics statements="97" coveredstatements="93" conditionals="29" coveredconditionals="25" methods="7" coveredmethods="7"/>
        <line num="1" count="1" type="stmt"/>
        <line num="7" count="1" type="stmt"/>
        <line num="8" count="1" type="stmt"/>
        <line num="17" count="1" type="stmt"/>
        <line num="35" count="1" type="stmt"/>
        <line num="37" count="17" type="cond" truecount="3" falsecount="1"/>
        <line num="38" count="17" type="stmt"/>
        <line num="45" count="16" type="stmt"/>
        <line num="46" count="16" type="cond" truecount="1" falsecount="0"/>
        <line num="47" count="1" type="stmt"/>
        <line num="49" count="15" type="stmt"/>
        <line num="60" count="17" type="stmt"/>
        <line num="77" count="8" type="stmt"/>
        <line num="78" count="7" type="cond" truecount="2" falsecount="0"/>
        <line num="79" count="7" type="cond" truecount="2" falsecount="0"/>
        <line num="80" count="7" type="stmt"/>
        <line num="82" count="7" type="stmt"/>
        <line num="83" count="7" type="stmt"/>
        <line num="84" count="7" type="stmt"/>
        <line num="86" count="7" type="stmt"/>
        <line num="87" count="7" type="stmt"/>
        <line num="89" count="7" type="cond" truecount="1" falsecount="0"/>
        <line num="90" count="1" type="stmt"/>
        <line num="91" count="1" type="stmt"/>
        <line num="93" count="7" type="cond" truecount="1" falsecount="0"/>
        <line num="94" count="1" type="stmt"/>
        <line num="95" count="1" type="stmt"/>
        <line num="97" count="7" type="cond" truecount="1" falsecount="0"/>
        <line num="98" count="1" type="stmt"/>
        <line num="99" count="1" type="stmt"/>
        <line num="101" count="7" type="cond" truecount="1" falsecount="0"/>
        <line num="102" count="1" type="stmt"/>
        <line num="103" count="1" type="stmt"/>
        <line num="105" count="7" type="cond" truecount="1" falsecount="0"/>
        <line num="106" count="1" type="stmt"/>
        <line num="107" count="1" type="stmt"/>
        <line num="109" count="7" type="cond" truecount="1" falsecount="0"/>
        <line num="110" count="1" type="stmt"/>
        <line num="111" count="1" type="stmt"/>
        <line num="114" count="7" type="stmt"/>
        <line num="119" count="7" type="stmt"/>
        <line num="126" count="7" type="stmt"/>
        <line num="128" count="7" type="stmt"/>
        <line num="130" count="7" type="stmt"/>
        <line num="135" count="6" type="stmt"/>
        <line num="136" count="6" type="stmt"/>
        <line num="138" count="6" type="stmt"/>
        <line num="140" count="7" type="stmt"/>
        <line num="145" count="4" type="stmt"/>
        <line num="146" count="4" type="cond" truecount="3" falsecount="0"/>
        <line num="147" count="1" type="stmt"/>
        <line num="150" count="3" type="stmt"/>
        <line num="151" count="3" type="stmt"/>
        <line num="152" count="3" type="stmt"/>
        <line num="154" count="3" type="stmt"/>
        <line num="161" count="3" type="cond" truecount="1" falsecount="0"/>
        <line num="162" count="1" type="stmt"/>
        <line num="165" count="2" type="stmt"/>
        <line num="166" count="2" type="stmt"/>
        <line num="172" count="2" type="stmt"/>
        <line num="179" count="2" type="stmt"/>
        <line num="180" count="2" type="stmt"/>
        <line num="191" count="3" type="stmt"/>
        <line num="198" count="4" type="stmt"/>
        <line num="202" count="4" type="stmt"/>
        <line num="203" count="4" type="stmt"/>
        <line num="204" count="4" type="stmt"/>
        <line num="206" count="4" type="stmt"/>
        <line num="207" count="4" type="stmt"/>
        <line num="209" count="4" type="cond" truecount="1" falsecount="0"/>
        <line num="210" count="1" type="stmt"/>
        <line num="211" count="1" type="stmt"/>
        <line num="213" count="4" type="cond" truecount="1" falsecount="0"/>
        <line num="214" count="2" type="stmt"/>
        <line num="215" count="2" type="stmt"/>
        <line num="217" count="4" type="cond" truecount="0" falsecount="1"/>
        <line num="218" count="0" type="stmt"/>
        <line num="219" count="0" type="stmt"/>
        <line num="221" count="4" type="cond" truecount="0" falsecount="1"/>
        <line num="222" count="0" type="stmt"/>
        <line num="223" count="0" type="stmt"/>
        <line num="226" count="4" type="stmt"/>
        <line num="232" count="4" type="stmt"/>
        <line num="235" count="4" type="stmt"/>
        <line num="236" count="4" type="stmt"/>
        <line num="237" count="8" type="stmt"/>
        <line num="238" count="8" type="cond" truecount="1" falsecount="0"/>
        <line num="239" count="8" type="stmt"/>
        <line num="249" count="4" type="stmt"/>
        <line num="250" count="4" type="stmt"/>
        <line num="251" count="5" type="stmt"/>
        <line num="252" count="5" type="stmt"/>
        <line num="253" count="5" type="cond" truecount="1" falsecount="0"/>
        <line num="254" count="2" type="stmt"/>
        <line num="264" count="2" type="stmt"/>
        <line num="271" count="4" type="stmt"/>
        <line num="276" count="3" type="stmt"/>
      </file>
    </package>
    <package name="modules.audit.dto">
      <metrics statements="5" coveredstatements="0" conditionals="0" coveredconditionals="0" methods="0" coveredmethods="0"/>
      <file name="audit-entry.dto.ts" path="C:\Users\venda\Documents\funil-gps\packages\backend\src\modules\audit\dto\audit-entry.dto.ts">
        <metrics statements="5" coveredstatements="0" conditionals="0" coveredconditionals="0" methods="0" coveredmethods="0"/>
        <line num="13" count="0" type="stmt"/>
        <line num="33" count="0" type="stmt"/>
        <line num="48" count="0" type="stmt"/>
        <line num="70" count="0" type="stmt"/>
        <line num="83" count="0" type="stmt"/>
      </file>
    </package>
    <package name="utils">
      <metrics statements="30" coveredstatements="30" conditionals="22" coveredconditionals="20" methods="4" coveredmethods="4"/>
      <file name="audit-hash.ts" path="C:\Users\venda\Documents\funil-gps\packages\backend\src\utils\audit-hash.ts">
        <metrics statements="30" coveredstatements="30" conditionals="22" coveredconditionals="20" methods="4" coveredmethods="4"/>
        <line num="27" count="2" type="stmt"/>
        <line num="40" count="2" type="stmt"/>
        <line num="41" count="299" type="cond" truecount="3" falsecount="0"/>
        <line num="42" count="297" type="cond" truecount="1" falsecount="0"/>
        <line num="43" count="141" type="cond" truecount="1" falsecount="0"/>
        <line num="44" count="2" type="stmt"/>
        <line num="46" count="139" type="stmt"/>
        <line num="47" count="139" type="stmt"/>
        <line num="48" count="151" type="stmt"/>
        <line num="49" count="139" type="stmt"/>
        <line num="73" count="2" type="stmt"/>
        <line num="74" count="81" type="stmt"/>
        <line num="76" count="81" type="cond" truecount="4" falsecount="0"/>
        <line num="77" count="81" type="cond" truecount="3" falsecount="1"/>
        <line num="78" count="81" type="cond" truecount="2" falsecount="0"/>
        <line num="85" count="81" type="cond" truecount="1" falsecount="1"/>
        <line num="86" count="81" type="stmt"/>
        <line num="124" count="2" type="stmt"/>
        <line num="125" count="13" type="cond" truecount="1" falsecount="0"/>
        <line num="126" count="1" type="stmt"/>
        <line num="129" count="12" type="stmt"/>
        <line num="131" count="12" type="stmt"/>
        <line num="132" count="28" type="stmt"/>
        <line num="135" count="28" type="cond" truecount="1" falsecount="0"/>
        <line num="136" count="3" type="stmt"/>
        <line num="148" count="25" type="stmt"/>
        <line num="155" count="25" type="cond" truecount="1" falsecount="0"/>
        <line num="156" count="5" type="stmt"/>
        <line num="164" count="20" type="stmt"/>
        <line num="167" count="4" type="stmt"/>
      </file>
    </package>
  </project>
</coverage>
