{"C:\\Users\\venda\\Documents\\funil-gps\\packages\\backend\\src\\modules\\audit\\audit.controller.ts": {"path":"C:\\Users\\venda\\Documents\\funil-gps\\packages\\backend\\src\\modules\\audit\\audit.controller.ts","statementMap":{"0":{"start":{"line":1,"column":0},"end":{"line":1,"column":null}},"1":{"start":{"line":10,"column":0},"end":{"line":10,"column":61}},"2":{"start":{"line":11,"column":0},"end":{"line":11,"column":47}},"3":{"start":{"line":32,"column":7},"end":{"line":77,"column":null}},"4":{"start":{"line":33,"column":31},"end":{"line":33,"column":45}},"5":{"start":{"line":46,"column":4},"end":{"line":55,"column":7}},"6":{"start":{"line":65,"column":4},"end":{"line":70,"column":7}},"7":{"start":{"line":75,"column":4},"end":{"line":75,"column":41}},"8":{"start":{"line":32,"column":13},"end":{"line":32,"column":28}},"9":{"start":{"line":36,"column":8},"end":{"line":56,"column":null}},"10":{"start":{"line":59,"column":8},"end":{"line":71,"column":null}},"11":{"start":{"line":74,"column":8},"end":{"line":76,"column":null}},"12":{"start":{"line":32,"column":13},"end":{"line":77,"column":null}}},"fnMap":{"0":{"name":"(anonymous_4)","decl":{"start":{"line":33,"column":2},"end":{"line":33,"column":31}},"loc":{"start":{"line":33,"column":57},"end":{"line":33,"column":61}}},"1":{"name":"(anonymous_5)","decl":{"start":{"line":36,"column":2},"end":{"line":36,"column":7}},"loc":{"start":{"line":44,"column":38},"end":{"line":56,"column":3}}},"2":{"name":"(anonymous_6)","decl":{"start":{"line":59,"column":2},"end":{"line":59,"column":7}},"loc":{"start":{"line":63,"column":38},"end":{"line":71,"column":3}}},"3":{"name":"(anonymous_7)","decl":{"start":{"line":74,"column":2},"end":{"line":74,"column":7}},"loc":{"start":{"line":74,"column":39},"end":{"line":76,"column":3}}}},"branchMap":{},"s":{"0":0,"1":0,"2":0,"3":0,"4":0,"5":0,"6":0,"7":0,"8":0,"9":0,"10":0,"11":0,"12":0},"f":{"0":0,"1":0,"2":0,"3":0},"b":{}}
,"C:\\Users\\venda\\Documents\\funil-gps\\packages\\backend\\src\\modules\\audit\\audit.module.ts": {"path":"C:\\Users\\venda\\Documents\\funil-gps\\packages\\backend\\src\\modules\\audit\\audit.module.ts","statementMap":{"0":{"start":{"line":1,"column":0},"end":{"line":1,"column":40}},"1":{"start":{"line":2,"column":0},"end":{"line":2,"column":53}},"2":{"start":{"line":3,"column":0},"end":{"line":3,"column":47}},"3":{"start":{"line":4,"column":0},"end":{"line":4,"column":49}},"4":{"start":{"line":20,"column":7},"end":{"line":20,"column":null}},"5":{"start":{"line":20,"column":13},"end":{"line":20,"column":24}},"6":{"start":{"line":20,"column":13},"end":{"line":20,"column":null}}},"fnMap":{},"branchMap":{},"s":{"0":0,"1":0,"2":0,"3":0,"4":0,"5":0,"6":0},"f":{},"b":{}}
,"C:\\Users\\venda\\Documents\\funil-gps\\packages\\backend\\src\\modules\\audit\\audit.service.ts": {"path":"C:\\Users\\venda\\Documents\\funil-gps\\packages\\backend\\src\\modules\\audit\\audit.service.ts","statementMap":{"0":{"start":{"line":1,"column":0},"end":{"line":1,"column":null}},"1":{"start":{"line":7,"column":0},"end":{"line":7,"column":26}},"2":{"start":{"line":8,"column":0},"end":{"line":8,"column":39}},"3":{"start":{"line":17,"column":0},"end":{"line":17,"column":95}},"4":{"start":{"line":35,"column":7},"end":{"line":290,"column":null}},"5":{"start":{"line":37,"column":31},"end":{"line":37,"column":37}},"6":{"start":{"line":38,"column":29},"end":{"line":38,"column":45}},"7":{"start":{"line":45,"column":22},"end":{"line":45,"column":58}},"8":{"start":{"line":46,"column":4},"end":{"line":48,"column":5}},"9":{"start":{"line":47,"column":6},"end":{"line":47,"column":70}},"10":{"start":{"line":49,"column":4},"end":{"line":49,"column":20}},"11":{"start":{"line":60,"column":39},"end":{"line":74,"column":4}},"12":{"start":{"line":77,"column":21},"end":{"line":77,"column":39}},"13":{"start":{"line":78,"column":17},"end":{"line":78,"column":45}},"14":{"start":{"line":79,"column":18},"end":{"line":79,"column":63}},"15":{"start":{"line":80,"column":19},"end":{"line":80,"column":37}},"16":{"start":{"line":82,"column":19},"end":{"line":82,"column":44}},"17":{"start":{"line":83,"column":4},"end":{"line":141,"column":5}},"18":{"start":{"line":84,"column":6},"end":{"line":84,"column":74}},"19":{"start":{"line":86,"column":32},"end":{"line":86,"column":50}},"20":{"start":{"line":87,"column":28},"end":{"line":87,"column":38}},"21":{"start":{"line":89,"column":6},"end":{"line":92,"column":7}},"22":{"start":{"line":90,"column":8},"end":{"line":90,"column":59}},"23":{"start":{"line":91,"column":8},"end":{"line":91,"column":38}},"24":{"start":{"line":93,"column":6},"end":{"line":96,"column":7}},"25":{"start":{"line":94,"column":8},"end":{"line":94,"column":58}},"26":{"start":{"line":95,"column":8},"end":{"line":95,"column":37}},"27":{"start":{"line":97,"column":6},"end":{"line":100,"column":7}},"28":{"start":{"line":98,"column":8},"end":{"line":98,"column":59}},"29":{"start":{"line":99,"column":8},"end":{"line":99,"column":35}},"30":{"start":{"line":101,"column":6},"end":{"line":104,"column":7}},"31":{"start":{"line":102,"column":8},"end":{"line":102,"column":58}},"32":{"start":{"line":103,"column":8},"end":{"line":103,"column":37}},"33":{"start":{"line":105,"column":6},"end":{"line":108,"column":7}},"34":{"start":{"line":106,"column":8},"end":{"line":106,"column":60}},"35":{"start":{"line":107,"column":8},"end":{"line":107,"column":37}},"36":{"start":{"line":109,"column":6},"end":{"line":112,"column":7}},"37":{"start":{"line":110,"column":8},"end":{"line":110,"column":60}},"38":{"start":{"line":111,"column":8},"end":{"line":111,"column":35}},"39":{"start":{"line":114,"column":20},"end":{"line":114,"column":41}},"40":{"start":{"line":119,"column":22},"end":{"line":125,"column":8}},"41":{"start":{"line":126,"column":25},"end":{"line":126,"column":51}},"42":{"start":{"line":128,"column":23},"end":{"line":128,"column":88}},"43":{"start":{"line":130,"column":40},"end":{"line":133,"column":8}},"44":{"start":{"line":135,"column":19},"end":{"line":135,"column":65}},"45":{"start":{"line":135,"column":46},"end":{"line":135,"column":64}},"46":{"start":{"line":136,"column":20},"end":{"line":136,"column":59}},"47":{"start":{"line":138,"column":6},"end":{"line":138,"column":42}},"48":{"start":{"line":140,"column":6},"end":{"line":140,"column":23}},"49":{"start":{"line":145,"column":21},"end":{"line":145,"column":39}},"50":{"start":{"line":146,"column":4},"end":{"line":148,"column":5}},"51":{"start":{"line":147,"column":6},"end":{"line":147,"column":73}},"52":{"start":{"line":150,"column":19},"end":{"line":150,"column":44}},"53":{"start":{"line":151,"column":4},"end":{"line":192,"column":5}},"54":{"start":{"line":152,"column":6},"end":{"line":152,"column":74}},"55":{"start":{"line":154,"column":21},"end":{"line":158,"column":null}},"56":{"start":{"line":161,"column":6},"end":{"line":163,"column":7}},"57":{"start":{"line":162,"column":8},"end":{"line":162,"column":61}},"58":{"start":{"line":165,"column":18},"end":{"line":165,"column":32}},"59":{"start":{"line":166,"column":18},"end":{"line":166,"column":36}},"60":{"start":{"line":172,"column":25},"end":{"line":177,"column":8}},"61":{"start":{"line":179,"column":20},"end":{"line":179,"column":43}},"62":{"start":{"line":180,"column":6},"end":{"line":189,"column":8}},"63":{"start":{"line":191,"column":6},"end":{"line":191,"column":23}},"64":{"start":{"line":198,"column":21},"end":{"line":198,"column":39}},"65":{"start":{"line":202,"column":19},"end":{"line":202,"column":44}},"66":{"start":{"line":203,"column":4},"end":{"line":272,"column":5}},"67":{"start":{"line":204,"column":6},"end":{"line":204,"column":74}},"68":{"start":{"line":206,"column":30},"end":{"line":206,"column":48}},"69":{"start":{"line":207,"column":28},"end":{"line":207,"column":38}},"70":{"start":{"line":209,"column":6},"end":{"line":212,"column":7}},"71":{"start":{"line":210,"column":8},"end":{"line":210,"column":57}},"72":{"start":{"line":211,"column":8},"end":{"line":211,"column":40}},"73":{"start":{"line":213,"column":6},"end":{"line":216,"column":7}},"74":{"start":{"line":214,"column":8},"end":{"line":214,"column":56}},"75":{"start":{"line":215,"column":8},"end":{"line":215,"column":39}},"76":{"start":{"line":217,"column":6},"end":{"line":220,"column":7}},"77":{"start":{"line":218,"column":8},"end":{"line":218,"column":58}},"78":{"start":{"line":219,"column":8},"end":{"line":219,"column":39}},"79":{"start":{"line":221,"column":6},"end":{"line":224,"column":7}},"80":{"start":{"line":222,"column":8},"end":{"line":222,"column":58}},"81":{"start":{"line":223,"column":8},"end":{"line":223,"column":37}},"82":{"start":{"line":226,"column":18},"end":{"line":231,"column":8}},"83":{"start":{"line":232,"column":21},"end":{"line":232,"column":52}},"84":{"start":{"line":235,"column":21},"end":{"line":235,"column":57}},"85":{"start":{"line":236,"column":6},"end":{"line":247,"column":7}},"86":{"start":{"line":237,"column":20},"end":{"line":237,"column":56}},"87":{"start":{"line":238,"column":8},"end":{"line":238,"column":50}},"88":{"start":{"line":238,"column":30},"end":{"line":238,"column":50}},"89":{"start":{"line":239,"column":8},"end":{"line":246,"column":11}},"90":{"start":{"line":249,"column":27},"end":{"line":249,"column":28}},"91":{"start":{"line":250,"column":6},"end":{"line":262,"column":7}},"92":{"start":{"line":251,"column":18},"end":{"line":251,"column":45}},"93":{"start":{"line":252,"column":8},"end":{"line":252,"column":43}},"94":{"start":{"line":253,"column":8},"end":{"line":261,"column":9}},"95":{"start":{"line":254,"column":10},"end":{"line":260,"column":12}},"96":{"start":{"line":264,"column":6},"end":{"line":269,"column":8}},"97":{"start":{"line":271,"column":6},"end":{"line":271,"column":23}},"98":{"start":{"line":276,"column":4},"end":{"line":288,"column":6}},"99":{"start":{"line":35,"column":13},"end":{"line":35,"column":25}},"100":{"start":{"line":35,"column":13},"end":{"line":290,"column":null}}},"fnMap":{"0":{"name":"(anonymous_4)","decl":{"start":{"line":36,"column":2},"end":{"line":36,"column":null}},"loc":{"start":{"line":38,"column":45},"end":{"line":39,"column":6}}},"1":{"name":"(anonymous_5)","decl":{"start":{"line":41,"column":10},"end":{"line":41,"column":21}},"loc":{"start":{"line":41,"column":21},"end":{"line":50,"column":3}}},"2":{"name":"(anonymous_6)","decl":{"start":{"line":76,"column":2},"end":{"line":76,"column":7}},"loc":{"start":{"line":76,"column":37},"end":{"line":142,"column":3}}},"3":{"name":"(anonymous_7)","decl":{"start":{"line":135,"column":39},"end":{"line":135,"column":42}},"loc":{"start":{"line":135,"column":46},"end":{"line":135,"column":64}}},"4":{"name":"(anonymous_8)","decl":{"start":{"line":144,"column":2},"end":{"line":144,"column":7}},"loc":{"start":{"line":144,"column":26},"end":{"line":193,"column":3}}},"5":{"name":"(anonymous_9)","decl":{"start":{"line":195,"column":2},"end":{"line":195,"column":7}},"loc":{"start":{"line":196,"column":90},"end":{"line":273,"column":3}}},"6":{"name":"(anonymous_10)","decl":{"start":{"line":275,"column":10},"end":{"line":275,"column":18}},"loc":{"start":{"line":275,"column":27},"end":{"line":289,"column":3}}}},"branchMap":{"0":{"loc":{"start":{"line":46,"column":4},"end":{"line":48,"column":5}},"type":"if","locations":[{"start":{"line":46,"column":4},"end":{"line":48,"column":5}}]},"1":{"loc":{"start":{"line":78,"column":29},"end":{"line":78,"column":44}},"type":"binary-expr","locations":[{"start":{"line":78,"column":29},"end":{"line":78,"column":39}},{"start":{"line":78,"column":43},"end":{"line":78,"column":44}}]},"2":{"loc":{"start":{"line":79,"column":44},"end":{"line":79,"column":61}},"type":"binary-expr","locations":[{"start":{"line":79,"column":44},"end":{"line":79,"column":55}},{"start":{"line":79,"column":59},"end":{"line":79,"column":61}}]},"3":{"loc":{"start":{"line":89,"column":6},"end":{"line":92,"column":7}},"type":"if","locations":[{"start":{"line":89,"column":6},"end":{"line":92,"column":7}}]},"4":{"loc":{"start":{"line":93,"column":6},"end":{"line":96,"column":7}},"type":"if","locations":[{"start":{"line":93,"column":6},"end":{"line":96,"column":7}}]},"5":{"loc":{"start":{"line":97,"column":6},"end":{"line":100,"column":7}},"type":"if","locations":[{"start":{"line":97,"column":6},"end":{"line":100,"column":7}}]},"6":{"loc":{"start":{"line":101,"column":6},"end":{"line":104,"column":7}},"type":"if","locations":[{"start":{"line":101,"column":6},"end":{"line":104,"column":7}}]},"7":{"loc":{"start":{"line":105,"column":6},"end":{"line":108,"column":7}},"type":"if","locations":[{"start":{"line":105,"column":6},"end":{"line":108,"column":7}}]},"8":{"loc":{"start":{"line":109,"column":6},"end":{"line":112,"column":7}},"type":"if","locations":[{"start":{"line":109,"column":6},"end":{"line":112,"column":7}}]},"9":{"loc":{"start":{"line":146,"column":4},"end":{"line":148,"column":5}},"type":"if","locations":[{"start":{"line":146,"column":4},"end":{"line":148,"column":5}}]},"10":{"loc":{"start":{"line":146,"column":8},"end":{"line":146,"column":32}},"type":"binary-expr","locations":[{"start":{"line":146,"column":8},"end":{"line":146,"column":11}},{"start":{"line":146,"column":15},"end":{"line":146,"column":32}}]},"11":{"loc":{"start":{"line":161,"column":6},"end":{"line":163,"column":7}},"type":"if","locations":[{"start":{"line":161,"column":6},"end":{"line":163,"column":7}}]},"12":{"loc":{"start":{"line":182,"column":20},"end":{"line":188,"column":null}},"type":"cond-expr","locations":[{"start":{"line":183,"column":12},"end":{"line":183,"column":55}},{"start":{"line":184,"column":12},"end":{"line":188,"column":null}}]},"13":{"loc":{"start":{"line":209,"column":6},"end":{"line":212,"column":7}},"type":"if","locations":[{"start":{"line":209,"column":6},"end":{"line":212,"column":7}}]},"14":{"loc":{"start":{"line":213,"column":6},"end":{"line":216,"column":7}},"type":"if","locations":[{"start":{"line":213,"column":6},"end":{"line":216,"column":7}}]},"15":{"loc":{"start":{"line":217,"column":6},"end":{"line":220,"column":7}},"type":"if","locations":[{"start":{"line":217,"column":6},"end":{"line":220,"column":7}}]},"16":{"loc":{"start":{"line":221,"column":6},"end":{"line":224,"column":7}},"type":"if","locations":[{"start":{"line":221,"column":6},"end":{"line":224,"column":7}}]},"17":{"loc":{"start":{"line":238,"column":8},"end":{"line":238,"column":50}},"type":"if","locations":[{"start":{"line":238,"column":8},"end":{"line":238,"column":50}}]},"18":{"loc":{"start":{"line":253,"column":8},"end":{"line":261,"column":9}},"type":"if","locations":[{"start":{"line":253,"column":8},"end":{"line":261,"column":9}}]},"19":{"loc":{"start":{"line":257,"column":22},"end":{"line":257,"column":69}},"type":"cond-expr","locations":[{"start":{"line":257,"column":44},"end":{"line":257,"column":62}},{"start":{"line":257,"column":65},"end":{"line":257,"column":69}}]},"20":{"loc":{"start":{"line":37,"column":37},"end":{"line":37,"column":null}},"type":"cond-expr","locations":[{"start":{"line":37,"column":41},"end":{"line":37,"column":null}},{"start":{"line":37,"column":41},"end":{"line":37,"column":null}}]},"21":{"loc":{"start":{"line":37,"column":37},"end":{"line":37,"column":41}},"type":"binary-expr","locations":[{"start":{"line":37,"column":37},"end":{"line":37,"column":null}},{"start":{"line":37,"column":37},"end":{"line":37,"column":41}}]}},"s":{"0":1,"1":1,"2":1,"3":1,"4":1,"5":17,"6":17,"7":16,"8":16,"9":1,"10":15,"11":17,"12":8,"13":7,"14":7,"15":7,"16":7,"17":7,"18":7,"19":7,"20":7,"21":7,"22":1,"23":1,"24":7,"25":1,"26":1,"27":7,"28":1,"29":1,"30":7,"31":1,"32":1,"33":7,"34":1,"35":1,"36":7,"37":1,"38":1,"39":7,"40":7,"41":7,"42":7,"43":7,"44":6,"45":1,"46":6,"47":6,"48":7,"49":4,"50":4,"51":1,"52":3,"53":3,"54":3,"55":3,"56":3,"57":1,"58":2,"59":2,"60":2,"61":2,"62":2,"63":3,"64":4,"65":4,"66":4,"67":4,"68":4,"69":4,"70":4,"71":1,"72":1,"73":4,"74":2,"75":2,"76":4,"77":0,"78":0,"79":4,"80":0,"81":0,"82":4,"83":4,"84":4,"85":4,"86":8,"87":8,"88":5,"89":8,"90":4,"91":4,"92":5,"93":5,"94":5,"95":2,"96":2,"97":4,"98":3,"99":1,"100":1},"f":{"0":17,"1":16,"2":8,"3":1,"4":4,"5":4,"6":3},"b":{"0":[1],"1":[7,7],"2":[7,6],"3":[1],"4":[1],"5":[1],"6":[1],"7":[1],"8":[1],"9":[1],"10":[4,4],"11":[1],"12":[1,1],"13":[1],"14":[2],"15":[0],"16":[0],"17":[5],"18":[2],"19":[2,0],"20":[1,0],"21":[1,1]}}
,"C:\\Users\\venda\\Documents\\funil-gps\\packages\\backend\\src\\modules\\audit\\dto\\audit-entry.dto.ts": {"path":"C:\\Users\\venda\\Documents\\funil-gps\\packages\\backend\\src\\modules\\audit\\dto\\audit-entry.dto.ts","statementMap":{"0":{"start":{"line":13,"column":0},"end":{"line":13,"column":13}},"1":{"start":{"line":33,"column":0},"end":{"line":33,"column":13}},"2":{"start":{"line":48,"column":0},"end":{"line":48,"column":13}},"3":{"start":{"line":70,"column":0},"end":{"line":70,"column":13}},"4":{"start":{"line":83,"column":0},"end":{"line":83,"column":13}}},"fnMap":{},"branchMap":{},"s":{"0":0,"1":0,"2":0,"3":0,"4":0},"f":{},"b":{}}
,"C:\\Users\\venda\\Documents\\funil-gps\\packages\\backend\\src\\utils\\audit-hash.ts": {"path":"C:\\Users\\venda\\Documents\\funil-gps\\packages\\backend\\src\\utils\\audit-hash.ts","statementMap":{"0":{"start":{"line":40,"column":0},"end":{"line":40,"column":16}},"1":{"start":{"line":73,"column":0},"end":{"line":73,"column":16}},"2":{"start":{"line":124,"column":0},"end":{"line":124,"column":16}},"3":{"start":{"line":27,"column":0},"end":{"line":27,"column":36}},"4":{"start":{"line":41,"column":2},"end":{"line":41,"column":55}},"5":{"start":{"line":41,"column":45},"end":{"line":41,"column":55}},"6":{"start":{"line":42,"column":2},"end":{"line":42,"column":62}},"7":{"start":{"line":42,"column":33},"end":{"line":42,"column":62}},"8":{"start":{"line":43,"column":2},"end":{"line":45,"column":3}},"9":{"start":{"line":44,"column":4},"end":{"line":44,"column":58}},"10":{"start":{"line":46,"column":14},"end":{"line":46,"column":46}},"11":{"start":{"line":47,"column":15},"end":{"line":47,"column":38}},"12":{"start":{"line":48,"column":16},"end":{"line":48,"column":78}},"13":{"start":{"line":48,"column":30},"end":{"line":48,"column":77}},"14":{"start":{"line":49,"column":2},"end":{"line":49,"column":37}},"15":{"start":{"line":74,"column":54},"end":{"line":74,"column":59}},"16":{"start":{"line":76,"column":17},"end":{"line":76,"column":91}},"17":{"start":{"line":77,"column":17},"end":{"line":77,"column":91}},"18":{"start":{"line":78,"column":16},"end":{"line":78,"column":87}},"19":{"start":{"line":85,"column":18},"end":{"line":85,"column":60}},"20":{"start":{"line":86,"column":2},"end":{"line":86,"column":68}},"21":{"start":{"line":125,"column":2},"end":{"line":127,"column":3}},"22":{"start":{"line":126,"column":4},"end":{"line":126,"column":62}},"23":{"start":{"line":129,"column":21},"end":{"line":129,"column":23}},"24":{"start":{"line":131,"column":2},"end":{"line":165,"column":3}},"25":{"start":{"line":131,"column":15},"end":{"line":131,"column":16}},"26":{"start":{"line":132,"column":14},"end":{"line":132,"column":24}},"27":{"start":{"line":135,"column":4},"end":{"line":145,"column":5}},"28":{"start":{"line":136,"column":6},"end":{"line":144,"column":8}},"29":{"start":{"line":148,"column":23},"end":{"line":153,"column":6}},"30":{"start":{"line":155,"column":4},"end":{"line":162,"column":5}},"31":{"start":{"line":156,"column":6},"end":{"line":161,"column":8}},"32":{"start":{"line":164,"column":4},"end":{"line":164,"column":26}},"33":{"start":{"line":167,"column":2},"end":{"line":167,"column":73}}},"fnMap":{"0":{"name":"canonicalJson","decl":{"start":{"line":40,"column":16},"end":{"line":40,"column":29}},"loc":{"start":{"line":40,"column":44},"end":{"line":50,"column":1}}},"1":{"name":"(anonymous_1)","decl":{"start":{"line":48,"column":25},"end":{"line":48,"column":26}},"loc":{"start":{"line":48,"column":30},"end":{"line":48,"column":77}}},"2":{"name":"computeAuditHash","decl":{"start":{"line":73,"column":16},"end":{"line":73,"column":32}},"loc":{"start":{"line":73,"column":54},"end":{"line":87,"column":1}}},"3":{"name":"validateAuditChain","decl":{"start":{"line":124,"column":16},"end":{"line":124,"column":34}},"loc":{"start":{"line":124,"column":61},"end":{"line":168,"column":1}}}},"branchMap":{"0":{"loc":{"start":{"line":41,"column":2},"end":{"line":41,"column":55}},"type":"if","locations":[{"start":{"line":41,"column":2},"end":{"line":41,"column":55}}]},"1":{"loc":{"start":{"line":41,"column":6},"end":{"line":41,"column":43}},"type":"binary-expr","locations":[{"start":{"line":41,"column":6},"end":{"line":41,"column":20}},{"start":{"line":41,"column":24},"end":{"line":41,"column":43}}]},"2":{"loc":{"start":{"line":42,"column":2},"end":{"line":42,"column":62}},"type":"if","locations":[{"start":{"line":42,"column":2},"end":{"line":42,"column":62}}]},"3":{"loc":{"start":{"line":43,"column":2},"end":{"line":45,"column":3}},"type":"if","locations":[{"start":{"line":43,"column":2},"end":{"line":45,"column":3}}]},"4":{"loc":{"start":{"line":76,"column":17},"end":{"line":76,"column":91}},"type":"cond-expr","locations":[{"start":{"line":76,"column":63},"end":{"line":76,"column":65}},{"start":{"line":76,"column":68},"end":{"line":76,"column":91}}]},"5":{"loc":{"start":{"line":76,"column":17},"end":{"line":76,"column":60}},"type":"binary-expr","locations":[{"start":{"line":76,"column":17},"end":{"line":76,"column":34}},{"start":{"line":76,"column":38},"end":{"line":76,"column":60}}]},"6":{"loc":{"start":{"line":77,"column":17},"end":{"line":77,"column":91}},"type":"cond-expr","locations":[{"start":{"line":77,"column":63},"end":{"line":77,"column":65}},{"start":{"line":77,"column":68},"end":{"line":77,"column":91}}]},"7":{"loc":{"start":{"line":77,"column":17},"end":{"line":77,"column":60}},"type":"binary-expr","locations":[{"start":{"line":77,"column":17},"end":{"line":77,"column":34}},{"start":{"line":77,"column":38},"end":{"line":77,"column":60}}]},"8":{"loc":{"start":{"line":78,"column":16},"end":{"line":78,"column":87}},"type":"cond-expr","locations":[{"start":{"line":78,"column":44},"end":{"line":78,"column":67}},{"start":{"line":78,"column":70},"end":{"line":78,"column":87}}]},"9":{"loc":{"start":{"line":85,"column":19},"end":{"line":85,"column":33}},"type":"binary-expr","locations":[{"start":{"line":85,"column":19},"end":{"line":85,"column":27}},{"start":{"line":85,"column":31},"end":{"line":85,"column":33}}]},"10":{"loc":{"start":{"line":125,"column":2},"end":{"line":127,"column":3}},"type":"if","locations":[{"start":{"line":125,"column":2},"end":{"line":127,"column":3}}]},"11":{"loc":{"start":{"line":135,"column":4},"end":{"line":145,"column":5}},"type":"if","locations":[{"start":{"line":135,"column":4},"end":{"line":145,"column":5}}]},"12":{"loc":{"start":{"line":141,"column":10},"end":{"line":143,"column":88}},"type":"cond-expr","locations":[{"start":{"line":142,"column":14},"end":{"line":142,"column":76}},{"start":{"line":143,"column":14},"end":{"line":143,"column":88}}]},"13":{"loc":{"start":{"line":155,"column":4},"end":{"line":162,"column":5}},"type":"if","locations":[{"start":{"line":155,"column":4},"end":{"line":162,"column":5}}]}},"s":{"0":2,"1":2,"2":2,"3":2,"4":299,"5":2,"6":297,"7":156,"8":141,"9":2,"10":139,"11":139,"12":139,"13":151,"14":139,"15":81,"16":81,"17":81,"18":81,"19":81,"20":81,"21":13,"22":1,"23":12,"24":12,"25":12,"26":28,"27":28,"28":3,"29":25,"30":25,"31":5,"32":20,"33":4},"f":{"0":299,"1":151,"2":81,"3":13},"b":{"0":[2],"1":[299,298],"2":[156],"3":[2],"4":[31,50],"5":[81,50],"6":[0,81],"7":[81,81],"8":[59,22],"9":[81,0],"10":[1],"11":[3],"12":[1,2],"13":[5]}}
}
