TN:
SF:src\modules\audit\audit.controller.ts
FN:33,(anonymous_4)
FN:36,(anonymous_5)
FN:59,(anonymous_6)
FN:74,(anonymous_7)
FNF:4
FNH:0
FNDA:0,(anonymous_4)
FNDA:0,(anonymous_5)
FNDA:0,(anonymous_6)
FNDA:0,(anonymous_7)
DA:1,0
DA:10,0
DA:11,0
DA:32,0
DA:33,0
DA:36,0
DA:46,0
DA:59,0
DA:65,0
DA:74,0
DA:75,0
LF:11
LH:0
BRF:0
BRH:0
end_of_record
TN:
SF:src\modules\audit\audit.module.ts
FNF:0
FNH:0
DA:1,0
DA:2,0
DA:3,0
DA:4,0
DA:20,0
LF:5
LH:0
BRF:0
BRH:0
end_of_record
TN:
SF:src\modules\audit\audit.service.ts
FN:36,(anonymous_4)
FN:41,(anonymous_5)
FN:76,(anonymous_6)
FN:135,(anonymous_7)
FN:144,(anonymous_8)
FN:195,(anonymous_9)
FN:275,(anonymous_10)
FNF:7
FNH:7
FNDA:17,(anonymous_4)
FNDA:16,(anonymous_5)
FNDA:8,(anonymous_6)
FNDA:1,(anonymous_7)
FNDA:4,(anonymous_8)
FNDA:4,(anonymous_9)
FNDA:3,(anonymous_10)
DA:1,1
DA:7,1
DA:8,1
DA:17,1
DA:35,1
DA:37,17
DA:38,17
DA:45,16
DA:46,16
DA:47,1
DA:49,15
DA:60,17
DA:77,8
DA:78,7
DA:79,7
DA:80,7
DA:82,7
DA:83,7
DA:84,7
DA:86,7
DA:87,7
DA:89,7
DA:90,1
DA:91,1
DA:93,7
DA:94,1
DA:95,1
DA:97,7
DA:98,1
DA:99,1
DA:101,7
DA:102,1
DA:103,1
DA:105,7
DA:106,1
DA:107,1
DA:109,7
DA:110,1
DA:111,1
DA:114,7
DA:119,7
DA:126,7
DA:128,7
DA:130,7
DA:135,6
DA:136,6
DA:138,6
DA:140,7
DA:145,4
DA:146,4
DA:147,1
DA:150,3
DA:151,3
DA:152,3
DA:154,3
DA:161,3
DA:162,1
DA:165,2
DA:166,2
DA:172,2
DA:179,2
DA:180,2
DA:191,3
DA:198,4
DA:202,4
DA:203,4
DA:204,4
DA:206,4
DA:207,4
DA:209,4
DA:210,1
DA:211,1
DA:213,4
DA:214,2
DA:215,2
DA:217,4
DA:218,0
DA:219,0
DA:221,4
DA:222,0
DA:223,0
DA:226,4
DA:232,4
DA:235,4
DA:236,4
DA:237,8
DA:238,8
DA:239,8
DA:249,4
DA:250,4
DA:251,5
DA:252,5
DA:253,5
DA:254,2
DA:264,2
DA:271,4
DA:276,3
LF:97
LH:93
BRDA:46,0,0,1
BRDA:78,1,0,7
BRDA:78,1,1,7
BRDA:79,2,0,7
BRDA:79,2,1,6
BRDA:89,3,0,1
BRDA:93,4,0,1
BRDA:97,5,0,1
BRDA:101,6,0,1
BRDA:105,7,0,1
BRDA:109,8,0,1
BRDA:146,9,0,1
BRDA:146,10,0,4
BRDA:146,10,1,4
BRDA:161,11,0,1
BRDA:182,12,0,1
BRDA:182,12,1,1
BRDA:209,13,0,1
BRDA:213,14,0,2
BRDA:217,15,0,0
BRDA:221,16,0,0
BRDA:238,17,0,5
BRDA:253,18,0,2
BRDA:257,19,0,2
BRDA:257,19,1,0
BRDA:37,20,0,1
BRDA:37,20,1,0
BRDA:37,21,0,1
BRDA:37,21,1,1
BRF:29
BRH:25
end_of_record
TN:
SF:src\modules\audit\dto\audit-entry.dto.ts
FNF:0
FNH:0
DA:13,0
DA:33,0
DA:48,0
DA:70,0
DA:83,0
LF:5
LH:0
BRF:0
BRH:0
end_of_record
TN:
SF:src\utils\audit-hash.ts
FN:40,canonicalJson
FN:48,(anonymous_1)
FN:73,computeAuditHash
FN:124,validateAuditChain
FNF:4
FNH:4
FNDA:299,canonicalJson
FNDA:151,(anonymous_1)
FNDA:81,computeAuditHash
FNDA:13,validateAuditChain
DA:27,2
DA:40,2
DA:41,299
DA:42,297
DA:43,141
DA:44,2
DA:46,139
DA:47,139
DA:48,151
DA:49,139
DA:73,2
DA:74,81
DA:76,81
DA:77,81
DA:78,81
DA:85,81
DA:86,81
DA:124,2
DA:125,13
DA:126,1
DA:129,12
DA:131,12
DA:132,28
DA:135,28
DA:136,3
DA:148,25
DA:155,25
DA:156,5
DA:164,20
DA:167,4
LF:30
LH:30
BRDA:41,0,0,2
BRDA:41,1,0,299
BRDA:41,1,1,298
BRDA:42,2,0,156
BRDA:43,3,0,2
BRDA:76,4,0,31
BRDA:76,4,1,50
BRDA:76,5,0,81
BRDA:76,5,1,50
BRDA:77,6,0,0
BRDA:77,6,1,81
BRDA:77,7,0,81
BRDA:77,7,1,81
BRDA:78,8,0,59
BRDA:78,8,1,22
BRDA:85,9,0,81
BRDA:85,9,1,0
BRDA:125,10,0,1
BRDA:135,11,0,3
BRDA:141,12,0,1
BRDA:141,12,1,2
BRDA:155,13,0,5
BRF:22
BRH:20
end_of_record
