{"C:\\Users\\venda\\Documents\\funil-gps\\api\\advanced-audit-engine.js": {"path":"C:\\Users\\venda\\Documents\\funil-gps\\api\\advanced-audit-engine.js","statementMap":{"0":{"start":{"line":10,"column":4},"end":{"line":10,"column":23}},"1":{"start":{"line":11,"column":4},"end":{"line":11,"column":47}},"2":{"start":{"line":15,"column":4},"end":{"line":71,"column":7}},"3":{"start":{"line":16,"column":20},"end":{"line":43,"column":7}},"4":{"start":{"line":45,"column":6},"end":{"line":70,"column":9}},"5":{"start":{"line":46,"column":8},"end":{"line":46,"column":36}},"6":{"start":{"line":46,"column":17},"end":{"line":46,"column":36}},"7":{"start":{"line":48,"column":29},"end":{"line":62,"column":11}},"8":{"start":{"line":48,"column":44},"end":{"line":62,"column":9}},"9":{"start":{"line":64,"column":8},"end":{"line":69,"column":11}},"10":{"start":{"line":77,"column":4},"end":{"line":77,"column":23}},"11":{"start":{"line":78,"column":4},"end":{"line":78,"column":44}},"12":{"start":{"line":82,"column":4},"end":{"line":115,"column":7}},"13":{"start":{"line":84,"column":20},"end":{"line":89,"column":7}},"14":{"start":{"line":91,"column":6},"end":{"line":114,"column":9}},"15":{"start":{"line":92,"column":8},"end":{"line":92,"column":36}},"16":{"start":{"line":92,"column":17},"end":{"line":92,"column":36}},"17":{"start":{"line":94,"column":27},"end":{"line":94,"column":97}},"18":{"start":{"line":94,"column":73},"end":{"line":94,"column":93}},"19":{"start":{"line":95,"column":26},"end":{"line":95,"column":97}},"20":{"start":{"line":95,"column":72},"end":{"line":95,"column":93}},"21":{"start":{"line":96,"column":33},"end":{"line":96,"column":101}},"22":{"start":{"line":96,"column":79},"end":{"line":96,"column":97}},"23":{"start":{"line":99,"column":32},"end":{"line":99,"column":73}},"24":{"start":{"line":100,"column":31},"end":{"line":100,"column":65}},"25":{"start":{"line":102,"column":8},"end":{"line":113,"column":11}},"26":{"start":{"line":121,"column":4},"end":{"line":121,"column":23}},"27":{"start":{"line":122,"column":4},"end":{"line":122,"column":37}},"28":{"start":{"line":126,"column":4},"end":{"line":223,"column":7}},"29":{"start":{"line":128,"column":26},"end":{"line":135,"column":7}},"30":{"start":{"line":137,"column":6},"end":{"line":222,"column":9}},"31":{"start":{"line":138,"column":8},"end":{"line":138,"column":36}},"32":{"start":{"line":138,"column":17},"end":{"line":138,"column":36}},"33":{"start":{"line":140,"column":31},"end":{"line":147,"column":9}},"34":{"start":{"line":150,"column":26},"end":{"line":150,"column":28}},"35":{"start":{"line":151,"column":25},"end":{"line":151,"column":26}},"36":{"start":{"line":152,"column":28},"end":{"line":152,"column":40}},"37":{"start":{"line":155,"column":8},"end":{"line":206,"column":11}},"38":{"start":{"line":156,"column":30},"end":{"line":157,"column":95}},"39":{"start":{"line":161,"column":25},"end":{"line":161,"column":26}},"40":{"start":{"line":162,"column":10},"end":{"line":165,"column":11}},"41":{"start":{"line":163,"column":12},"end":{"line":163,"column":78}},"42":{"start":{"line":164,"column":12},"end":{"line":164,"column":25}},"43":{"start":{"line":167,"column":30},"end":{"line":167,"column":53}},"44":{"start":{"line":169,"column":10},"end":{"line":183,"column":13}},"45":{"start":{"line":186,"column":10},"end":{"line":198,"column":11}},"46":{"start":{"line":187,"column":12},"end":{"line":197,"column":14}},"47":{"start":{"line":200,"column":10},"end":{"line":200,"column":75}},"48":{"start":{"line":201,"column":10},"end":{"line":201,"column":84}},"49":{"start":{"line":202,"column":10},"end":{"line":202,"column":80}},"50":{"start":{"line":203,"column":10},"end":{"line":203,"column":81}},"51":{"start":{"line":204,"column":10},"end":{"line":204,"column":87}},"52":{"start":{"line":205,"column":10},"end":{"line":205,"column":90}},"53":{"start":{"line":208,"column":8},"end":{"line":219,"column":10}},"54":{"start":{"line":221,"column":8},"end":{"line":221,"column":32}},"55":{"start":{"line":229,"column":4},"end":{"line":229,"column":23}},"56":{"start":{"line":230,"column":4},"end":{"line":230,"column":43}},"57":{"start":{"line":234,"column":21},"end":{"line":239,"column":5}},"58":{"start":{"line":242,"column":4},"end":{"line":291,"column":7}},"59":{"start":{"line":243,"column":6},"end":{"line":254,"column":7}},"60":{"start":{"line":244,"column":8},"end":{"line":253,"column":11}},"61":{"start":{"line":257,"column":6},"end":{"line":269,"column":7}},"62":{"start":{"line":258,"column":8},"end":{"line":268,"column":11}},"63":{"start":{"line":272,"column":30},"end":{"line":276,"column":25}},"64":{"start":{"line":278,"column":28},"end":{"line":278,"column":50}},"65":{"start":{"line":279,"column":6},"end":{"line":290,"column":7}},"66":{"start":{"line":280,"column":8},"end":{"line":289,"column":11}},"67":{"start":{"line":294,"column":28},"end":{"line":294,"column":30}},"68":{"start":{"line":295,"column":4},"end":{"line":299,"column":7}},"69":{"start":{"line":296,"column":18},"end":{"line":296,"column":49}},"70":{"start":{"line":297,"column":6},"end":{"line":297,"column":59}},"71":{"start":{"line":297,"column":33},"end":{"line":297,"column":59}},"72":{"start":{"line":298,"column":6},"end":{"line":298,"column":35}},"73":{"start":{"line":301,"column":4},"end":{"line":320,"column":7}},"74":{"start":{"line":302,"column":6},"end":{"line":319,"column":7}},"75":{"start":{"line":303,"column":22},"end":{"line":303,"column":63}},"76":{"start":{"line":303,"column":37},"end":{"line":303,"column":62}},"77":{"start":{"line":304,"column":28},"end":{"line":306,"column":10}},"78":{"start":{"line":305,"column":10},"end":{"line":305,"column":68}},"79":{"start":{"line":308,"column":8},"end":{"line":318,"column":9}},"80":{"start":{"line":309,"column":10},"end":{"line":317,"column":13}},"81":{"start":{"line":312,"column":41},"end":{"line":312,"column":57}},"82":{"start":{"line":314,"column":37},"end":{"line":314,"column":52}},"83":{"start":{"line":323,"column":4},"end":{"line":337,"column":7}},"84":{"start":{"line":324,"column":26},"end":{"line":324,"column":73}},"85":{"start":{"line":325,"column":6},"end":{"line":336,"column":7}},"86":{"start":{"line":326,"column":8},"end":{"line":335,"column":11}},"87":{"start":{"line":339,"column":4},"end":{"line":356,"column":6}},"88":{"start":{"line":362,"column":4},"end":{"line":362,"column":45}},"89":{"start":{"line":366,"column":21},"end":{"line":389,"column":5}},"90":{"start":{"line":392,"column":21},"end":{"line":392,"column":23}},"91":{"start":{"line":393,"column":4},"end":{"line":416,"column":7}},"92":{"start":{"line":394,"column":6},"end":{"line":405,"column":7}},"93":{"start":{"line":395,"column":8},"end":{"line":404,"column":10}},"94":{"start":{"line":406,"column":6},"end":{"line":406,"column":33}},"95":{"start":{"line":407,"column":6},"end":{"line":407,"column":55}},"96":{"start":{"line":408,"column":6},"end":{"line":408,"column":55}},"97":{"start":{"line":409,"column":6},"end":{"line":409,"column":51}},"98":{"start":{"line":411,"column":6},"end":{"line":415,"column":7}},"99":{"start":{"line":412,"column":31},"end":{"line":412,"column":135}},"100":{"start":{"line":412,"column":75},"end":{"line":412,"column":112}},"101":{"start":{"line":413,"column":8},"end":{"line":413,"column":54}},"102":{"start":{"line":414,"column":8},"end":{"line":414,"column":70}},"103":{"start":{"line":418,"column":4},"end":{"line":421,"column":7}},"104":{"start":{"line":419,"column":6},"end":{"line":419,"column":83}},"105":{"start":{"line":420,"column":6},"end":{"line":420,"column":40}},"106":{"start":{"line":424,"column":26},"end":{"line":424,"column":66}},"107":{"start":{"line":425,"column":22},"end":{"line":425,"column":58}},"108":{"start":{"line":427,"column":4},"end":{"line":427,"column":97}},"109":{"start":{"line":428,"column":4},"end":{"line":428,"column":105}},"110":{"start":{"line":429,"column":4},"end":{"line":429,"column":124}},"111":{"start":{"line":432,"column":4},"end":{"line":439,"column":5}},"112":{"start":{"line":433,"column":6},"end":{"line":438,"column":9}},"113":{"start":{"line":441,"column":4},"end":{"line":448,"column":5}},"114":{"start":{"line":442,"column":6},"end":{"line":447,"column":9}},"115":{"start":{"line":450,"column":4},"end":{"line":457,"column":5}},"116":{"start":{"line":451,"column":6},"end":{"line":456,"column":9}},"117":{"start":{"line":459,"column":4},"end":{"line":459,"column":20}},"118":{"start":{"line":465,"column":4},"end":{"line":465,"column":23}},"119":{"start":{"line":466,"column":4},"end":{"line":466,"column":61}},"120":{"start":{"line":467,"column":4},"end":{"line":467,"column":57}},"121":{"start":{"line":468,"column":4},"end":{"line":468,"column":55}},"122":{"start":{"line":469,"column":4},"end":{"line":469,"column":51}},"123":{"start":{"line":470,"column":4},"end":{"line":470,"column":47}},"124":{"start":{"line":474,"column":4},"end":{"line":502,"column":5}},"125":{"start":{"line":475,"column":6},"end":{"line":475,"column":78}},"126":{"start":{"line":477,"column":28},"end":{"line":477,"column":58}},"127":{"start":{"line":478,"column":6},"end":{"line":478,"column":100}},"128":{"start":{"line":480,"column":26},"end":{"line":480,"column":70}},"129":{"start":{"line":481,"column":6},"end":{"line":481,"column":73}},"130":{"start":{"line":483,"column":33},"end":{"line":483,"column":93}},"131":{"start":{"line":484,"column":6},"end":{"line":484,"column":113}},"132":{"start":{"line":486,"column":24},"end":{"line":486,"column":68}},"133":{"start":{"line":487,"column":6},"end":{"line":487,"column":115}},"134":{"start":{"line":489,"column":23},"end":{"line":489,"column":108}},"135":{"start":{"line":490,"column":6},"end":{"line":490,"column":74}},"136":{"start":{"line":492,"column":6},"end":{"line":498,"column":8}},"137":{"start":{"line":500,"column":6},"end":{"line":500,"column":73}},"138":{"start":{"line":501,"column":6},"end":{"line":501,"column":18}},"139":{"start":{"line":506,"column":0},"end":{"line":513,"column":2}}},"fnMap":{"0":{"name":"(anonymous_0)","decl":{"start":{"line":9,"column":2},"end":{"line":9,"column":3}},"loc":{"start":{"line":9,"column":24},"end":{"line":12,"column":3}},"line":9},"1":{"name":"(anonymous_1)","decl":{"start":{"line":14,"column":2},"end":{"line":14,"column":3}},"loc":{"start":{"line":14,"column":18},"end":{"line":72,"column":3}},"line":14},"2":{"name":"(anonymous_2)","decl":{"start":{"line":15,"column":23},"end":{"line":15,"column":24}},"loc":{"start":{"line":15,"column":44},"end":{"line":71,"column":5}},"line":15},"3":{"name":"(anonymous_3)","decl":{"start":{"line":45,"column":29},"end":{"line":45,"column":30}},"loc":{"start":{"line":45,"column":44},"end":{"line":70,"column":7}},"line":45},"4":{"name":"(anonymous_4)","decl":{"start":{"line":48,"column":38},"end":{"line":48,"column":39}},"loc":{"start":{"line":48,"column":44},"end":{"line":62,"column":9}},"line":48},"5":{"name":"(anonymous_5)","decl":{"start":{"line":76,"column":2},"end":{"line":76,"column":3}},"loc":{"start":{"line":76,"column":24},"end":{"line":79,"column":3}},"line":76},"6":{"name":"(anonymous_6)","decl":{"start":{"line":81,"column":2},"end":{"line":81,"column":3}},"loc":{"start":{"line":81,"column":32},"end":{"line":116,"column":3}},"line":81},"7":{"name":"(anonymous_7)","decl":{"start":{"line":82,"column":23},"end":{"line":82,"column":24}},"loc":{"start":{"line":82,"column":44},"end":{"line":115,"column":5}},"line":82},"8":{"name":"(anonymous_8)","decl":{"start":{"line":91,"column":29},"end":{"line":91,"column":30}},"loc":{"start":{"line":91,"column":43},"end":{"line":114,"column":7}},"line":91},"9":{"name":"(anonymous_9)","decl":{"start":{"line":94,"column":61},"end":{"line":94,"column":62}},"loc":{"start":{"line":94,"column":73},"end":{"line":94,"column":93}},"line":94},"10":{"name":"(anonymous_10)","decl":{"start":{"line":95,"column":60},"end":{"line":95,"column":61}},"loc":{"start":{"line":95,"column":72},"end":{"line":95,"column":93}},"line":95},"11":{"name":"(anonymous_11)","decl":{"start":{"line":96,"column":67},"end":{"line":96,"column":68}},"loc":{"start":{"line":96,"column":79},"end":{"line":96,"column":97}},"line":96},"12":{"name":"(anonymous_12)","decl":{"start":{"line":120,"column":2},"end":{"line":120,"column":3}},"loc":{"start":{"line":120,"column":24},"end":{"line":123,"column":3}},"line":120},"13":{"name":"(anonymous_13)","decl":{"start":{"line":125,"column":2},"end":{"line":125,"column":3}},"loc":{"start":{"line":125,"column":46},"end":{"line":224,"column":3}},"line":125},"14":{"name":"(anonymous_14)","decl":{"start":{"line":126,"column":23},"end":{"line":126,"column":24}},"loc":{"start":{"line":126,"column":44},"end":{"line":223,"column":5}},"line":126},"15":{"name":"(anonymous_15)","decl":{"start":{"line":137,"column":35},"end":{"line":137,"column":36}},"loc":{"start":{"line":137,"column":52},"end":{"line":222,"column":7}},"line":137},"16":{"name":"(anonymous_16)","decl":{"start":{"line":155,"column":43},"end":{"line":155,"column":44}},"loc":{"start":{"line":155,"column":48},"end":{"line":206,"column":9}},"line":155},"17":{"name":"(anonymous_17)","decl":{"start":{"line":228,"column":2},"end":{"line":228,"column":3}},"loc":{"start":{"line":228,"column":24},"end":{"line":231,"column":3}},"line":228},"18":{"name":"(anonymous_18)","decl":{"start":{"line":233,"column":2},"end":{"line":233,"column":3}},"loc":{"start":{"line":233,"column":34},"end":{"line":357,"column":3}},"line":233},"19":{"name":"(anonymous_19)","decl":{"start":{"line":242,"column":46},"end":{"line":242,"column":47}},"loc":{"start":{"line":242,"column":51},"end":{"line":291,"column":5}},"line":242},"20":{"name":"(anonymous_20)","decl":{"start":{"line":295,"column":46},"end":{"line":295,"column":47}},"loc":{"start":{"line":295,"column":51},"end":{"line":299,"column":5}},"line":295},"21":{"name":"(anonymous_21)","decl":{"start":{"line":301,"column":43},"end":{"line":301,"column":44}},"loc":{"start":{"line":301,"column":52},"end":{"line":320,"column":5}},"line":301},"22":{"name":"(anonymous_22)","decl":{"start":{"line":303,"column":32},"end":{"line":303,"column":33}},"loc":{"start":{"line":303,"column":37},"end":{"line":303,"column":62}},"line":303},"23":{"name":"(anonymous_23)","decl":{"start":{"line":304,"column":50},"end":{"line":304,"column":51}},"loc":{"start":{"line":305,"column":10},"end":{"line":305,"column":68}},"line":305},"24":{"name":"(anonymous_24)","decl":{"start":{"line":312,"column":36},"end":{"line":312,"column":37}},"loc":{"start":{"line":312,"column":41},"end":{"line":312,"column":57}},"line":312},"25":{"name":"(anonymous_25)","decl":{"start":{"line":314,"column":32},"end":{"line":314,"column":33}},"loc":{"start":{"line":314,"column":37},"end":{"line":314,"column":52}},"line":314},"26":{"name":"(anonymous_26)","decl":{"start":{"line":323,"column":59},"end":{"line":323,"column":60}},"loc":{"start":{"line":323,"column":81},"end":{"line":337,"column":5}},"line":323},"27":{"name":"(anonymous_27)","decl":{"start":{"line":361,"column":2},"end":{"line":361,"column":3}},"loc":{"start":{"line":361,"column":16},"end":{"line":363,"column":3}},"line":361},"28":{"name":"(anonymous_28)","decl":{"start":{"line":365,"column":2},"end":{"line":365,"column":3}},"loc":{"start":{"line":365,"column":75},"end":{"line":460,"column":3}},"line":365},"29":{"name":"(anonymous_29)","decl":{"start":{"line":393,"column":39},"end":{"line":393,"column":40}},"loc":{"start":{"line":393,"column":44},"end":{"line":416,"column":5}},"line":393},"30":{"name":"(anonymous_30)","decl":{"start":{"line":412,"column":70},"end":{"line":412,"column":71}},"loc":{"start":{"line":412,"column":75},"end":{"line":412,"column":112}},"line":412},"31":{"name":"(anonymous_31)","decl":{"start":{"line":418,"column":37},"end":{"line":418,"column":38}},"loc":{"start":{"line":418,"column":57},"end":{"line":421,"column":5}},"line":418},"32":{"name":"(anonymous_32)","decl":{"start":{"line":464,"column":2},"end":{"line":464,"column":3}},"loc":{"start":{"line":464,"column":24},"end":{"line":471,"column":3}},"line":464},"33":{"name":"(anonymous_33)","decl":{"start":{"line":473,"column":2},"end":{"line":473,"column":3}},"loc":{"start":{"line":473,"column":27},"end":{"line":503,"column":3}},"line":473}},"branchMap":{"0":{"loc":{"start":{"line":46,"column":8},"end":{"line":46,"column":36}},"type":"if","locations":[{"start":{"line":46,"column":8},"end":{"line":46,"column":36}},{"start":{},"end":{}}],"line":46},"1":{"loc":{"start":{"line":92,"column":8},"end":{"line":92,"column":36}},"type":"if","locations":[{"start":{"line":92,"column":8},"end":{"line":92,"column":36}},{"start":{},"end":{}}],"line":92},"2":{"loc":{"start":{"line":99,"column":32},"end":{"line":99,"column":73}},"type":"cond-expr","locations":[{"start":{"line":99,"column":38},"end":{"line":99,"column":69}},{"start":{"line":99,"column":72},"end":{"line":99,"column":73}}],"line":99},"3":{"loc":{"start":{"line":110,"column":31},"end":{"line":110,"column":111}},"type":"cond-expr","locations":[{"start":{"line":110,"column":54},"end":{"line":110,"column":107}},{"start":{"line":110,"column":110},"end":{"line":110,"column":111}}],"line":110},"4":{"loc":{"start":{"line":138,"column":8},"end":{"line":138,"column":36}},"type":"if","locations":[{"start":{"line":138,"column":8},"end":{"line":138,"column":36}},{"start":{},"end":{}}],"line":138},"5":{"loc":{"start":{"line":152,"column":28},"end":{"line":152,"column":40}},"type":"binary-expr","locations":[{"start":{"line":152,"column":28},"end":{"line":152,"column":34}},{"start":{"line":152,"column":38},"end":{"line":152,"column":40}}],"line":152},"6":{"loc":{"start":{"line":156,"column":30},"end":{"line":157,"column":95}},"type":"cond-expr","locations":[{"start":{"line":157,"column":12},"end":{"line":157,"column":88}},{"start":{"line":157,"column":91},"end":{"line":157,"column":95}}],"line":156},"7":{"loc":{"start":{"line":162,"column":10},"end":{"line":165,"column":11}},"type":"if","locations":[{"start":{"line":162,"column":10},"end":{"line":165,"column":11}},{"start":{},"end":{}}],"line":162},"8":{"loc":{"start":{"line":162,"column":14},"end":{"line":162,"column":68}},"type":"binary-expr","locations":[{"start":{"line":162,"column":14},"end":{"line":162,"column":33}},{"start":{"line":162,"column":37},"end":{"line":162,"column":68}}],"line":162},"9":{"loc":{"start":{"line":182,"column":35},"end":{"line":182,"column":104}},"type":"cond-expr","locations":[{"start":{"line":182,"column":55},"end":{"line":182,"column":59}},{"start":{"line":182,"column":62},"end":{"line":182,"column":104}}],"line":182},"10":{"loc":{"start":{"line":182,"column":62},"end":{"line":182,"column":104}},"type":"cond-expr","locations":[{"start":{"line":182,"column":80},"end":{"line":182,"column":90}},{"start":{"line":182,"column":93},"end":{"line":182,"column":104}}],"line":182},"11":{"loc":{"start":{"line":186,"column":10},"end":{"line":198,"column":11}},"type":"if","locations":[{"start":{"line":186,"column":10},"end":{"line":198,"column":11}},{"start":{},"end":{}}],"line":186},"12":{"loc":{"start":{"line":215,"column":32},"end":{"line":216,"column":96}},"type":"cond-expr","locations":[{"start":{"line":216,"column":12},"end":{"line":216,"column":92}},{"start":{"line":216,"column":95},"end":{"line":216,"column":96}}],"line":215},"13":{"loc":{"start":{"line":243,"column":6},"end":{"line":254,"column":7}},"type":"if","locations":[{"start":{"line":243,"column":6},"end":{"line":254,"column":7}},{"start":{},"end":{}}],"line":243},"14":{"loc":{"start":{"line":243,"column":10},"end":{"line":243,"column":50}},"type":"binary-expr","locations":[{"start":{"line":243,"column":10},"end":{"line":243,"column":29}},{"start":{"line":243,"column":33},"end":{"line":243,"column":50}}],"line":243},"15":{"loc":{"start":{"line":257,"column":6},"end":{"line":269,"column":7}},"type":"if","locations":[{"start":{"line":257,"column":6},"end":{"line":269,"column":7}},{"start":{},"end":{}}],"line":257},"16":{"loc":{"start":{"line":257,"column":10},"end":{"line":257,"column":58}},"type":"binary-expr","locations":[{"start":{"line":257,"column":10},"end":{"line":257,"column":29}},{"start":{"line":257,"column":33},"end":{"line":257,"column":58}}],"line":257},"17":{"loc":{"start":{"line":266,"column":25},"end":{"line":266,"column":81}},"type":"cond-expr","locations":[{"start":{"line":266,"column":46},"end":{"line":266,"column":47}},{"start":{"line":266,"column":51},"end":{"line":266,"column":80}}],"line":266},"18":{"loc":{"start":{"line":266,"column":51},"end":{"line":266,"column":80}},"type":"cond-expr","locations":[{"start":{"line":266,"column":75},"end":{"line":266,"column":76}},{"start":{"line":266,"column":79},"end":{"line":266,"column":80}}],"line":266},"19":{"loc":{"start":{"line":272,"column":30},"end":{"line":276,"column":25}},"type":"binary-expr","locations":[{"start":{"line":272,"column":30},"end":{"line":276,"column":17}},{"start":{"line":276,"column":21},"end":{"line":276,"column":25}}],"line":272},"20":{"loc":{"start":{"line":279,"column":6},"end":{"line":290,"column":7}},"type":"if","locations":[{"start":{"line":279,"column":6},"end":{"line":290,"column":7}},{"start":{},"end":{}}],"line":279},"21":{"loc":{"start":{"line":297,"column":6},"end":{"line":297,"column":59}},"type":"if","locations":[{"start":{"line":297,"column":6},"end":{"line":297,"column":59}},{"start":{},"end":{}}],"line":297},"22":{"loc":{"start":{"line":302,"column":6},"end":{"line":319,"column":7}},"type":"if","locations":[{"start":{"line":302,"column":6},"end":{"line":319,"column":7}},{"start":{},"end":{}}],"line":302},"23":{"loc":{"start":{"line":305,"column":10},"end":{"line":305,"column":68}},"type":"cond-expr","locations":[{"start":{"line":305,"column":18},"end":{"line":305,"column":64}},{"start":{"line":305,"column":67},"end":{"line":305,"column":68}}],"line":305},"24":{"loc":{"start":{"line":308,"column":8},"end":{"line":318,"column":9}},"type":"if","locations":[{"start":{"line":308,"column":8},"end":{"line":318,"column":9}},{"start":{},"end":{}}],"line":308},"25":{"loc":{"start":{"line":325,"column":6},"end":{"line":336,"column":7}},"type":"if","locations":[{"start":{"line":325,"column":6},"end":{"line":336,"column":7}},{"start":{},"end":{}}],"line":325},"26":{"loc":{"start":{"line":394,"column":6},"end":{"line":405,"column":7}},"type":"if","locations":[{"start":{"line":394,"column":6},"end":{"line":405,"column":7}},{"start":{},"end":{}}],"line":394},"27":{"loc":{"start":{"line":411,"column":6},"end":{"line":415,"column":7}},"type":"if","locations":[{"start":{"line":411,"column":6},"end":{"line":415,"column":7}},{"start":{},"end":{}}],"line":411},"28":{"loc":{"start":{"line":412,"column":31},"end":{"line":412,"column":135}},"type":"binary-expr","locations":[{"start":{"line":412,"column":31},"end":{"line":412,"column":130}},{"start":{"line":412,"column":134},"end":{"line":412,"column":135}}],"line":412},"29":{"loc":{"start":{"line":429,"column":47},"end":{"line":429,"column":123}},"type":"cond-expr","locations":[{"start":{"line":429,"column":116},"end":{"line":429,"column":118}},{"start":{"line":429,"column":121},"end":{"line":429,"column":123}}],"line":429},"30":{"loc":{"start":{"line":432,"column":4},"end":{"line":439,"column":5}},"type":"if","locations":[{"start":{"line":432,"column":4},"end":{"line":439,"column":5}},{"start":{},"end":{}}],"line":432},"31":{"loc":{"start":{"line":441,"column":4},"end":{"line":448,"column":5}},"type":"if","locations":[{"start":{"line":441,"column":4},"end":{"line":448,"column":5}},{"start":{},"end":{}}],"line":441},"32":{"loc":{"start":{"line":450,"column":4},"end":{"line":457,"column":5}},"type":"if","locations":[{"start":{"line":450,"column":4},"end":{"line":457,"column":5}},{"start":{},"end":{}}],"line":450}},"s":{"0":0,"1":0,"2":0,"3":0,"4":0,"5":0,"6":0,"7":0,"8":0,"9":0,"10":0,"11":0,"12":0,"13":0,"14":0,"15":0,"16":0,"17":0,"18":0,"19":0,"20":0,"21":0,"22":0,"23":0,"24":0,"25":0,"26":0,"27":0,"28":0,"29":0,"30":0,"31":0,"32":0,"33":0,"34":0,"35":0,"36":0,"37":0,"38":0,"39":0,"40":0,"41":0,"42":0,"43":0,"44":0,"45":0,"46":0,"47":0,"48":0,"49":0,"50":0,"51":0,"52":0,"53":0,"54":0,"55":0,"56":0,"57":0,"58":0,"59":0,"60":0,"61":0,"62":0,"63":0,"64":0,"65":0,"66":0,"67":0,"68":0,"69":0,"70":0,"71":0,"72":0,"73":0,"74":0,"75":0,"76":0,"77":0,"78":0,"79":0,"80":0,"81":0,"82":0,"83":0,"84":0,"85":0,"86":0,"87":0,"88":0,"89":0,"90":0,"91":0,"92":0,"93":0,"94":0,"95":0,"96":0,"97":0,"98":0,"99":0,"100":0,"101":0,"102":0,"103":0,"104":0,"105":0,"106":0,"107":0,"108":0,"109":0,"110":0,"111":0,"112":0,"113":0,"114":0,"115":0,"116":0,"117":0,"118":0,"119":0,"120":0,"121":0,"122":0,"123":0,"124":0,"125":0,"126":0,"127":0,"128":0,"129":0,"130":0,"131":0,"132":0,"133":0,"134":0,"135":0,"136":0,"137":0,"138":0,"139":0},"f":{"0":0,"1":0,"2":0,"3":0,"4":0,"5":0,"6":0,"7":0,"8":0,"9":0,"10":0,"11":0,"12":0,"13":0,"14":0,"15":0,"16":0,"17":0,"18":0,"19":0,"20":0,"21":0,"22":0,"23":0,"24":0,"25":0,"26":0,"27":0,"28":0,"29":0,"30":0,"31":0,"32":0,"33":0},"b":{"0":[0,0],"1":[0,0],"2":[0,0],"3":[0,0],"4":[0,0],"5":[0,0],"6":[0,0],"7":[0,0],"8":[0,0],"9":[0,0],"10":[0,0],"11":[0,0],"12":[0,0],"13":[0,0],"14":[0,0],"15":[0,0],"16":[0,0],"17":[0,0],"18":[0,0],"19":[0,0],"20":[0,0],"21":[0,0],"22":[0,0],"23":[0,0],"24":[0,0],"25":[0,0],"26":[0,0],"27":[0,0],"28":[0,0],"29":[0,0],"30":[0,0],"31":[0,0],"32":[0,0]}}
,"C:\\Users\\venda\\Documents\\funil-gps\\api\\audit-agents.js": {"path":"C:\\Users\\venda\\Documents\\funil-gps\\api\\audit-agents.js","statementMap":{"0":{"start":{"line":8,"column":4},"end":{"line":8,"column":23}},"1":{"start":{"line":9,"column":4},"end":{"line":9,"column":40}},"2":{"start":{"line":13,"column":4},"end":{"line":43,"column":7}},"3":{"start":{"line":15,"column":20},"end":{"line":31,"column":7}},"4":{"start":{"line":33,"column":6},"end":{"line":42,"column":9}},"5":{"start":{"line":34,"column":8},"end":{"line":34,"column":36}},"6":{"start":{"line":34,"column":17},"end":{"line":34,"column":36}},"7":{"start":{"line":36,"column":8},"end":{"line":41,"column":11}},"8":{"start":{"line":49,"column":4},"end":{"line":49,"column":23}},"9":{"start":{"line":50,"column":4},"end":{"line":50,"column":37}},"10":{"start":{"line":54,"column":4},"end":{"line":117,"column":7}},"11":{"start":{"line":56,"column":26},"end":{"line":60,"column":7}},"12":{"start":{"line":62,"column":6},"end":{"line":116,"column":9}},"13":{"start":{"line":63,"column":8},"end":{"line":63,"column":36}},"14":{"start":{"line":63,"column":17},"end":{"line":63,"column":36}},"15":{"start":{"line":66,"column":29},"end":{"line":76,"column":9}},"16":{"start":{"line":78,"column":8},"end":{"line":115,"column":11}},"17":{"start":{"line":79,"column":10},"end":{"line":79,"column":38}},"18":{"start":{"line":79,"column":19},"end":{"line":79,"column":38}},"19":{"start":{"line":81,"column":33},"end":{"line":81,"column":35}},"20":{"start":{"line":82,"column":29},"end":{"line":82,"column":30}},"21":{"start":{"line":83,"column":29},"end":{"line":83,"column":30}},"22":{"start":{"line":85,"column":10},"end":{"line":99,"column":13}},"23":{"start":{"line":86,"column":12},"end":{"line":92,"column":14}},"24":{"start":{"line":94,"column":12},"end":{"line":98,"column":13}},"25":{"start":{"line":95,"column":14},"end":{"line":95,"column":51}},"26":{"start":{"line":96,"column":19},"end":{"line":98,"column":13}},"27":{"start":{"line":97,"column":14},"end":{"line":97,"column":51}},"28":{"start":{"line":102,"column":33},"end":{"line":102,"column":86}},"29":{"start":{"line":103,"column":28},"end":{"line":103,"column":42}},"30":{"start":{"line":104,"column":32},"end":{"line":104,"column":61}},"31":{"start":{"line":106,"column":10},"end":{"line":114,"column":13}},"32":{"start":{"line":123,"column":4},"end":{"line":123,"column":23}},"33":{"start":{"line":124,"column":4},"end":{"line":124,"column":41}},"34":{"start":{"line":128,"column":4},"end":{"line":171,"column":7}},"35":{"start":{"line":130,"column":20},"end":{"line":148,"column":7}},"36":{"start":{"line":150,"column":6},"end":{"line":170,"column":9}},"37":{"start":{"line":151,"column":8},"end":{"line":151,"column":36}},"38":{"start":{"line":151,"column":17},"end":{"line":151,"column":36}},"39":{"start":{"line":153,"column":31},"end":{"line":167,"column":9}},"40":{"start":{"line":169,"column":8},"end":{"line":169,"column":32}},"41":{"start":{"line":177,"column":4},"end":{"line":177,"column":23}},"42":{"start":{"line":178,"column":4},"end":{"line":178,"column":45}},"43":{"start":{"line":182,"column":28},"end":{"line":182,"column":30}},"44":{"start":{"line":183,"column":21},"end":{"line":183,"column":23}},"45":{"start":{"line":186,"column":4},"end":{"line":204,"column":7}},"46":{"start":{"line":187,"column":6},"end":{"line":203,"column":7}},"47":{"start":{"line":188,"column":25},"end":{"line":188,"column":58}},"48":{"start":{"line":189,"column":20},"end":{"line":189,"column":30}},"49":{"start":{"line":190,"column":26},"end":{"line":190,"column":78}},"50":{"start":{"line":192,"column":8},"end":{"line":202,"column":9}},"51":{"start":{"line":193,"column":10},"end":{"line":201,"column":13}},"52":{"start":{"line":207,"column":4},"end":{"line":225,"column":7}},"53":{"start":{"line":208,"column":6},"end":{"line":224,"column":7}},"54":{"start":{"line":209,"column":27},"end":{"line":209,"column":62}},"55":{"start":{"line":210,"column":20},"end":{"line":210,"column":30}},"56":{"start":{"line":211,"column":28},"end":{"line":211,"column":82}},"57":{"start":{"line":213,"column":8},"end":{"line":223,"column":9}},"58":{"start":{"line":214,"column":10},"end":{"line":222,"column":13}},"59":{"start":{"line":228,"column":22},"end":{"line":228,"column":70}},"60":{"start":{"line":229,"column":26},"end":{"line":229,"column":76}},"61":{"start":{"line":230,"column":24},"end":{"line":230,"column":49}},"62":{"start":{"line":232,"column":4},"end":{"line":242,"column":5}},"63":{"start":{"line":233,"column":6},"end":{"line":241,"column":9}},"64":{"start":{"line":244,"column":4},"end":{"line":259,"column":6}},"65":{"start":{"line":252,"column":46},"end":{"line":252,"column":71}},"66":{"start":{"line":253,"column":39},"end":{"line":253,"column":64}},"67":{"start":{"line":254,"column":42},"end":{"line":254,"column":63}},"68":{"start":{"line":255,"column":35},"end":{"line":255,"column":56}},"69":{"start":{"line":256,"column":45},"end":{"line":256,"column":69}},"70":{"start":{"line":257,"column":38},"end":{"line":257,"column":62}},"71":{"start":{"line":265,"column":4},"end":{"line":265,"column":39}},"72":{"start":{"line":269,"column":4},"end":{"line":281,"column":6}},"73":{"start":{"line":285,"column":16},"end":{"line":285,"column":19}},"74":{"start":{"line":288,"column":4},"end":{"line":288,"column":54}},"75":{"start":{"line":291,"column":4},"end":{"line":291,"column":52}},"76":{"start":{"line":294,"column":32},"end":{"line":294,"column":91}},"77":{"start":{"line":295,"column":4},"end":{"line":297,"column":5}},"78":{"start":{"line":296,"column":6},"end":{"line":296,"column":43}},"79":{"start":{"line":299,"column":4},"end":{"line":299,"column":42}},"80":{"start":{"line":303,"column":0},"end":{"line":309,"column":2}}},"fnMap":{"0":{"name":"(anonymous_0)","decl":{"start":{"line":7,"column":2},"end":{"line":7,"column":3}},"loc":{"start":{"line":7,"column":24},"end":{"line":10,"column":3}},"line":7},"1":{"name":"(anonymous_1)","decl":{"start":{"line":12,"column":2},"end":{"line":12,"column":3}},"loc":{"start":{"line":12,"column":18},"end":{"line":44,"column":3}},"line":12},"2":{"name":"(anonymous_2)","decl":{"start":{"line":13,"column":23},"end":{"line":13,"column":24}},"loc":{"start":{"line":13,"column":44},"end":{"line":43,"column":5}},"line":13},"3":{"name":"(anonymous_3)","decl":{"start":{"line":33,"column":29},"end":{"line":33,"column":30}},"loc":{"start":{"line":33,"column":44},"end":{"line":42,"column":7}},"line":33},"4":{"name":"(anonymous_4)","decl":{"start":{"line":48,"column":2},"end":{"line":48,"column":3}},"loc":{"start":{"line":48,"column":24},"end":{"line":51,"column":3}},"line":48},"5":{"name":"(anonymous_5)","decl":{"start":{"line":53,"column":2},"end":{"line":53,"column":3}},"loc":{"start":{"line":53,"column":30},"end":{"line":118,"column":3}},"line":53},"6":{"name":"(anonymous_6)","decl":{"start":{"line":54,"column":23},"end":{"line":54,"column":24}},"loc":{"start":{"line":54,"column":44},"end":{"line":117,"column":5}},"line":54},"7":{"name":"(anonymous_7)","decl":{"start":{"line":62,"column":35},"end":{"line":62,"column":36}},"loc":{"start":{"line":62,"column":55},"end":{"line":116,"column":7}},"line":62},"8":{"name":"(anonymous_8)","decl":{"start":{"line":78,"column":38},"end":{"line":78,"column":39}},"loc":{"start":{"line":78,"column":53},"end":{"line":115,"column":9}},"line":78},"9":{"name":"(anonymous_9)","decl":{"start":{"line":85,"column":23},"end":{"line":85,"column":24}},"loc":{"start":{"line":85,"column":30},"end":{"line":99,"column":11}},"line":85},"10":{"name":"(anonymous_10)","decl":{"start":{"line":122,"column":2},"end":{"line":122,"column":3}},"loc":{"start":{"line":122,"column":24},"end":{"line":125,"column":3}},"line":122},"11":{"name":"(anonymous_11)","decl":{"start":{"line":127,"column":2},"end":{"line":127,"column":3}},"loc":{"start":{"line":127,"column":46},"end":{"line":172,"column":3}},"line":127},"12":{"name":"(anonymous_12)","decl":{"start":{"line":128,"column":23},"end":{"line":128,"column":24}},"loc":{"start":{"line":128,"column":44},"end":{"line":171,"column":5}},"line":128},"13":{"name":"(anonymous_13)","decl":{"start":{"line":150,"column":29},"end":{"line":150,"column":30}},"loc":{"start":{"line":150,"column":44},"end":{"line":170,"column":7}},"line":150},"14":{"name":"(anonymous_14)","decl":{"start":{"line":176,"column":2},"end":{"line":176,"column":3}},"loc":{"start":{"line":176,"column":24},"end":{"line":179,"column":3}},"line":176},"15":{"name":"(anonymous_15)","decl":{"start":{"line":181,"column":2},"end":{"line":181,"column":3}},"loc":{"start":{"line":181,"column":34},"end":{"line":260,"column":3}},"line":181},"16":{"name":"(anonymous_16)","decl":{"start":{"line":186,"column":43},"end":{"line":186,"column":44}},"loc":{"start":{"line":186,"column":55},"end":{"line":204,"column":5}},"line":186},"17":{"name":"(anonymous_17)","decl":{"start":{"line":207,"column":43},"end":{"line":207,"column":44}},"loc":{"start":{"line":207,"column":55},"end":{"line":225,"column":5}},"line":207},"18":{"name":"(anonymous_18)","decl":{"start":{"line":252,"column":41},"end":{"line":252,"column":42}},"loc":{"start":{"line":252,"column":46},"end":{"line":252,"column":71}},"line":252},"19":{"name":"(anonymous_19)","decl":{"start":{"line":253,"column":34},"end":{"line":253,"column":35}},"loc":{"start":{"line":253,"column":39},"end":{"line":253,"column":64}},"line":253},"20":{"name":"(anonymous_20)","decl":{"start":{"line":254,"column":37},"end":{"line":254,"column":38}},"loc":{"start":{"line":254,"column":42},"end":{"line":254,"column":63}},"line":254},"21":{"name":"(anonymous_21)","decl":{"start":{"line":255,"column":30},"end":{"line":255,"column":31}},"loc":{"start":{"line":255,"column":35},"end":{"line":255,"column":56}},"line":255},"22":{"name":"(anonymous_22)","decl":{"start":{"line":256,"column":40},"end":{"line":256,"column":41}},"loc":{"start":{"line":256,"column":45},"end":{"line":256,"column":69}},"line":256},"23":{"name":"(anonymous_23)","decl":{"start":{"line":257,"column":33},"end":{"line":257,"column":34}},"loc":{"start":{"line":257,"column":38},"end":{"line":257,"column":62}},"line":257},"24":{"name":"(anonymous_24)","decl":{"start":{"line":264,"column":2},"end":{"line":264,"column":3}},"loc":{"start":{"line":264,"column":16},"end":{"line":266,"column":3}},"line":264},"25":{"name":"(anonymous_25)","decl":{"start":{"line":268,"column":2},"end":{"line":268,"column":3}},"loc":{"start":{"line":268,"column":76},"end":{"line":282,"column":3}},"line":268},"26":{"name":"(anonymous_26)","decl":{"start":{"line":284,"column":2},"end":{"line":284,"column":3}},"loc":{"start":{"line":284,"column":54},"end":{"line":300,"column":3}},"line":284}},"branchMap":{"0":{"loc":{"start":{"line":34,"column":8},"end":{"line":34,"column":36}},"type":"if","locations":[{"start":{"line":34,"column":8},"end":{"line":34,"column":36}},{"start":{},"end":{}}],"line":34},"1":{"loc":{"start":{"line":63,"column":8},"end":{"line":63,"column":36}},"type":"if","locations":[{"start":{"line":63,"column":8},"end":{"line":63,"column":36}},{"start":{},"end":{}}],"line":63},"2":{"loc":{"start":{"line":79,"column":10},"end":{"line":79,"column":38}},"type":"if","locations":[{"start":{"line":79,"column":10},"end":{"line":79,"column":38}},{"start":{},"end":{}}],"line":79},"3":{"loc":{"start":{"line":94,"column":12},"end":{"line":98,"column":13}},"type":"if","locations":[{"start":{"line":94,"column":12},"end":{"line":98,"column":13}},{"start":{"line":96,"column":19},"end":{"line":98,"column":13}}],"line":94},"4":{"loc":{"start":{"line":95,"column":29},"end":{"line":95,"column":50}},"type":"binary-expr","locations":[{"start":{"line":95,"column":29},"end":{"line":95,"column":45}},{"start":{"line":95,"column":49},"end":{"line":95,"column":50}}],"line":95},"5":{"loc":{"start":{"line":96,"column":19},"end":{"line":98,"column":13}},"type":"if","locations":[{"start":{"line":96,"column":19},"end":{"line":98,"column":13}},{"start":{},"end":{}}],"line":96},"6":{"loc":{"start":{"line":97,"column":29},"end":{"line":97,"column":50}},"type":"binary-expr","locations":[{"start":{"line":97,"column":29},"end":{"line":97,"column":45}},{"start":{"line":97,"column":49},"end":{"line":97,"column":50}}],"line":97},"7":{"loc":{"start":{"line":102,"column":33},"end":{"line":102,"column":86}},"type":"cond-expr","locations":[{"start":{"line":102,"column":45},"end":{"line":102,"column":82}},{"start":{"line":102,"column":85},"end":{"line":102,"column":86}}],"line":102},"8":{"loc":{"start":{"line":151,"column":8},"end":{"line":151,"column":36}},"type":"if","locations":[{"start":{"line":151,"column":8},"end":{"line":151,"column":36}},{"start":{},"end":{}}],"line":151},"9":{"loc":{"start":{"line":164,"column":34},"end":{"line":165,"column":125}},"type":"cond-expr","locations":[{"start":{"line":165,"column":14},"end":{"line":165,"column":118}},{"start":{"line":165,"column":121},"end":{"line":165,"column":125}}],"line":164},"10":{"loc":{"start":{"line":187,"column":6},"end":{"line":203,"column":7}},"type":"if","locations":[{"start":{"line":187,"column":6},"end":{"line":203,"column":7}},{"start":{},"end":{}}],"line":187},"11":{"loc":{"start":{"line":187,"column":10},"end":{"line":187,"column":62}},"type":"binary-expr","locations":[{"start":{"line":187,"column":10},"end":{"line":187,"column":35}},{"start":{"line":187,"column":39},"end":{"line":187,"column":62}}],"line":187},"12":{"loc":{"start":{"line":192,"column":8},"end":{"line":202,"column":9}},"type":"if","locations":[{"start":{"line":192,"column":8},"end":{"line":202,"column":9}},{"start":{},"end":{}}],"line":192},"13":{"loc":{"start":{"line":197,"column":22},"end":{"line":197,"column":60}},"type":"cond-expr","locations":[{"start":{"line":197,"column":38},"end":{"line":197,"column":48}},{"start":{"line":197,"column":51},"end":{"line":197,"column":60}}],"line":197},"14":{"loc":{"start":{"line":208,"column":6},"end":{"line":224,"column":7}},"type":"if","locations":[{"start":{"line":208,"column":6},"end":{"line":224,"column":7}},{"start":{},"end":{}}],"line":208},"15":{"loc":{"start":{"line":208,"column":10},"end":{"line":208,"column":67}},"type":"binary-expr","locations":[{"start":{"line":208,"column":10},"end":{"line":208,"column":38}},{"start":{"line":208,"column":42},"end":{"line":208,"column":67}}],"line":208},"16":{"loc":{"start":{"line":213,"column":8},"end":{"line":223,"column":9}},"type":"if","locations":[{"start":{"line":213,"column":8},"end":{"line":223,"column":9}},{"start":{},"end":{}}],"line":213},"17":{"loc":{"start":{"line":232,"column":4},"end":{"line":242,"column":5}},"type":"if","locations":[{"start":{"line":232,"column":4},"end":{"line":242,"column":5}},{"start":{},"end":{}}],"line":232},"18":{"loc":{"start":{"line":279,"column":14},"end":{"line":279,"column":75}},"type":"cond-expr","locations":[{"start":{"line":279,"column":56},"end":{"line":279,"column":64}},{"start":{"line":279,"column":67},"end":{"line":279,"column":75}}],"line":279},"19":{"loc":{"start":{"line":295,"column":4},"end":{"line":297,"column":5}},"type":"if","locations":[{"start":{"line":295,"column":4},"end":{"line":297,"column":5}},{"start":{},"end":{}}],"line":295}},"s":{"0":0,"1":0,"2":0,"3":0,"4":0,"5":0,"6":0,"7":0,"8":0,"9":0,"10":0,"11":0,"12":0,"13":0,"14":0,"15":0,"16":0,"17":0,"18":0,"19":0,"20":0,"21":0,"22":0,"23":0,"24":0,"25":0,"26":0,"27":0,"28":0,"29":0,"30":0,"31":0,"32":0,"33":0,"34":0,"35":0,"36":0,"37":0,"38":0,"39":0,"40":0,"41":0,"42":0,"43":0,"44":0,"45":0,"46":0,"47":0,"48":0,"49":0,"50":0,"51":0,"52":0,"53":0,"54":0,"55":0,"56":0,"57":0,"58":0,"59":0,"60":0,"61":0,"62":0,"63":0,"64":0,"65":0,"66":0,"67":0,"68":0,"69":0,"70":0,"71":0,"72":0,"73":0,"74":0,"75":0,"76":0,"77":0,"78":0,"79":0,"80":0},"f":{"0":0,"1":0,"2":0,"3":0,"4":0,"5":0,"6":0,"7":0,"8":0,"9":0,"10":0,"11":0,"12":0,"13":0,"14":0,"15":0,"16":0,"17":0,"18":0,"19":0,"20":0,"21":0,"22":0,"23":0,"24":0,"25":0,"26":0},"b":{"0":[0,0],"1":[0,0],"2":[0,0],"3":[0,0],"4":[0,0],"5":[0,0],"6":[0,0],"7":[0,0],"8":[0,0],"9":[0,0],"10":[0,0],"11":[0,0],"12":[0,0],"13":[0,0],"14":[0,0],"15":[0,0],"16":[0,0],"17":[0,0],"18":[0,0],"19":[0,0]}}
,"C:\\Users\\venda\\Documents\\funil-gps\\api\\audit-service.js": {"path":"C:\\Users\\venda\\Documents\\funil-gps\\api\\audit-service.js","statementMap":{"0":{"start":{"line":12,"column":4},"end":{"line":12,"column":29}},"1":{"start":{"line":16,"column":4},"end":{"line":16,"column":23}},"2":{"start":{"line":17,"column":4},"end":{"line":23,"column":6}},"3":{"start":{"line":27,"column":4},"end":{"line":64,"column":5}},"4":{"start":{"line":28,"column":6},"end":{"line":28,"column":82}},"5":{"start":{"line":31,"column":6},"end":{"line":31,"column":79}},"6":{"start":{"line":32,"column":28},"end":{"line":32,"column":65}},"7":{"start":{"line":33,"column":6},"end":{"line":33,"column":90}},"8":{"start":{"line":36,"column":6},"end":{"line":36,"column":66}},"9":{"start":{"line":37,"column":26},"end":{"line":37,"column":77}},"10":{"start":{"line":38,"column":6},"end":{"line":38,"column":80}},"11":{"start":{"line":41,"column":6},"end":{"line":41,"column":79}},"12":{"start":{"line":42,"column":33},"end":{"line":42,"column":100}},"13":{"start":{"line":43,"column":6},"end":{"line":43,"column":114}},"14":{"start":{"line":46,"column":6},"end":{"line":46,"column":75}},"15":{"start":{"line":47,"column":24},"end":{"line":47,"column":75}},"16":{"start":{"line":48,"column":6},"end":{"line":48,"column":103}},"17":{"start":{"line":51,"column":6},"end":{"line":51,"column":73}},"18":{"start":{"line":52,"column":21},"end":{"line":57,"column":7}},"19":{"start":{"line":58,"column":6},"end":{"line":58,"column":58}},"20":{"start":{"line":60,"column":6},"end":{"line":60,"column":20}},"21":{"start":{"line":62,"column":6},"end":{"line":62,"column":71}},"22":{"start":{"line":63,"column":6},"end":{"line":63,"column":18}},"23":{"start":{"line":68,"column":4},"end":{"line":101,"column":6}},"24":{"start":{"line":90,"column":90},"end":{"line":100,"column":7}},"25":{"start":{"line":105,"column":0},"end":{"line":105,"column":34}}},"fnMap":{"0":{"name":"(anonymous_0)","decl":{"start":{"line":15,"column":2},"end":{"line":15,"column":3}},"loc":{"start":{"line":15,"column":24},"end":{"line":24,"column":3}},"line":15},"1":{"name":"(anonymous_1)","decl":{"start":{"line":26,"column":2},"end":{"line":26,"column":3}},"loc":{"start":{"line":26,"column":23},"end":{"line":65,"column":3}},"line":26},"2":{"name":"(anonymous_2)","decl":{"start":{"line":67,"column":2},"end":{"line":67,"column":3}},"loc":{"start":{"line":67,"column":33},"end":{"line":102,"column":3}},"line":67},"3":{"name":"(anonymous_3)","decl":{"start":{"line":90,"column":77},"end":{"line":90,"column":78}},"loc":{"start":{"line":90,"column":90},"end":{"line":100,"column":7}},"line":90}},"branchMap":{},"s":{"0":0,"1":0,"2":0,"3":0,"4":0,"5":0,"6":0,"7":0,"8":0,"9":0,"10":0,"11":0,"12":0,"13":0,"14":0,"15":0,"16":0,"17":0,"18":0,"19":0,"20":0,"21":0,"22":0,"23":0,"24":0,"25":0},"f":{"0":0,"1":0,"2":0,"3":0},"b":{}}
,"C:\\Users\\venda\\Documents\\funil-gps\\api\\auto-sync-service.js": {"path":"C:\\Users\\venda\\Documents\\funil-gps\\api\\auto-sync-service.js","statementMap":{"0":{"start":{"line":5,"column":11},"end":{"line":5,"column":24}},"1":{"start":{"line":6,"column":13},"end":{"line":6,"column":28}},"2":{"start":{"line":10,"column":4},"end":{"line":10,"column":23}},"3":{"start":{"line":11,"column":4},"end":{"line":11,"column":38}},"4":{"start":{"line":12,"column":4},"end":{"line":12,"column":25}},"5":{"start":{"line":16,"column":4},"end":{"line":16,"column":29}},"6":{"start":{"line":16,"column":22},"end":{"line":16,"column":29}},"7":{"start":{"line":17,"column":4},"end":{"line":17,"column":24}},"8":{"start":{"line":18,"column":4},"end":{"line":18,"column":66}},"9":{"start":{"line":21,"column":4},"end":{"line":21,"column":16}},"10":{"start":{"line":24,"column":4},"end":{"line":24,"column":72}},"11":{"start":{"line":24,"column":40},"end":{"line":24,"column":51}},"12":{"start":{"line":28,"column":4},"end":{"line":30,"column":5}},"13":{"start":{"line":29,"column":6},"end":{"line":29,"column":37}},"14":{"start":{"line":31,"column":4},"end":{"line":31,"column":25}},"15":{"start":{"line":32,"column":4},"end":{"line":32,"column":66}},"16":{"start":{"line":36,"column":4},"end":{"line":36,"column":100}},"17":{"start":{"line":38,"column":4},"end":{"line":80,"column":7}},"18":{"start":{"line":39,"column":6},"end":{"line":42,"column":7}},"19":{"start":{"line":40,"column":8},"end":{"line":40,"column":76}},"20":{"start":{"line":41,"column":8},"end":{"line":41,"column":15}},"21":{"start":{"line":44,"column":29},"end":{"line":44,"column":50}},"22":{"start":{"line":46,"column":6},"end":{"line":79,"column":9}},"23":{"start":{"line":47,"column":8},"end":{"line":50,"column":9}},"24":{"start":{"line":48,"column":10},"end":{"line":48,"column":79}},"25":{"start":{"line":49,"column":10},"end":{"line":49,"column":17}},"26":{"start":{"line":52,"column":29},"end":{"line":52,"column":50}},"27":{"start":{"line":54,"column":8},"end":{"line":78,"column":11}},"28":{"start":{"line":55,"column":10},"end":{"line":58,"column":11}},"29":{"start":{"line":56,"column":12},"end":{"line":56,"column":83}},"30":{"start":{"line":57,"column":12},"end":{"line":57,"column":19}},"31":{"start":{"line":60,"column":37},"end":{"line":60,"column":58}},"32":{"start":{"line":63,"column":25},"end":{"line":71,"column":11}},"33":{"start":{"line":74,"column":29},"end":{"line":74,"column":69}},"34":{"start":{"line":75,"column":10},"end":{"line":75,"column":72}},"35":{"start":{"line":77,"column":10},"end":{"line":77,"column":152}},"36":{"start":{"line":85,"column":4},"end":{"line":131,"column":7}},"37":{"start":{"line":86,"column":6},"end":{"line":89,"column":7}},"38":{"start":{"line":87,"column":8},"end":{"line":87,"column":28}},"39":{"start":{"line":88,"column":8},"end":{"line":88,"column":15}},"40":{"start":{"line":92,"column":6},"end":{"line":130,"column":9}},"41":{"start":{"line":93,"column":8},"end":{"line":96,"column":9}},"42":{"start":{"line":94,"column":10},"end":{"line":94,"column":30}},"43":{"start":{"line":95,"column":10},"end":{"line":95,"column":17}},"44":{"start":{"line":99,"column":8},"end":{"line":129,"column":11}},"45":{"start":{"line":100,"column":10},"end":{"line":103,"column":11}},"46":{"start":{"line":101,"column":12},"end":{"line":101,"column":32}},"47":{"start":{"line":102,"column":12},"end":{"line":102,"column":19}},"48":{"start":{"line":106,"column":10},"end":{"line":128,"column":13}},"49":{"start":{"line":107,"column":12},"end":{"line":110,"column":13}},"50":{"start":{"line":108,"column":14},"end":{"line":108,"column":34}},"51":{"start":{"line":109,"column":14},"end":{"line":109,"column":21}},"52":{"start":{"line":113,"column":12},"end":{"line":127,"column":15}},"53":{"start":{"line":114,"column":14},"end":{"line":117,"column":15}},"54":{"start":{"line":115,"column":16},"end":{"line":115,"column":36}},"55":{"start":{"line":116,"column":16},"end":{"line":116,"column":23}},"56":{"start":{"line":119,"column":14},"end":{"line":126,"column":17}},"57":{"start":{"line":135,"column":0},"end":{"line":135,"column":37}}},"fnMap":{"0":{"name":"(anonymous_0)","decl":{"start":{"line":9,"column":2},"end":{"line":9,"column":3}},"loc":{"start":{"line":9,"column":24},"end":{"line":13,"column":3}},"line":9},"1":{"name":"(anonymous_1)","decl":{"start":{"line":15,"column":2},"end":{"line":15,"column":3}},"loc":{"start":{"line":15,"column":10},"end":{"line":25,"column":3}},"line":15},"2":{"name":"(anonymous_2)","decl":{"start":{"line":24,"column":34},"end":{"line":24,"column":35}},"loc":{"start":{"line":24,"column":40},"end":{"line":24,"column":51}},"line":24},"3":{"name":"(anonymous_3)","decl":{"start":{"line":27,"column":2},"end":{"line":27,"column":3}},"loc":{"start":{"line":27,"column":9},"end":{"line":33,"column":3}},"line":27},"4":{"name":"(anonymous_4)","decl":{"start":{"line":35,"column":2},"end":{"line":35,"column":3}},"loc":{"start":{"line":35,"column":9},"end":{"line":81,"column":3}},"line":35},"5":{"name":"(anonymous_5)","decl":{"start":{"line":38,"column":95},"end":{"line":38,"column":96}},"loc":{"start":{"line":38,"column":112},"end":{"line":80,"column":5}},"line":38},"6":{"name":"(anonymous_6)","decl":{"start":{"line":46,"column":95},"end":{"line":46,"column":96}},"loc":{"start":{"line":46,"column":112},"end":{"line":79,"column":7}},"line":46},"7":{"name":"(anonymous_7)","decl":{"start":{"line":54,"column":103},"end":{"line":54,"column":104}},"loc":{"start":{"line":54,"column":120},"end":{"line":78,"column":9}},"line":54},"8":{"name":"(anonymous_8)","decl":{"start":{"line":83,"column":2},"end":{"line":83,"column":3}},"loc":{"start":{"line":83,"column":21},"end":{"line":132,"column":3}},"line":83},"9":{"name":"(anonymous_9)","decl":{"start":{"line":85,"column":63},"end":{"line":85,"column":64}},"loc":{"start":{"line":85,"column":83},"end":{"line":131,"column":5}},"line":85},"10":{"name":"(anonymous_10)","decl":{"start":{"line":92,"column":63},"end":{"line":92,"column":64}},"loc":{"start":{"line":92,"column":81},"end":{"line":130,"column":7}},"line":92},"11":{"name":"(anonymous_11)","decl":{"start":{"line":99,"column":91},"end":{"line":99,"column":92}},"loc":{"start":{"line":99,"column":106},"end":{"line":129,"column":9}},"line":99},"12":{"name":"(anonymous_12)","decl":{"start":{"line":106,"column":96},"end":{"line":106,"column":97}},"loc":{"start":{"line":106,"column":114},"end":{"line":128,"column":11}},"line":106},"13":{"name":"(anonymous_13)","decl":{"start":{"line":113,"column":75},"end":{"line":113,"column":76}},"loc":{"start":{"line":113,"column":99},"end":{"line":127,"column":13}},"line":113}},"branchMap":{"0":{"loc":{"start":{"line":16,"column":4},"end":{"line":16,"column":29}},"type":"if","locations":[{"start":{"line":16,"column":4},"end":{"line":16,"column":29}},{"start":{},"end":{}}],"line":16},"1":{"loc":{"start":{"line":28,"column":4},"end":{"line":30,"column":5}},"type":"if","locations":[{"start":{"line":28,"column":4},"end":{"line":30,"column":5}},{"start":{},"end":{}}],"line":28},"2":{"loc":{"start":{"line":39,"column":6},"end":{"line":42,"column":7}},"type":"if","locations":[{"start":{"line":39,"column":6},"end":{"line":42,"column":7}},{"start":{},"end":{}}],"line":39},"3":{"loc":{"start":{"line":44,"column":29},"end":{"line":44,"column":50}},"type":"binary-expr","locations":[{"start":{"line":44,"column":29},"end":{"line":44,"column":45}},{"start":{"line":44,"column":49},"end":{"line":44,"column":50}}],"line":44},"4":{"loc":{"start":{"line":47,"column":8},"end":{"line":50,"column":9}},"type":"if","locations":[{"start":{"line":47,"column":8},"end":{"line":50,"column":9}},{"start":{},"end":{}}],"line":47},"5":{"loc":{"start":{"line":52,"column":29},"end":{"line":52,"column":50}},"type":"binary-expr","locations":[{"start":{"line":52,"column":29},"end":{"line":52,"column":45}},{"start":{"line":52,"column":49},"end":{"line":52,"column":50}}],"line":52},"6":{"loc":{"start":{"line":55,"column":10},"end":{"line":58,"column":11}},"type":"if","locations":[{"start":{"line":55,"column":10},"end":{"line":58,"column":11}},{"start":{},"end":{}}],"line":55},"7":{"loc":{"start":{"line":60,"column":37},"end":{"line":60,"column":58}},"type":"binary-expr","locations":[{"start":{"line":60,"column":37},"end":{"line":60,"column":53}},{"start":{"line":60,"column":57},"end":{"line":60,"column":58}}],"line":60},"8":{"loc":{"start":{"line":86,"column":6},"end":{"line":89,"column":7}},"type":"if","locations":[{"start":{"line":86,"column":6},"end":{"line":89,"column":7}},{"start":{},"end":{}}],"line":86},"9":{"loc":{"start":{"line":93,"column":8},"end":{"line":96,"column":9}},"type":"if","locations":[{"start":{"line":93,"column":8},"end":{"line":96,"column":9}},{"start":{},"end":{}}],"line":93},"10":{"loc":{"start":{"line":100,"column":10},"end":{"line":103,"column":11}},"type":"if","locations":[{"start":{"line":100,"column":10},"end":{"line":103,"column":11}},{"start":{},"end":{}}],"line":100},"11":{"loc":{"start":{"line":107,"column":12},"end":{"line":110,"column":13}},"type":"if","locations":[{"start":{"line":107,"column":12},"end":{"line":110,"column":13}},{"start":{},"end":{}}],"line":107},"12":{"loc":{"start":{"line":114,"column":14},"end":{"line":117,"column":15}},"type":"if","locations":[{"start":{"line":114,"column":14},"end":{"line":117,"column":15}},{"start":{},"end":{}}],"line":114},"13":{"loc":{"start":{"line":120,"column":33},"end":{"line":120,"column":57}},"type":"binary-expr","locations":[{"start":{"line":120,"column":33},"end":{"line":120,"column":52}},{"start":{"line":120,"column":56},"end":{"line":120,"column":57}}],"line":120},"14":{"loc":{"start":{"line":121,"column":31},"end":{"line":121,"column":53}},"type":"binary-expr","locations":[{"start":{"line":121,"column":31},"end":{"line":121,"column":48}},{"start":{"line":121,"column":52},"end":{"line":121,"column":53}}],"line":121},"15":{"loc":{"start":{"line":122,"column":37},"end":{"line":122,"column":65}},"type":"binary-expr","locations":[{"start":{"line":122,"column":37},"end":{"line":122,"column":60}},{"start":{"line":122,"column":64},"end":{"line":122,"column":65}}],"line":122},"16":{"loc":{"start":{"line":123,"column":36},"end":{"line":123,"column":55}},"type":"binary-expr","locations":[{"start":{"line":123,"column":36},"end":{"line":123,"column":50}},{"start":{"line":123,"column":54},"end":{"line":123,"column":55}}],"line":123},"17":{"loc":{"start":{"line":124,"column":39},"end":{"line":124,"column":61}},"type":"binary-expr","locations":[{"start":{"line":124,"column":39},"end":{"line":124,"column":56}},{"start":{"line":124,"column":60},"end":{"line":124,"column":61}}],"line":124}},"s":{"0":0,"1":0,"2":0,"3":0,"4":0,"5":0,"6":0,"7":0,"8":0,"9":0,"10":0,"11":0,"12":0,"13":0,"14":0,"15":0,"16":0,"17":0,"18":0,"19":0,"20":0,"21":0,"22":0,"23":0,"24":0,"25":0,"26":0,"27":0,"28":0,"29":0,"30":0,"31":0,"32":0,"33":0,"34":0,"35":0,"36":0,"37":0,"38":0,"39":0,"40":0,"41":0,"42":0,"43":0,"44":0,"45":0,"46":0,"47":0,"48":0,"49":0,"50":0,"51":0,"52":0,"53":0,"54":0,"55":0,"56":0,"57":0},"f":{"0":0,"1":0,"2":0,"3":0,"4":0,"5":0,"6":0,"7":0,"8":0,"9":0,"10":0,"11":0,"12":0,"13":0},"b":{"0":[0,0],"1":[0,0],"2":[0,0],"3":[0,0],"4":[0,0],"5":[0,0],"6":[0,0],"7":[0,0],"8":[0,0],"9":[0,0],"10":[0,0],"11":[0,0],"12":[0,0],"13":[0,0],"14":[0,0],"15":[0,0],"16":[0,0],"17":[0,0]}}
,"C:\\Users\\venda\\Documents\\funil-gps\\api\\billing.js": {"path":"C:\\Users\\venda\\Documents\\funil-gps\\api\\billing.js","statementMap":{"0":{"start":{"line":6,"column":15},"end":{"line":6,"column":32}},"1":{"start":{"line":7,"column":25},"end":{"line":7,"column":57}},"2":{"start":{"line":9,"column":17},"end":{"line":12,"column":1}},"3":{"start":{"line":23,"column":2},"end":{"line":82,"column":3}},"4":{"start":{"line":24,"column":53},"end":{"line":24,"column":61}},"5":{"start":{"line":26,"column":4},"end":{"line":30,"column":5}},"6":{"start":{"line":27,"column":6},"end":{"line":29,"column":9}},"7":{"start":{"line":32,"column":4},"end":{"line":36,"column":5}},"8":{"start":{"line":33,"column":6},"end":{"line":35,"column":9}},"9":{"start":{"line":39,"column":27},"end":{"line":43,"column":15}},"10":{"start":{"line":45,"column":4},"end":{"line":47,"column":5}},"11":{"start":{"line":46,"column":6},"end":{"line":46,"column":63}},"12":{"start":{"line":50,"column":27},"end":{"line":50,"column":37}},"13":{"start":{"line":51,"column":4},"end":{"line":51,"column":58}},"14":{"start":{"line":54,"column":42},"end":{"line":65,"column":15}},"15":{"start":{"line":67,"column":4},"end":{"line":67,"column":27}},"16":{"start":{"line":67,"column":15},"end":{"line":67,"column":27}},"17":{"start":{"line":70,"column":4},"end":{"line":73,"column":29}},"18":{"start":{"line":75,"column":4},"end":{"line":75,"column":39}},"19":{"start":{"line":77,"column":4},"end":{"line":77,"column":63}},"20":{"start":{"line":78,"column":4},"end":{"line":81,"column":7}},"21":{"start":{"line":90,"column":2},"end":{"line":110,"column":3}},"22":{"start":{"line":91,"column":43},"end":{"line":99,"column":53}},"23":{"start":{"line":101,"column":4},"end":{"line":101,"column":27}},"24":{"start":{"line":101,"column":15},"end":{"line":101,"column":27}},"25":{"start":{"line":103,"column":4},"end":{"line":103,"column":28}},"26":{"start":{"line":105,"column":4},"end":{"line":105,"column":63}},"27":{"start":{"line":106,"column":4},"end":{"line":109,"column":7}},"28":{"start":{"line":118,"column":2},"end":{"line":150,"column":3}},"29":{"start":{"line":119,"column":19},"end":{"line":119,"column":29}},"30":{"start":{"line":122,"column":52},"end":{"line":126,"column":15}},"31":{"start":{"line":128,"column":4},"end":{"line":130,"column":5}},"32":{"start":{"line":129,"column":6},"end":{"line":129,"column":71}},"33":{"start":{"line":133,"column":22},"end":{"line":139,"column":41}},"34":{"start":{"line":141,"column":4},"end":{"line":141,"column":27}},"35":{"start":{"line":141,"column":15},"end":{"line":141,"column":27}},"36":{"start":{"line":143,"column":4},"end":{"line":143,"column":70}},"37":{"start":{"line":145,"column":4},"end":{"line":145,"column":57}},"38":{"start":{"line":146,"column":4},"end":{"line":149,"column":7}},"39":{"start":{"line":158,"column":2},"end":{"line":193,"column":3}},"40":{"start":{"line":159,"column":19},"end":{"line":159,"column":29}},"41":{"start":{"line":162,"column":32},"end":{"line":168,"column":19}},"42":{"start":{"line":170,"column":4},"end":{"line":170,"column":33}},"43":{"start":{"line":170,"column":18},"end":{"line":170,"column":33}},"44":{"start":{"line":173,"column":35},"end":{"line":177,"column":15}},"45":{"start":{"line":179,"column":4},"end":{"line":184,"column":5}},"46":{"start":{"line":180,"column":6},"end":{"line":183,"column":44}},"47":{"start":{"line":186,"column":4},"end":{"line":186,"column":66}},"48":{"start":{"line":188,"column":4},"end":{"line":188,"column":64}},"49":{"start":{"line":189,"column":4},"end":{"line":192,"column":7}},"50":{"start":{"line":201,"column":20},"end":{"line":201,"column":51}},"51":{"start":{"line":202,"column":17},"end":{"line":202,"column":50}},"52":{"start":{"line":204,"column":2},"end":{"line":206,"column":3}},"53":{"start":{"line":205,"column":4},"end":{"line":205,"column":17}},"54":{"start":{"line":208,"column":2},"end":{"line":225,"column":3}},"55":{"start":{"line":209,"column":22},"end":{"line":209,"column":59}},"56":{"start":{"line":210,"column":30},"end":{"line":210,"column":67}},"57":{"start":{"line":212,"column":26},"end":{"line":212,"column":68}},"58":{"start":{"line":213,"column":17},"end":{"line":216,"column":20}},"59":{"start":{"line":218,"column":4},"end":{"line":221,"column":6}},"60":{"start":{"line":223,"column":4},"end":{"line":223,"column":62}},"61":{"start":{"line":224,"column":4},"end":{"line":224,"column":17}},"62":{"start":{"line":233,"column":2},"end":{"line":282,"column":3}},"63":{"start":{"line":235,"column":4},"end":{"line":239,"column":5}},"64":{"start":{"line":236,"column":6},"end":{"line":238,"column":9}},"65":{"start":{"line":241,"column":18},"end":{"line":241,"column":26}},"66":{"start":{"line":244,"column":36},"end":{"line":251,"column":8}},"67":{"start":{"line":253,"column":4},"end":{"line":255,"column":5}},"68":{"start":{"line":254,"column":6},"end":{"line":254,"column":68}},"69":{"start":{"line":258,"column":4},"end":{"line":264,"column":5}},"70":{"start":{"line":259,"column":6},"end":{"line":259,"column":36}},"71":{"start":{"line":260,"column":11},"end":{"line":264,"column":5}},"72":{"start":{"line":261,"column":6},"end":{"line":261,"column":38}},"73":{"start":{"line":262,"column":11},"end":{"line":264,"column":5}},"74":{"start":{"line":263,"column":6},"end":{"line":263,"column":40}},"75":{"start":{"line":267,"column":4},"end":{"line":273,"column":5}},"76":{"start":{"line":268,"column":6},"end":{"line":272,"column":42}},"77":{"start":{"line":275,"column":4},"end":{"line":275,"column":33}},"78":{"start":{"line":277,"column":4},"end":{"line":277,"column":60}},"79":{"start":{"line":278,"column":4},"end":{"line":281,"column":7}},"80":{"start":{"line":289,"column":21},"end":{"line":289,"column":38}},"81":{"start":{"line":292,"column":27},"end":{"line":301,"column":13}},"82":{"start":{"line":303,"column":2},"end":{"line":303,"column":22}},"83":{"start":{"line":303,"column":15},"end":{"line":303,"column":22}},"84":{"start":{"line":306,"column":33},"end":{"line":310,"column":13}},"85":{"start":{"line":312,"column":2},"end":{"line":325,"column":3}},"86":{"start":{"line":314,"column":27},"end":{"line":314,"column":68}},"87":{"start":{"line":315,"column":4},"end":{"line":315,"column":58}},"88":{"start":{"line":317,"column":4},"end":{"line":324,"column":40}},"89":{"start":{"line":332,"column":21},"end":{"line":332,"column":38}},"90":{"start":{"line":335,"column":27},"end":{"line":339,"column":13}},"91":{"start":{"line":341,"column":2},"end":{"line":341,"column":22}},"92":{"start":{"line":341,"column":15},"end":{"line":341,"column":22}},"93":{"start":{"line":343,"column":25},"end":{"line":343,"column":55}},"94":{"start":{"line":344,"column":22},"end":{"line":344,"column":32}},"95":{"start":{"line":345,"column":2},"end":{"line":345,"column":49}},"96":{"start":{"line":348,"column":2},"end":{"line":355,"column":44}},"97":{"start":{"line":358,"column":2},"end":{"line":363,"column":3}},"98":{"start":{"line":359,"column":4},"end":{"line":362,"column":40}},"99":{"start":{"line":370,"column":21},"end":{"line":370,"column":38}},"100":{"start":{"line":372,"column":2},"end":{"line":378,"column":44}},"101":{"start":{"line":385,"column":0},"end":{"line":391,"column":2}}},"fnMap":{"0":{"name":"createSubscription","decl":{"start":{"line":22,"column":15},"end":{"line":22,"column":33}},"loc":{"start":{"line":22,"column":44},"end":{"line":83,"column":1}},"line":22},"1":{"name":"listSubscriptions","decl":{"start":{"line":89,"column":15},"end":{"line":89,"column":32}},"loc":{"start":{"line":89,"column":43},"end":{"line":111,"column":1}},"line":89},"2":{"name":"authorizePix","decl":{"start":{"line":117,"column":15},"end":{"line":117,"column":27}},"loc":{"start":{"line":117,"column":38},"end":{"line":151,"column":1}},"line":117},"3":{"name":"cancelSubscription","decl":{"start":{"line":157,"column":15},"end":{"line":157,"column":33}},"loc":{"start":{"line":157,"column":44},"end":{"line":194,"column":1}},"line":157},"4":{"name":"verifyStripeSignature","decl":{"start":{"line":200,"column":9},"end":{"line":200,"column":30}},"loc":{"start":{"line":200,"column":36},"end":{"line":226,"column":1}},"line":200},"5":{"name":"handleStripeWebhook","decl":{"start":{"line":232,"column":15},"end":{"line":232,"column":34}},"loc":{"start":{"line":232,"column":45},"end":{"line":283,"column":1}},"line":232},"6":{"name":"handleChargePaid","decl":{"start":{"line":288,"column":15},"end":{"line":288,"column":31}},"loc":{"start":{"line":288,"column":39},"end":{"line":326,"column":1}},"line":288},"7":{"name":"handleChargeFailed","decl":{"start":{"line":331,"column":15},"end":{"line":331,"column":33}},"loc":{"start":{"line":331,"column":41},"end":{"line":364,"column":1}},"line":331},"8":{"name":"handleChargeRefunded","decl":{"start":{"line":369,"column":15},"end":{"line":369,"column":35}},"loc":{"start":{"line":369,"column":43},"end":{"line":379,"column":1}},"line":369}},"branchMap":{"0":{"loc":{"start":{"line":26,"column":4},"end":{"line":30,"column":5}},"type":"if","locations":[{"start":{"line":26,"column":4},"end":{"line":30,"column":5}},{"start":{},"end":{}}],"line":26},"1":{"loc":{"start":{"line":26,"column":8},"end":{"line":26,"column":51}},"type":"binary-expr","locations":[{"start":{"line":26,"column":8},"end":{"line":26,"column":20}},{"start":{"line":26,"column":24},"end":{"line":26,"column":32}},{"start":{"line":26,"column":36},"end":{"line":26,"column":51}}],"line":26},"2":{"loc":{"start":{"line":32,"column":4},"end":{"line":36,"column":5}},"type":"if","locations":[{"start":{"line":32,"column":4},"end":{"line":36,"column":5}},{"start":{},"end":{}}],"line":32},"3":{"loc":{"start":{"line":45,"column":4},"end":{"line":47,"column":5}},"type":"if","locations":[{"start":{"line":45,"column":4},"end":{"line":47,"column":5}},{"start":{},"end":{}}],"line":45},"4":{"loc":{"start":{"line":67,"column":4},"end":{"line":67,"column":27}},"type":"if","locations":[{"start":{"line":67,"column":4},"end":{"line":67,"column":27}},{"start":{},"end":{}}],"line":67},"5":{"loc":{"start":{"line":101,"column":4},"end":{"line":101,"column":27}},"type":"if","locations":[{"start":{"line":101,"column":4},"end":{"line":101,"column":27}},{"start":{},"end":{}}],"line":101},"6":{"loc":{"start":{"line":128,"column":4},"end":{"line":130,"column":5}},"type":"if","locations":[{"start":{"line":128,"column":4},"end":{"line":130,"column":5}},{"start":{},"end":{}}],"line":128},"7":{"loc":{"start":{"line":128,"column":8},"end":{"line":128,"column":33}},"type":"binary-expr","locations":[{"start":{"line":128,"column":8},"end":{"line":128,"column":16}},{"start":{"line":128,"column":20},"end":{"line":128,"column":33}}],"line":128},"8":{"loc":{"start":{"line":141,"column":4},"end":{"line":141,"column":27}},"type":"if","locations":[{"start":{"line":141,"column":4},"end":{"line":141,"column":27}},{"start":{},"end":{}}],"line":141},"9":{"loc":{"start":{"line":170,"column":4},"end":{"line":170,"column":33}},"type":"if","locations":[{"start":{"line":170,"column":4},"end":{"line":170,"column":33}},{"start":{},"end":{}}],"line":170},"10":{"loc":{"start":{"line":179,"column":4},"end":{"line":184,"column":5}},"type":"if","locations":[{"start":{"line":179,"column":4},"end":{"line":184,"column":5}},{"start":{},"end":{}}],"line":179},"11":{"loc":{"start":{"line":204,"column":2},"end":{"line":206,"column":3}},"type":"if","locations":[{"start":{"line":204,"column":2},"end":{"line":206,"column":3}},{"start":{},"end":{}}],"line":204},"12":{"loc":{"start":{"line":204,"column":6},"end":{"line":204,"column":27}},"type":"binary-expr","locations":[{"start":{"line":204,"column":6},"end":{"line":204,"column":16}},{"start":{"line":204,"column":20},"end":{"line":204,"column":27}}],"line":204},"13":{"loc":{"start":{"line":235,"column":4},"end":{"line":239,"column":5}},"type":"if","locations":[{"start":{"line":235,"column":4},"end":{"line":239,"column":5}},{"start":{},"end":{}}],"line":235},"14":{"loc":{"start":{"line":253,"column":4},"end":{"line":255,"column":5}},"type":"if","locations":[{"start":{"line":253,"column":4},"end":{"line":255,"column":5}},{"start":{},"end":{}}],"line":253},"15":{"loc":{"start":{"line":258,"column":4},"end":{"line":264,"column":5}},"type":"if","locations":[{"start":{"line":258,"column":4},"end":{"line":264,"column":5}},{"start":{"line":260,"column":11},"end":{"line":264,"column":5}}],"line":258},"16":{"loc":{"start":{"line":260,"column":11},"end":{"line":264,"column":5}},"type":"if","locations":[{"start":{"line":260,"column":11},"end":{"line":264,"column":5}},{"start":{"line":262,"column":11},"end":{"line":264,"column":5}}],"line":260},"17":{"loc":{"start":{"line":262,"column":11},"end":{"line":264,"column":5}},"type":"if","locations":[{"start":{"line":262,"column":11},"end":{"line":264,"column":5}},{"start":{},"end":{}}],"line":262},"18":{"loc":{"start":{"line":267,"column":4},"end":{"line":273,"column":5}},"type":"if","locations":[{"start":{"line":267,"column":4},"end":{"line":273,"column":5}},{"start":{},"end":{}}],"line":267},"19":{"loc":{"start":{"line":303,"column":2},"end":{"line":303,"column":22}},"type":"if","locations":[{"start":{"line":303,"column":2},"end":{"line":303,"column":22}},{"start":{},"end":{}}],"line":303},"20":{"loc":{"start":{"line":312,"column":2},"end":{"line":325,"column":3}},"type":"if","locations":[{"start":{"line":312,"column":2},"end":{"line":325,"column":3}},{"start":{},"end":{}}],"line":312},"21":{"loc":{"start":{"line":341,"column":2},"end":{"line":341,"column":22}},"type":"if","locations":[{"start":{"line":341,"column":2},"end":{"line":341,"column":22}},{"start":{},"end":{}}],"line":341},"22":{"loc":{"start":{"line":343,"column":26},"end":{"line":343,"column":50}},"type":"binary-expr","locations":[{"start":{"line":343,"column":26},"end":{"line":343,"column":45}},{"start":{"line":343,"column":49},"end":{"line":343,"column":50}}],"line":343},"23":{"loc":{"start":{"line":358,"column":2},"end":{"line":363,"column":3}},"type":"if","locations":[{"start":{"line":358,"column":2},"end":{"line":363,"column":3}},{"start":{},"end":{}}],"line":358}},"s":{"0":1,"1":1,"2":1,"3":5,"4":5,"5":5,"6":1,"7":4,"8":1,"9":3,"10":3,"11":1,"12":2,"13":2,"14":2,"15":1,"16":0,"17":1,"18":1,"19":1,"20":1,"21":2,"22":2,"23":1,"24":0,"25":1,"26":1,"27":1,"28":3,"29":3,"30":3,"31":3,"32":1,"33":2,"34":1,"35":0,"36":1,"37":1,"38":1,"39":2,"40":2,"41":2,"42":1,"43":0,"44":1,"45":1,"46":1,"47":1,"48":1,"49":1,"50":7,"51":7,"52":7,"53":1,"54":6,"55":6,"56":6,"57":6,"58":6,"59":6,"60":1,"61":1,"62":7,"63":7,"64":2,"65":5,"66":5,"67":5,"68":0,"69":5,"70":2,"71":3,"72":2,"73":1,"74":1,"75":4,"76":0,"77":4,"78":1,"79":1,"80":2,"81":2,"82":1,"83":0,"84":1,"85":1,"86":1,"87":1,"88":1,"89":2,"90":2,"91":2,"92":0,"93":2,"94":2,"95":2,"96":2,"97":2,"98":1,"99":1,"100":1,"101":1},"f":{"0":5,"1":2,"2":3,"3":2,"4":7,"5":7,"6":2,"7":2,"8":1},"b":{"0":[1,4],"1":[5,5,4],"2":[1,3],"3":[1,2],"4":[0,1],"5":[0,1],"6":[1,2],"7":[3,3],"8":[0,1],"9":[0,1],"10":[1,0],"11":[1,6],"12":[7,6],"13":[2,5],"14":[0,5],"15":[2,3],"16":[2,1],"17":[1,0],"18":[0,4],"19":[0,1],"20":[1,0],"21":[0,2],"22":[2,0],"23":[1,1]},"_coverageSchema":"1a1c01bbd47fc00a2c39e90264f33305004495a9","hash":"edb0387d5265dc140382c7b437ebfaebf88b7759"}
,"C:\\Users\\venda\\Documents\\funil-gps\\api\\cakto-api.js": {"path":"C:\\Users\\venda\\Documents\\funil-gps\\api\\cakto-api.js","statementMap":{"0":{"start":{"line":5,"column":14},"end":{"line":5,"column":30}},"1":{"start":{"line":9,"column":4},"end":{"line":9,"column":48}},"2":{"start":{"line":10,"column":4},"end":{"line":10,"column":56}},"3":{"start":{"line":11,"column":4},"end":{"line":11,"column":22}},"4":{"start":{"line":12,"column":4},"end":{"line":12,"column":28}},"5":{"start":{"line":16,"column":4},"end":{"line":51,"column":7}},"6":{"start":{"line":17,"column":22},"end":{"line":26,"column":7}},"7":{"start":{"line":28,"column":6},"end":{"line":30,"column":7}},"8":{"start":{"line":29,"column":8},"end":{"line":29,"column":66}},"9":{"start":{"line":32,"column":18},"end":{"line":47,"column":8}},"10":{"start":{"line":33,"column":19},"end":{"line":33,"column":21}},"11":{"start":{"line":34,"column":8},"end":{"line":34,"column":47}},"12":{"start":{"line":34,"column":32},"end":{"line":34,"column":45}},"13":{"start":{"line":35,"column":8},"end":{"line":46,"column":11}},"14":{"start":{"line":36,"column":10},"end":{"line":45,"column":11}},"15":{"start":{"line":37,"column":25},"end":{"line":37,"column":41}},"16":{"start":{"line":38,"column":12},"end":{"line":42,"column":13}},"17":{"start":{"line":39,"column":14},"end":{"line":39,"column":83}},"18":{"start":{"line":41,"column":14},"end":{"line":41,"column":28}},"19":{"start":{"line":44,"column":12},"end":{"line":44,"column":54}},"20":{"start":{"line":49,"column":6},"end":{"line":49,"column":30}},"21":{"start":{"line":50,"column":6},"end":{"line":50,"column":16}},"22":{"start":{"line":55,"column":4},"end":{"line":57,"column":5}},"23":{"start":{"line":56,"column":6},"end":{"line":56,"column":24}},"24":{"start":{"line":59,"column":4},"end":{"line":59,"column":90}},"25":{"start":{"line":61,"column":4},"end":{"line":111,"column":5}},"26":{"start":{"line":65,"column":25},"end":{"line":65,"column":46}},"27":{"start":{"line":66,"column":6},"end":{"line":66,"column":52}},"28":{"start":{"line":67,"column":6},"end":{"line":67,"column":60}},"29":{"start":{"line":68,"column":19},"end":{"line":68,"column":40}},"30":{"start":{"line":70,"column":22},"end":{"line":80,"column":7}},"31":{"start":{"line":82,"column":23},"end":{"line":97,"column":8}},"32":{"start":{"line":83,"column":20},"end":{"line":93,"column":10}},"33":{"start":{"line":84,"column":29},"end":{"line":84,"column":31}},"34":{"start":{"line":85,"column":10},"end":{"line":85,"column":57}},"35":{"start":{"line":85,"column":34},"end":{"line":85,"column":55}},"36":{"start":{"line":86,"column":10},"end":{"line":92,"column":13}},"37":{"start":{"line":87,"column":12},"end":{"line":91,"column":13}},"38":{"start":{"line":88,"column":14},"end":{"line":88,"column":82}},"39":{"start":{"line":90,"column":14},"end":{"line":90,"column":64}},"40":{"start":{"line":94,"column":8},"end":{"line":94,"column":32}},"41":{"start":{"line":95,"column":8},"end":{"line":95,"column":24}},"42":{"start":{"line":96,"column":8},"end":{"line":96,"column":18}},"43":{"start":{"line":99,"column":6},"end":{"line":101,"column":7}},"44":{"start":{"line":100,"column":8},"end":{"line":100,"column":114}},"45":{"start":{"line":103,"column":6},"end":{"line":103,"column":46}},"46":{"start":{"line":104,"column":6},"end":{"line":104,"column":72}},"47":{"start":{"line":106,"column":6},"end":{"line":106,"column":119}},"48":{"start":{"line":107,"column":6},"end":{"line":107,"column":24}},"49":{"start":{"line":109,"column":6},"end":{"line":109,"column":74}},"50":{"start":{"line":110,"column":6},"end":{"line":110,"column":18}},"51":{"start":{"line":115,"column":4},"end":{"line":115,"column":30}},"52":{"start":{"line":116,"column":4},"end":{"line":116,"column":55}},"53":{"start":{"line":117,"column":4},"end":{"line":132,"column":5}},"54":{"start":{"line":118,"column":19},"end":{"line":118,"column":70}},"55":{"start":{"line":119,"column":24},"end":{"line":126,"column":9}},"56":{"start":{"line":119,"column":57},"end":{"line":126,"column":7}},"57":{"start":{"line":127,"column":6},"end":{"line":127,"column":64}},"58":{"start":{"line":128,"column":6},"end":{"line":128,"column":23}},"59":{"start":{"line":130,"column":6},"end":{"line":130,"column":48}},"60":{"start":{"line":131,"column":6},"end":{"line":131,"column":16}},"61":{"start":{"line":136,"column":4},"end":{"line":136,"column":30}},"62":{"start":{"line":137,"column":4},"end":{"line":137,"column":56}},"63":{"start":{"line":138,"column":4},"end":{"line":158,"column":5}},"64":{"start":{"line":139,"column":19},"end":{"line":139,"column":67}},"65":{"start":{"line":140,"column":22},"end":{"line":152,"column":9}},"66":{"start":{"line":140,"column":55},"end":{"line":152,"column":7}},"67":{"start":{"line":153,"column":6},"end":{"line":153,"column":63}},"68":{"start":{"line":154,"column":6},"end":{"line":154,"column":21}},"69":{"start":{"line":156,"column":6},"end":{"line":156,"column":48}},"70":{"start":{"line":157,"column":6},"end":{"line":157,"column":16}},"71":{"start":{"line":162,"column":4},"end":{"line":162,"column":30}},"72":{"start":{"line":163,"column":4},"end":{"line":163,"column":58}},"73":{"start":{"line":164,"column":4},"end":{"line":181,"column":5}},"74":{"start":{"line":165,"column":19},"end":{"line":165,"column":74}},"75":{"start":{"line":166,"column":19},"end":{"line":175,"column":9}},"76":{"start":{"line":166,"column":52},"end":{"line":175,"column":7}},"77":{"start":{"line":176,"column":6},"end":{"line":176,"column":62}},"78":{"start":{"line":177,"column":6},"end":{"line":177,"column":18}},"79":{"start":{"line":179,"column":6},"end":{"line":179,"column":48}},"80":{"start":{"line":180,"column":6},"end":{"line":180,"column":16}},"81":{"start":{"line":185,"column":4},"end":{"line":185,"column":57}},"82":{"start":{"line":186,"column":48},"end":{"line":190,"column":6}},"83":{"start":{"line":191,"column":4},"end":{"line":191,"column":107}},"84":{"start":{"line":195,"column":0},"end":{"line":195,"column":30}}},"fnMap":{"0":{"name":"(anonymous_0)","decl":{"start":{"line":8,"column":2},"end":{"line":8,"column":3}},"loc":{"start":{"line":8,"column":16},"end":{"line":13,"column":3}},"line":8},"1":{"name":"(anonymous_1)","decl":{"start":{"line":15,"column":2},"end":{"line":15,"column":3}},"loc":{"start":{"line":15,"column":30},"end":{"line":52,"column":3}},"line":15},"2":{"name":"(anonymous_2)","decl":{"start":{"line":16,"column":23},"end":{"line":16,"column":24}},"loc":{"start":{"line":16,"column":44},"end":{"line":51,"column":5}},"line":16},"3":{"name":"(anonymous_3)","decl":{"start":{"line":32,"column":41},"end":{"line":32,"column":42}},"loc":{"start":{"line":32,"column":50},"end":{"line":47,"column":7}},"line":32},"4":{"name":"(anonymous_4)","decl":{"start":{"line":34,"column":23},"end":{"line":34,"column":24}},"loc":{"start":{"line":34,"column":32},"end":{"line":34,"column":45}},"line":34},"5":{"name":"(anonymous_5)","decl":{"start":{"line":35,"column":22},"end":{"line":35,"column":23}},"loc":{"start":{"line":35,"column":28},"end":{"line":46,"column":9}},"line":35},"6":{"name":"(anonymous_6)","decl":{"start":{"line":54,"column":2},"end":{"line":54,"column":3}},"loc":{"start":{"line":54,"column":23},"end":{"line":112,"column":3}},"line":54},"7":{"name":"(anonymous_7)","decl":{"start":{"line":82,"column":41},"end":{"line":82,"column":42}},"loc":{"start":{"line":82,"column":62},"end":{"line":97,"column":7}},"line":82},"8":{"name":"(anonymous_8)","decl":{"start":{"line":83,"column":43},"end":{"line":83,"column":44}},"loc":{"start":{"line":83,"column":52},"end":{"line":93,"column":9}},"line":83},"9":{"name":"(anonymous_9)","decl":{"start":{"line":85,"column":25},"end":{"line":85,"column":26}},"loc":{"start":{"line":85,"column":34},"end":{"line":85,"column":55}},"line":85},"10":{"name":"(anonymous_10)","decl":{"start":{"line":86,"column":24},"end":{"line":86,"column":25}},"loc":{"start":{"line":86,"column":30},"end":{"line":92,"column":11}},"line":86},"11":{"name":"(anonymous_11)","decl":{"start":{"line":114,"column":2},"end":{"line":114,"column":3}},"loc":{"start":{"line":114,"column":23},"end":{"line":133,"column":3}},"line":114},"12":{"name":"(anonymous_12)","decl":{"start":{"line":119,"column":51},"end":{"line":119,"column":52}},"loc":{"start":{"line":119,"column":57},"end":{"line":126,"column":7}},"line":119},"13":{"name":"(anonymous_13)","decl":{"start":{"line":135,"column":2},"end":{"line":135,"column":3}},"loc":{"start":{"line":135,"column":21},"end":{"line":159,"column":3}},"line":135},"14":{"name":"(anonymous_14)","decl":{"start":{"line":140,"column":49},"end":{"line":140,"column":50}},"loc":{"start":{"line":140,"column":55},"end":{"line":152,"column":7}},"line":140},"15":{"name":"(anonymous_15)","decl":{"start":{"line":161,"column":2},"end":{"line":161,"column":3}},"loc":{"start":{"line":161,"column":27},"end":{"line":182,"column":3}},"line":161},"16":{"name":"(anonymous_16)","decl":{"start":{"line":166,"column":46}
[...]
3},"end":{"line":7,"column":28}},"1":{"start":{"line":13,"column":13},"end":{"line":26,"column":4}},"2":{"start":{"line":29,"column":2},"end":{"line":29,"column":56}},"3":{"start":{"line":32,"column":13},"end":{"line":32,"column":34}},"4":{"start":{"line":33,"column":2},"end":{"line":33,"column":46}},"5":{"start":{"line":35,"column":2},"end":{"line":35,"column":12}},"6":{"start":{"line":42,"column":13},"end":{"line":42,"column":34}},"7":{"start":{"line":45,"column":22},"end":{"line":56,"column":3}},"8":{"start":{"line":59,"column":2},"end":{"line":67,"column":5}},"9":{"start":{"line":60,"column":4},"end":{"line":66,"column":7}},"10":{"start":{"line":69,"column":23},"end":{"line":69,"column":59}},"11":{"start":{"line":70,"column":2},"end":{"line":70,"column":92}},"12":{"start":{"line":71,"column":2},"end":{"line":71,"column":60}},"13":{"start":{"line":74,"column":20},"end":{"line":83,"column":3}},"14":{"start":{"line":76,"column":42},"end":{"line":82,"column":5}},"15":{"start":{"line":85,"column":21},"end":{"line":85,"column":55}},"16":{"start":{"line":86,"column":2},"end":{"line":86,"column":90}},"17":{"start":{"line":87,"column":2},"end":{"line":87,"column":56}},"18":{"start":{"line":89,"column":2},"end":{"line":89,"column":12}},"19":{"start":{"line":96,"column":13},"end":{"line":96,"column":34}},"20":{"start":{"line":99,"column":22},"end":{"line":109,"column":3}},"21":{"start":{"line":111,"column":2},"end":{"line":118,"column":5}},"22":{"start":{"line":112,"column":4},"end":{"line":117,"column":7}},"23":{"start":{"line":120,"column":23},"end":{"line":120,"column":59}},"24":{"start":{"line":121,"column":2},"end":{"line":121,"column":79}},"25":{"start":{"line":122,"column":2},"end":{"line":122,"column":60}},"26":{"start":{"line":125,"column":23},"end":{"line":127,"column":3}},"27":{"start":{"line":129,"column":2},"end":{"line":137,"column":5}},"28":{"start":{"line":130,"column":4},"end":{"line":136,"column":7}},"29":{"start":{"line":139,"column":24},"end":{"line":139,"column":61}},"30":{"start":{"line":140,"column":2},"end":{"line":140,"column":93}},"31":{"start":{"line":141,"column":2},"end":{"line":141,"column":65}},"32":{"start":{"line":144,"column":21},"end":{"line":146,"column":3}},"33":{"start":{"line":148,"column":2},"end":{"line":156,"column":5}},"34":{"start":{"line":149,"column":4},"end":{"line":155,"column":7}},"35":{"start":{"line":158,"column":22},"end":{"line":158,"column":57}},"36":{"start":{"line":159,"column":2},"end":{"line":159,"column":91}},"37":{"start":{"line":160,"column":2},"end":{"line":160,"column":59}},"38":{"start":{"line":162,"column":2},"end":{"line":162,"column":12}},"39":{"start":{"line":169,"column":13},"end":{"line":169,"column":34}},"40":{"start":{"line":171,"column":15},"end":{"line":183,"column":3}},"41":{"start":{"line":185,"column":16},"end":{"line":185,"column":45}},"42":{"start":{"line":186,"column":2},"end":{"line":186,"column":46}},"43":{"start":{"line":187,"column":2},"end":{"line":187,"column":53}},"44":{"start":{"line":189,"column":2},"end":{"line":189,"column":12}},"45":{"start":{"line":196,"column":13},"end":{"line":196,"column":34}},"46":{"start":{"line":199,"column":22},"end":{"line":217,"column":3}},"47":{"start":{"line":219,"column":23},"end":{"line":219,"column":59}},"48":{"start":{"line":220,"column":2},"end":{"line":220,"column":79}},"49":{"start":{"line":221,"column":2},"end":{"line":221,"column":60}},"50":{"start":{"line":224,"column":20},"end":{"line":234,"column":3}},"51":{"start":{"line":226,"column":46},"end":{"line":233,"column":5}},"52":{"start":{"line":236,"column":21},"end":{"line":236,"column":55}},"53":{"start":{"line":237,"column":2},"end":{"line":237,"column":103}},"54":{"start":{"line":238,"column":2},"end":{"line":238,"column":56}},"55":{"start":{"line":240,"column":2},"end":{"line":240,"column":12}},"56":{"start":{"line":247,"column":2},"end":{"line":247,"column":37}},"57":{"start":{"line":248,"column":2},"end":{"line":248,"column":18}},"58":{"start":{"line":255,"column":2},"end":{"line":255,"column":68}},"59":{"start":{"line":258,"column":0},"end":{"line":266,"column":2}}},"fnMap":{"0":{"name":"generateDREExcel","decl":{"start":{"line":12,"column":9},"end":{"line":12,"column":25}},"loc":{"start":{"line":12,"column":35},"end":{"line":36,"column":1}},"line":12},"1":{"name":"generateCashFlowExcel","decl":{"start":{"line":41,"column":9},"end":{"line":41,"column":30}},"loc":{"start":{"line":41,"column":45},"end":{"line":90,"column":1}},"line":41},"2":{"name":"(anonymous_2)","decl":{"start":{"line":59,"column":48},"end":{"line":59,"column":49}},"loc":{"start":{"line":59,"column":58},"end":{"line":67,"column":3}},"line":59},"3":{"name":"(anonymous_3)","decl":{"start":{"line":76,"column":35},"end":{"line":76,"column":36}},"loc":{"start":{"line":76,"column":42},"end":{"line":82,"column":5}},"line":76},"4":{"name":"generatePaymentStatusExcel","decl":{"start":{"line":95,"column":9},"end":{"line":95,"column":35}},"loc":{"start":{"line":95,"column":48},"end":{"line":163,"column":1}},"line":95},"5":{"name":"(anonymous_5)","decl":{"start":{"line":111,"column":52},"end":{"line":111,"column":53}},"loc":{"start":{"line":111,"column":72},"end":{"line":118,"column":3}},"line":111},"6":{"name":"(anonymous_6)","decl":{"start":{"line":129,"column":47},"end":{"line":129,"column":48}},"loc":{"start":{"line":129,"column":59},"end":{"line":137,"column":3}},"line":129},"7":{"name":"(anonymous_7)","decl":{"start":{"line":148,"column":39},"end":{"line":148,"column":40}},"loc":{"start":{"line":148,"column":51},"end":{"line":156,"column":3}},"line":148},"8":{"name":"generateMetricsExcel","decl":{"start":{"line":168,"column":9},"end":{"line":168,"column":29}},"loc":{"start":{"line":168,"column":43},"end":{"line":190,"column":1}},"line":168},"9":{"name":"generateForecastExcel","decl":{"start":{"line":195,"column":9},"end":{"line":195,"column":30}},"loc":{"start":{"line":195,"column":45},"end":{"line":241,"column":1}},"line":195},"10":{"name":"(anonymous_10)","decl":{"start":{"line":226,"column":39},"end":{"line":226,"column":40}},"loc":{"start":{"line":226,"column":46},"end":{"line":233,"column":5}},"line":226},"11":{"name":"saveExcelToFile","decl":{"start":{"line":246,"column":9},"end":{"line":246,"column":24}},"loc":{"start":{"line":246,"column":45},"end":{"line":249,"column":1}},"line":246},"12":{"name":"generateExcelBuffer","decl":{"start":{"line":254,"column":9},"end":{"line":254,"column":28}},"loc":{"start":{"line":254,"column":39},"end":{"line":256,"column":1}},"line":254}},"branchMap":{},"s":{"0":0,"1":0,"2":0,"3":0,"4":0,"5":0,"6":0,"7":0,"8":0,"9":0,"10":0,"11":0,"12":0,"13":0,"14":0,"15":0,"16":0,"17":0,"18":0,"19":0,"20":0,"21":0,"22":0,"23":0,"24":0,"25":0,"26":0,"27":0,"28":0,"29":0,"30":0,"31":0,"32":0,"33":0,"34":0,"35":0,"36":0,"37":0,"38":0,"39":0,"40":0,"41":0,"42":0,"43":0,"44":0,"45":0,"46":0,"47":0,"48":0,"49":0,"50":0,"51":0,"52":0,"53":0,"54":0,"55":0,"56":0,"57":0,"58":0,"59":0},"f":{"0":0,"1":0,"2":0,"3":0,"4":0,"5":0,"6":0,"7":0,"8":0,"9":0,"10":0,"11":0,"12":0},"b":{}}
,"C:\\Users\\venda\\Documents\\funil-gps\\services\\pdf-export.js": {"path":"C:\\Users\\venda\\Documents\\funil-gps\\services\\pdf-export.js","statementMap":{"0":{"start":{"line":7,"column":20},"end":{"line":7,"column":37}},"1":{"start":{"line":8,"column":11},"end":{"line":8,"column":24}},"2":{"start":{"line":9,"column":13},"end":{"line":9,"column":28}},"3":{"start":{"line":16,"column":14},"end":{"line":19,"column":4}},"4":{"start":{"line":25,"column":6},"end":{"line":25,"column":13}},"5":{"start":{"line":28,"column":2},"end":{"line":28,"column":75}},"6":{"start":{"line":29,"column":2},"end":{"line":29,"column":76}},"7":{"start":{"line":30,"column":2},"end":{"line":30,"column":101}},"8":{"start":{"line":31,"column":2},"end":{"line":31,"column":20}},"9":{"start":{"line":34,"column":2},"end":{"line":34,"column":88}},"10":{"start":{"line":35,"column":2},"end":{"line":35,"column":20}},"11":{"start":{"line":37,"column":23},"end":{"line":43,"column":3}},"12":{"start":{"line":45,"column":2},"end":{"line":45,"column":43}},"13":{"start":{"line":46,"column":2},"end":{"line":46,"column":18}},"14":{"start":{"line":49,"column":2},"end":{"line":49,"column":80}},"15":{"start":{"line":50,"column":2},"end":{"line":50,"column":20}},"16":{"start":{"line":51,"column":2},"end":{"line":51,"column":37}},"17":{"start":{"line":52,"column":2},"end":{"line":52,"column":41}},"18":{"start":{"line":53,"column":2},"end":{"line":53,"column":73}},"19":{"start":{"line":54,"column":2},"end":{"line":54,"column":61}},"20":{"start":{"line":55,"column":2},"end":{"line":55,"column":77}},"21":{"start":{"line":56,"column":2},"end":{"line":56,"column":53}},"22":{"start":{"line":57,"column":2},"end":{"line":57,"column":49}},"23":{"start":{"line":60,"column":2},"end":{"line":62,"column":14}},"24":{"start":{"line":64,"column":2},"end":{"line":69,"column":4}},"25":{"start":{"line":71,"column":2},"end":{"line":71,"column":13}},"26":{"start":{"line":78,"column":14},"end":{"line":78,"column":45}},"27":{"start":{"line":80,"column":66},"end":{"line":80,"column":73}},"28":{"start":{"line":83,"column":2},"end":{"line":83,"column":75}},"29":{"start":{"line":84,"column":2},"end":{"line":84,"column":58}},"30":{"start":{"line":85,"column":2},"end":{"line":85,"column":20}},"31":{"start":{"line":88,"column":22},"end":{"line":88,"column":34}},"32":{"start":{"line":89,"column":2},"end":{"line":89,"column":89}},"33":{"start":{"line":90,"column":2},"end":{"line":90,"column":20}},"34":{"start":{"line":92,"column":23},"end":{"line":97,"column":3}},"35":{"start":{"line":99,"column":2},"end":{"line":99,"column":43}},"36":{"start":{"line":100,"column":2},"end":{"line":100,"column":18}},"37":{"start":{"line":103,"column":2},"end":{"line":103,"column":95}},"38":{"start":{"line":104,"column":2},"end":{"line":104,"column":20}},"39":{"start":{"line":106,"column":24},"end":{"line":106,"column":62}},"40":{"start":{"line":107,"column":21},"end":{"line":112,"column":4}},"41":{"start":{"line":107,"column":68},"end":{"line":112,"column":3}},"42":{"start":{"line":114,"column":2},"end":{"line":114,"column":71}},"43":{"start":{"line":116,"column":2},"end":{"line":116,"column":13}},"44":{"start":{"line":123,"column":14},"end":{"line":123,"column":45}},"45":{"start":{"line":125,"column":71},"end":{"line":125,"column":78}},"46":{"start":{"line":127,"column":2},"end":{"line":127,"column":75}},"47":{"start":{"line":128,"column":2},"end":{"line":128,"column":58}},"48":{"start":{"line":129,"column":2},"end":{"line":129,"column":20}},"49":{"start":{"line":132,"column":22},"end":{"line":132,"column":32}},"50":{"start":{"line":133,"column":2},"end":{"line":133,"column":92}},"51":{"start":{"line":134,"column":2},"end":{"line":134,"column":20}},"52":{"start":{"line":136,"column":23},"end":{"line":142,"column":3}},"53":{"start":{"line":144,"column":2},"end":{"line":144,"column":43}},"54":{"start":{"line":145,"column":2},"end":{"line":145,"column":18}},"55":{"start":{"line":148,"column":2},"end":{"line":148,"column":93}},"56":{"start":{"line":149,"column":2},"end":{"line":149,"column":20}},"57":{"start":{"line":151,"column":23},"end":{"line":151,"column":60}},"58":{"start":{"line":152,"column":20},"end":{"line":157,"column":4}},"59":{"start":{"line":152,"column":86},"end":{"line":157,"column":3}},"60":{"start":{"line":159,"column":2},"end":{"line":159,"column":69}},"61":{"start":{"line":161,"column":2},"end":{"line":161,"column":13}},"62":{"start":{"line":168,"column":20},"end":{"line":168,"column":22}},"63":{"start":{"line":169,"column":22},"end":{"line":169,"column":23}},"64":{"start":{"line":171,"column":18},"end":{"line":171,"column":23}},"65":{"start":{"line":173,"column":2},"end":{"line":195,"column":5}},"66":{"start":{"line":174,"column":20},"end":{"line":174,"column":41}},"67":{"start":{"line":176,"column":4},"end":{"line":192,"column":7}},"68":{"start":{"line":177,"column":20},"end":{"line":177,"column":42}},"69":{"start":{"line":180,"column":6},"end":{"line":180,"column":64}},"70":{"start":{"line":183,"column":6},"end":{"line":189,"column":11}},"71":{"start":{"line":191,"column":6},"end":{"line":191,"column":25}},"72":{"start":{"line":194,"column":4},"end":{"line":194,"column":27}},"73":{"start":{"line":197,"column":2},"end":{"line":197,"column":25}},"74":{"start":{"line":204,"column":2},"end":{"line":212,"column":5}},"75":{"start":{"line":205,"column":24},"end":{"line":205,"column":54}},"76":{"start":{"line":207,"column":4},"end":{"line":207,"column":29}},"77":{"start":{"line":208,"column":4},"end":{"line":208,"column":17}},"78":{"start":{"line":210,"column":4},"end":{"line":210,"column":54}},"79":{"start":{"line":210,"column":35},"end":{"line":210,"column":52}},"80":{"start":{"line":211,"column":4},"end":{"line":211,"column":36}},"81":{"start":{"line":219,"column":2},"end":{"line":227,"column":5}},"82":{"start":{"line":220,"column":19},"end":{"line":220,"column":21}},"83":{"start":{"line":222,"column":4},"end":{"line":222,"column":51}},"84":{"start":{"line":222,"column":31},"end":{"line":222,"column":49}},"85":{"start":{"line":223,"column":4},"end":{"line":223,"column":59}},"86":{"start":{"line":223,"column":27},"end":{"line":223,"column":57}},"87":{"start":{"line":224,"column":4},"end":{"line":224,"column":31}},"88":{"start":{"line":226,"column":4},"end":{"line":226,"column":17}},"89":{"start":{"line":233,"column":2},"end":{"line":236,"column":19}},"90":{"start":{"line":239,"column":0},"end":{"line":245,"column":2}}},"fnMap":{"0":{"name":"generateDREPdf","decl":{"start":{"line":15,"column":9},"end":{"line":15,"column":23}},"loc":{"start":{"line":15,"column":47},"end":{"line":72,"column":1}},"line":15},"1":{"name":"generateCashFlowPdf","decl":{"start":{"line":77,"column":9},"end":{"line":77,"column":28}},"loc":{"start":{"line":77,"column":57},"end":{"line":117,"column":1}},"line":77},"2":{"name":"(anonymous_2)","decl":{"start":{"line":107,"column":63},"end":{"line":107,"column":64}},"loc":{"start":{"line":107,"column":68},"end":{"line":112,"column":3}},"line":107},"3":{"name":"generatePaymentStatusPdf","decl":{"start":{"line":122,"column":9},"end":{"line":122,"column":33}},"loc":{"start":{"line":122,"column":60},"end":{"line":162,"column":1}},"line":122},"4":{"name":"(anonymous_4)","decl":{"start":{"line":152,"column":66},"end":{"line":152,"column":67}},"loc":{"start":{"line":152,"column":86},"end":{"line":157,"column":3}},"line":152},"5":{"name":"drawTable","decl":{"start":{"line":167,"column":9},"end":{"line":167,"column":18}},"loc":{"start":{"line":167,"column":44},"end":{"line":198,"column":1}},"line":167},"6":{"name":"(anonymous_6)","decl":{"start":{"line":173,"column":15},"end":{"line":173,"column":16}},"loc":{"start":{"line":173,"column":34},"end":{"line":195,"column":3}},"line":173},"7":{"name":"(anonymous_7)","decl":{"start":{"line":176,"column":16},"end":{"line":176,"column":17}},"loc":{"start":{"line":176,"column":36},"end":{"line":192,"column":5}},"line":176},"8":{"name":"savePdfToFile","decl":{"start":{"line":203,"column":9},"end":{"line":203,"column":22}},"loc":{"start":{"line":203,"column":41},"end":{"line":213,"column":1}},"line":203},"9":{"name":"(anonymous_9)","decl":{"start":{"line":204,"column":21},"end":{"line":204,"column":22}},"loc":{"start":{"line":204,"column":42},"end":{"line":212,"column":3}},"line":204},"10":{"name":"(anonymous_10)","decl":{"start":{"line":210,"column":29},"end":{"line":210,"column":30}},"loc":{"start":{"line":210,"column":35},"end":{"line":210,"column":52}},"line":210},"11":{"name":"generatePdfBuffer","decl":{"start":{"line":218,"column":9},"end":{"line":218,"column":26}},"loc":{"start":{"line":218,"column":35},"end":{"line":228,"column":1}},"line":218},"12":{"name":"(anonymous_12)","decl":{"start":{"line":219,"column":21},"end":{"line":219,"column":22}},"loc":{"start":{"line":219,"column":42},"end":{"line":227,"column":3}},"line":219},"13":{"name":"(anonymous_13)","decl":{"start":{"line":222,"column":22},"end":{"line":222,"column":23}},"loc":{"start":{"line":222,"column":31},"end":{"line":222,"column":49}},"line":222},"14":{"name":"(anonymous_14)","decl":{"start":{"line":223,"column":21},"end":{"line":223,"column":22}},"loc":{"start":{"line":223,"column":27},"end":{"line":223,"column":57}},"line":223},"15":{"name":"formatCurrency","decl":{"start":{"line":232,"column":9},"end":{"line":232,"column":23}},"loc":{"start":{"line":232,"column":31},"end":{"line":237,"column":1}},"line":232}},"branchMap":{"0":{"loc":{"start":{"line":15,"column":33},"end":{"line":15,"column":45}},"type":"default-arg","locations":[{"start":{"line":15,"column":43},"end":{"line":15,"column":45}}],"line":15},"1":{"loc":{"start":{"line":22,"column":4},"end":{"line":22,"column":24}},"type":"default-arg","locations":[{"start":{"line":22,"column":12},"end":{"line":22,"column":24}}],"line":22},"2":{"loc":{"start":{"line":23,"column":4},"end":{"line":23,"column":27}},"type":"default-arg","locations":[{"start":{"line":23,"column":18},"end":{"line":23,"column":27}}],"line":23},"3":{"loc":{"start":{"line":24,"column":4},"end":{"line":24,"column":55}},"type":"default-arg","locations":[{"start":{"line":24,"column":17},"end":{"line":24,"column":55}}],"line":24},"4":{"loc":{"start":{"line":77,"column":43},"end":{"line":77,"column":55}},"type":"default-arg","locations":[{"start":{"line":77,"column":53},"end":{"line":77,"column":55}}],"line":77},"5":{"loc":{"start":{"line":80,"column":10},"end":{"line":80,"column":36}},"type":"default-arg","locations":[{"start":{"line":80,"column":18},"end":{"line":80,"column":36}}],"line":80},"6":{"loc":{"start":{"line":80,"column":38},"end":{"line":80,"column":61}},"type":"default-arg","locations":[{"start":{"line":80,"column":52},"end":{"line":80,"column":61}}],"line":80},"7":{"loc":{"start":{"line":122,"column":46},"end":{"line":122,"column":58}},"type":"default-arg","locations":[{"start":{"line":122,"column":56},"end":{"line":122,"column":58}}],"line":122},"8":{"loc":{"start":{"line":125,"column":10},"end":{"line":125,"column":41}},"type":"default-arg","locations":[{"start":{"line":125,"column":18},"end":{"line":125,"column":41}}],"line":125},"9":{"loc":{"start":{"line":125,"column":43},"end":{"line":125,"column":66}},"type":"default-arg","locations":[{"start":{"line":125,"column":57},"end":{"line":125,"column":66}}],"line":125},"10":{"loc":{"start":{"line":183,"column":19},"end":{"line":183,"column":42}},"type":"cond-expr","locations":[{"start":{"line":183,"column":36},"end":{"line":183,"column":38}},{"start":{"line":183,"column":41},"end":{"line":183,"column":42}}],"line":183},"11":{"loc":{"start":{"line":184,"column":14},"end":{"line":184,"column":61}},"type":"cond-expr","locations":[{"start":{"line":184,"column":31},"end":{"line":184,"column":47}},{"start":{"line":184,"column":50},"end":{"line":184,"column":61}}],"line":184},"12":{"loc":{"start":{"line":188,"column":17},"end":{"line":188,"column":50}},"type":"cond-expr","locations":[{"start":{"line":188,"column":34},"end":{"line":188,"column":40}},{"start":{"line":188,"column":43},"end":{"line":188,"column":50}}],"line":188}},"s":{"0":0,"1":0,"2":0,"3":0,"4":0,"5":0,"6":0,"7":0,"8":0,"9":0,"10":0,"11":0,"12":0,"13":0,"14":0,"15":0,"16":0,"17":0,"18":0,"19":0,"20":0,"21":0,"22":0,"23":0,"24":0,"25":0,"26":0,"27":0,"28":0,"29":0,"30":0,"31":0,"32":0,"33":0,"34":0,"35":0,"36":0,"37":0,"38":0,"39":0,"40":0,"41":0,"42":0,"43":0,"44":0,"45":0,"46":0,"47":0,"48":0,"49":0,"50":0,"51":0,"52":0,"53":0,"54":0,"55":0,"56":0,"57":0,"58":0,"59":0,"60":0,"61":0,"62":0,"63":0,"64":0,"65":0,"66":0,"67":0,"68":0,"69":0,"70":0,"71":0,"72":0,"73":0,"74":0,"75":0,"76":0,"77":0,"78":0,"79":0,"80":0,"81":0,"82":0,"83":0,"84":0,"85":0,"86":0,"87":0,"88":0,"89":0,"90":0},"f":{"0":0,"1":0,"2":0,"3":0,"4":0,"5":0,"6":0,"7":0,"8":0,"9":0,"10":0,"11":0,"12":0,"13":0,"14":0,"15":0},"b":{"0":[0],"1":[0],"2":[0],"3":[0],"4":[0],"5":[0],"6":[0],"7":[0],"8":[0],"9":[0],"10":[0,0],"11":[0,0],"12":[0,0]}}
}
