TN:
SF:api\advanced-audit-engine.js
FN:9,(anonymous_0)
FN:14,(anonymous_1)
FN:15,(anonymous_2)
FN:45,(anonymous_3)
FN:48,(anonymous_4)
FN:76,(anonymous_5)
FN:81,(anonymous_6)
FN:82,(anonymous_7)
FN:91,(anonymous_8)
FN:94,(anonymous_9)
FN:95,(anonymous_10)
FN:96,(anonymous_11)
FN:120,(anonymous_12)
FN:125,(anonymous_13)
FN:126,(anonymous_14)
FN:137,(anonymous_15)
FN:155,(anonymous_16)
FN:228,(anonymous_17)
FN:233,(anonymous_18)
FN:242,(anonymous_19)
FN:295,(anonymous_20)
FN:301,(anonymous_21)
FN:303,(anonymous_22)
FN:304,(anonymous_23)
FN:312,(anonymous_24)
FN:314,(anonymous_25)
FN:323,(anonymous_26)
FN:361,(anonymous_27)
FN:365,(anonymous_28)
FN:393,(anonymous_29)
FN:412,(anonymous_30)
FN:418,(anonymous_31)
FN:464,(anonymous_32)
FN:473,(anonymous_33)
FNF:34
FNH:0
FNDA:0,(anonymous_0)
FNDA:0,(anonymous_1)
FNDA:0,(anonymous_2)
FNDA:0,(anonymous_3)
FNDA:0,(anonymous_4)
FNDA:0,(anonymous_5)
FNDA:0,(anonymous_6)
FNDA:0,(anonymous_7)
FNDA:0,(anonymous_8)
FNDA:0,(anonymous_9)
FNDA:0,(anonymous_10)
FNDA:0,(anonymous_11)
FNDA:0,(anonymous_12)
FNDA:0,(anonymous_13)
FNDA:0,(anonymous_14)
FNDA:0,(anonymous_15)
FNDA:0,(anonymous_16)
FNDA:0,(anonymous_17)
FNDA:0,(anonymous_18)
FNDA:0,(anonymous_19)
FNDA:0,(anonymous_20)
FNDA:0,(anonymous_21)
FNDA:0,(anonymous_22)
FNDA:0,(anonymous_23)
FNDA:0,(anonymous_24)
FNDA:0,(anonymous_25)
FNDA:0,(anonymous_26)
FNDA:0,(anonymous_27)
FNDA:0,(anonymous_28)
FNDA:0,(anonymous_29)
FNDA:0,(anonymous_30)
FNDA:0,(anonymous_31)
FNDA:0,(anonymous_32)
FNDA:0,(anonymous_33)
DA:10,0
DA:11,0
DA:15,0
DA:16,0
DA:45,0
DA:46,0
DA:48,0
DA:64,0
DA:77,0
DA:78,0
DA:82,0
DA:84,0
DA:91,0
DA:92,0
DA:94,0
DA:95,0
DA:96,0
DA:99,0
DA:100,0
DA:102,0
DA:121,0
DA:122,0
DA:126,0
DA:128,0
DA:137,0
DA:138,0
DA:140,0
DA:150,0
DA:151,0
DA:152,0
DA:155,0
DA:156,0
DA:161,0
DA:162,0
DA:163,0
DA:164,0
DA:167,0
DA:169,0
DA:186,0
DA:187,0
DA:200,0
DA:201,0
DA:202,0
DA:203,0
DA:204,0
DA:205,0
DA:208,0
DA:221,0
DA:229,0
DA:230,0
DA:234,0
DA:242,0
DA:243,0
DA:244,0
DA:257,0
DA:258,0
DA:272,0
DA:278,0
DA:279,0
DA:280,0
DA:294,0
DA:295,0
DA:296,0
DA:297,0
DA:298,0
DA:301,0
DA:302,0
DA:303,0
DA:304,0
DA:305,0
DA:308,0
DA:309,0
DA:312,0
DA:314,0
DA:323,0
DA:324,0
DA:325,0
DA:326,0
DA:339,0
DA:362,0
DA:366,0
DA:392,0
DA:393,0
DA:394,0
DA:395,0
DA:406,0
DA:407,0
DA:408,0
DA:409,0
DA:411,0
DA:412,0
DA:413,0
DA:414,0
DA:418,0
DA:419,0
DA:420,0
DA:424,0
DA:425,0
DA:427,0
DA:428,0
DA:429,0
DA:432,0
DA:433,0
DA:441,0
DA:442,0
DA:450,0
DA:451,0
DA:459,0
DA:465,0
DA:466,0
DA:467,0
DA:468,0
DA:469,0
DA:470,0
DA:474,0
DA:475,0
DA:477,0
DA:478,0
DA:480,0
DA:481,0
DA:483,0
DA:484,0
DA:486,0
DA:487,0
DA:489,0
DA:490,0
DA:492,0
DA:500,0
DA:501,0
DA:506,0
LF:130
LH:0
BRDA:46,0,0,0
BRDA:46,0,1,0
BRDA:92,1,0,0
BRDA:92,1,1,0
BRDA:99,2,0,0
BRDA:99,2,1,0
BRDA:110,3,0,0
BRDA:110,3,1,0
BRDA:138,4,0,0
BRDA:138,4,1,0
BRDA:152,5,0,0
BRDA:152,5,1,0
BRDA:156,6,0,0
BRDA:156,6,1,0
BRDA:162,7,0,0
BRDA:162,7,1,0
BRDA:162,8,0,0
BRDA:162,8,1,0
BRDA:182,9,0,0
BRDA:182,9,1,0
BRDA:182,10,0,0
BRDA:182,10,1,0
BRDA:186,11,0,0
BRDA:186,11,1,0
BRDA:215,12,0,0
BRDA:215,12,1,0
BRDA:243,13,0,0
BRDA:243,13,1,0
BRDA:243,14,0,0
BRDA:243,14,1,0
BRDA:257,15,0,0
BRDA:257,15,1,0
BRDA:257,16,0,0
BRDA:257,16,1,0
BRDA:266,17,0,0
BRDA:266,17,1,0
BRDA:266,18,0,0
BRDA:266,18,1,0
BRDA:272,19,0,0
BRDA:272,19,1,0
BRDA:279,20,0,0
BRDA:279,20,1,0
BRDA:297,21,0,0
BRDA:297,21,1,0
BRDA:302,22,0,0
BRDA:302,22,1,0
BRDA:305,23,0,0
BRDA:305,23,1,0
BRDA:308,24,0,0
BRDA:308,24,1,0
BRDA:325,25,0,0
BRDA:325,25,1,0
BRDA:394,26,0,0
BRDA:394,26,1,0
BRDA:411,27,0,0
BRDA:411,27,1,0
BRDA:412,28,0,0
BRDA:412,28,1,0
BRDA:429,29,0,0
BRDA:429,29,1,0
BRDA:432,30,0,0
BRDA:432,30,1,0
BRDA:441,31,0,0
BRDA:441,31,1,0
BRDA:450,32,0,0
BRDA:450,32,1,0
BRF:66
BRH:0
end_of_record
TN:
SF:api\audit-agents.js
FN:7,(anonymous_0)
FN:12,(anonymous_1)
FN:13,(anonymous_2)
FN:33,(anonymous_3)
FN:48,(anonymous_4)
FN:53,(anonymous_5)
FN:54,(anonymous_6)
FN:62,(anonymous_7)
FN:78,(anonymous_8)
FN:85,(anonymous_9)
FN:122,(anonymous_10)
FN:127,(anonymous_11)
FN:128,(anonymous_12)
FN:150,(anonymous_13)
FN:176,(anonymous_14)
FN:181,(anonymous_15)
FN:186,(anonymous_16)
FN:207,(anonymous_17)
FN:252,(anonymous_18)
FN:253,(anonymous_19)
FN:254,(anonymous_20)
FN:255,(anonymous_21)
FN:256,(anonymous_22)
FN:257,(anonymous_23)
FN:264,(anonymous_24)
FN:268,(anonymous_25)
FN:284,(anonymous_26)
FNF:27
FNH:0
FNDA:0,(anonymous_0)
FNDA:0,(anonymous_1)
FNDA:0,(anonymous_2)
FNDA:0,(anonymous_3)
FNDA:0,(anonymous_4)
FNDA:0,(anonymous_5)
FNDA:0,(anonymous_6)
FNDA:0,(anonymous_7)
FNDA:0,(anonymous_8)
FNDA:0,(anonymous_9)
FNDA:0,(anonymous_10)
FNDA:0,(anonymous_11)
FNDA:0,(anonymous_12)
FNDA:0,(anonymous_13)
FNDA:0,(anonymous_14)
FNDA:0,(anonymous_15)
FNDA:0,(anonymous_16)
FNDA:0,(anonymous_17)
FNDA:0,(anonymous_18)
FNDA:0,(anonymous_19)
FNDA:0,(anonymous_20)
FNDA:0,(anonymous_21)
FNDA:0,(anonymous_22)
FNDA:0,(anonymous_23)
FNDA:0,(anonymous_24)
FNDA:0,(anonymous_25)
FNDA:0,(anonymous_26)
DA:8,0
DA:9,0
DA:13,0
DA:15,0
DA:33,0
DA:34,0
DA:36,0
DA:49,0
DA:50,0
DA:54,0
DA:56,0
DA:62,0
DA:63,0
DA:66,0
DA:78,0
DA:79,0
DA:81,0
DA:82,0
DA:83,0
DA:85,0
DA:86,0
DA:94,0
DA:95,0
DA:96,0
DA:97,0
DA:102,0
DA:103,0
DA:104,0
DA:106,0
DA:123,0
DA:124,0
DA:128,0
DA:130,0
DA:150,0
DA:151,0
DA:153,0
DA:169,0
DA:177,0
DA:178,0
DA:182,0
DA:183,0
DA:186,0
DA:187,0
DA:188,0
DA:189,0
DA:190,0
DA:192,0
DA:193,0
DA:207,0
DA:208,0
DA:209,0
DA:210,0
DA:211,0
DA:213,0
DA:214,0
DA:228,0
DA:229,0
DA:230,0
DA:232,0
DA:233,0
DA:244,0
DA:252,0
DA:253,0
DA:254,0
DA:255,0
DA:256,0
DA:257,0
DA:265,0
DA:269,0
DA:285,0
DA:288,0
DA:291,0
DA:294,0
DA:295,0
DA:296,0
DA:299,0
DA:303,0
LF:77
LH:0
BRDA:34,0,0,0
BRDA:34,0,1,0
BRDA:63,1,0,0
BRDA:63,1,1,0
BRDA:79,2,0,0
BRDA:79,2,1,0
BRDA:94,3,0,0
BRDA:94,3,1,0
BRDA:95,4,0,0
BRDA:95,4,1,0
BRDA:96,5,0,0
BRDA:96,5,1,0
BRDA:97,6,0,0
BRDA:97,6,1,0
BRDA:102,7,0,0
BRDA:102,7,1,0
BRDA:151,8,0,0
BRDA:151,8,1,0
BRDA:164,9,0,0
BRDA:164,9,1,0
BRDA:187,10,0,0
BRDA:187,10,1,0
BRDA:187,11,0,0
BRDA:187,11,1,0
BRDA:192,12,0,0
BRDA:192,12,1,0
BRDA:197,13,0,0
BRDA:197,13,1,0
BRDA:208,14,0,0
BRDA:208,14,1,0
BRDA:208,15,0,0
BRDA:208,15,1,0
BRDA:213,16,0,0
BRDA:213,16,1,0
BRDA:232,17,0,0
BRDA:232,17,1,0
BRDA:279,18,0,0
BRDA:279,18,1,0
BRDA:295,19,0,0
BRDA:295,19,1,0
BRF:40
BRH:0
end_of_record
TN:
SF:api\audit-service.js
FN:15,(anonymous_0)
FN:26,(anonymous_1)
FN:67,(anonymous_2)
FN:90,(anonymous_3)
FNF:4
FNH:0
FNDA:0,(anonymous_0)
FNDA:0,(anonymous_1)
FNDA:0,(anonymous_2)
FNDA:0,(anonymous_3)
DA:12,0
DA:16,0
DA:17,0
DA:27,0
DA:28,0
DA:31,0
DA:32,0
DA:33,0
DA:36,0
DA:37,0
DA:38,0
DA:41,0
DA:42,0
DA:43,0
DA:46,0
DA:47,0
DA:48,0
DA:51,0
DA:52,0
DA:58,0
DA:60,0
DA:62,0
DA:63,0
DA:68,0
DA:90,0
DA:105,0
LF:26
LH:0
BRF:0
BRH:0
end_of_record
TN:
SF:api\auto-sync-service.js
FN:9,(anonymous_0)
FN:15,(anonymous_1)
FN:24,(anonymous_2)
FN:27,(anonymous_3)
FN:35,(anonymous_4)
FN:38,(anonymous_5)
FN:46,(anonymous_6)
FN:54,(anonymous_7)
FN:83,(anonymous_8)
FN:85,(anonymous_9)
FN:92,(anonymous_10)
FN:99,(anonymous_11)
FN:106,(anonymous_12)
FN:113,(anonymous_13)
FNF:14
FNH:0
FNDA:0,(anonymous_0)
FNDA:0,(anonymous_1)
FNDA:0,(anonymous_2)
FNDA:0,(anonymous_3)
FNDA:0,(anonymous_4)
FNDA:0,(anonymous_5)
FNDA:0,(anonymous_6)
FNDA:0,(anonymous_7)
FNDA:0,(anonymous_8)
FNDA:0,(anonymous_9)
FNDA:0,(anonymous_10)
FNDA:0,(anonymous_11)
FNDA:0,(anonymous_12)
FNDA:0,(anonymous_13)
DA:5,0
DA:6,0
DA:10,0
DA:11,0
DA:12,0
DA:16,0
DA:17,0
DA:18,0
DA:21,0
DA:24,0
DA:28,0
DA:29,0
DA:31,0
DA:32,0
DA:36,0
DA:38,0
DA:39,0
DA:40,0
DA:41,0
DA:44,0
DA:46,0
DA:47,0
DA:48,0
DA:49,0
DA:52,0
DA:54,0
DA:55,0
DA:56,0
DA:57,0
DA:60,0
DA:63,0
DA:74,0
DA:75,0
DA:77,0
DA:85,0
DA:86,0
DA:87,0
DA:88,0
DA:92,0
DA:93,0
DA:94,0
DA:95,0
DA:99,0
DA:100,0
DA:101,0
DA:102,0
DA:106,0
DA:107,0
DA:108,0
DA:109,0
DA:113,0
DA:114,0
DA:115,0
DA:116,0
DA:119,0
DA:135,0
LF:56
LH:0
BRDA:16,0,0,0
BRDA:16,0,1,0
BRDA:28,1,0,0
BRDA:28,1,1,0
BRDA:39,2,0,0
BRDA:39,2,1,0
BRDA:44,3,0,0
BRDA:44,3,1,0
BRDA:47,4,0,0
BRDA:47,4,1,0
BRDA:52,5,0,0
BRDA:52,5,1,0
BRDA:55,6,0,0
BRDA:55,6,1,0
BRDA:60,7,0,0
BRDA:60,7,1,0
BRDA:86,8,0,0
BRDA:86,8,1,0
BRDA:93,9,0,0
BRDA:93,9,1,0
BRDA:100,10,0,0
BRDA:100,10,1,0
BRDA:107,11,0,0
BRDA:107,11,1,0
BRDA:114,12,0,0
BRDA:114,12,1,0
BRDA:120,13,0,0
BRDA:120,13,1,0
BRDA:121,14,0,0
BRDA:121,14,1,0
BRDA:122,15,0,0
BRDA:122,15,1,0
BRDA:123,16,0,0
BRDA:123,16,1,0
BRDA:124,17,0,0
BRDA:124,17,1,0
BRF:36
BRH:0
end_of_record
TN:
SF:api\billing.js
FN:22,createSubscription
FN:89,listSubscriptions
FN:117,authorizePix
FN:157,cancelSubscription
FN:200,verifyStripeSignature
FN:232,handleStripeWebhook
FN:288,handleChargePaid
FN:331,handleChargeFailed
FN:369,handleChargeRefunded
FNF:9
FNH:9
FNDA:5,createSubscription
FNDA:2,listSubscriptions
FNDA:3,authorizePix
FNDA:2,cancelSubscription
FNDA:7,verifyStripeSignature
FNDA:7,handleStripeWebhook
FNDA:2,handleChargePaid
FNDA:2,handleChargeFailed
FNDA:1,handleChargeRefunded
DA:6,1
DA:7,1
DA:9,1
DA:23,5
DA:24,5
DA:26,5
DA:27,1
DA:32,4
DA:33,1
DA:39,3
DA:45,3
DA:46,1
DA:50,2
DA:51,2
DA:54,2
DA:67,1
DA:70,1
DA:75,1
DA:77,1
DA:78,1
DA:90,2
DA:91,2
DA:101,1
DA:103,1
DA:105,1
DA:106,1
DA:118,3
DA:119,3
DA:122,3
DA:128,3
DA:129,1
DA:133,2
DA:141,1
DA:143,1
DA:145,1
DA:146,1
DA:158,2
DA:159,2
DA:162,2
DA:170,1
DA:173,1
DA:179,1
DA:180,1
DA:186,1
DA:188,1
DA:189,1
DA:201,7
DA:202,7
DA:204,7
DA:205,1
DA:208,6
DA:209,6
DA:210,6
DA:212,6
DA:213,6
DA:218,6
DA:223,1
DA:224,1
DA:233,7
DA:235,7
DA:236,2
DA:241,5
DA:244,5
DA:253,5
DA:254,0
DA:258,5
DA:259,2
DA:260,3
DA:261,2
DA:262,1
DA:263,1
DA:267,4
DA:268,0
DA:275,4
DA:277,1
DA:278,1
DA:289,2
DA:292,2
DA:303,1
DA:306,1
DA:312,1
DA:314,1
DA:315,1
DA:317,1
DA:332,2
DA:335,2
DA:341,2
DA:343,2
DA:344,2
DA:345,2
DA:348,2
DA:358,2
DA:359,1
DA:370,1
DA:372,1
DA:385,1
LF:96
LH:94
BRDA:26,0,0,1
BRDA:26,0,1,4
BRDA:26,1,0,5
BRDA:26,1,1,5
BRDA:26,1,2,4
BRDA:32,2,0,1
BRDA:32,2,1,3
BRDA:45,3,0,1
BRDA:45,3,1,2
BRDA:67,4,0,0
BRDA:67,4,1,1
BRDA:101,5,0,0
BRDA:101,5,1,1
BRDA:128,6,0,1
BRDA:128,6,1,2
BRDA:128,7,0,3
BRDA:128,7,1,3
BRDA:141,8,0,0
BRDA:141,8,1,1
BRDA:170,9,0,0
BRDA:170,9,1,1
BRDA:179,10,0,1
BRDA:179,10,1,0
BRDA:204,11,0,1
BRDA:204,11,1,6
BRDA:204,12,0,7
BRDA:204,12,1,6
BRDA:235,13,0,2
BRDA:235,13,1,5
BRDA:253,14,0,0
BRDA:253,14,1,5
BRDA:258,15,0,2
BRDA:258,15,1,3
BRDA:260,16,0,2
BRDA:260,16,1,1
BRDA:262,17,0,1
BRDA:262,17,1,0
BRDA:267,18,0,0
BRDA:267,18,1,4
BRDA:303,19,0,0
BRDA:303,19,1,1
BRDA:312,20,0,1
BRDA:312,20,1,0
BRDA:341,21,0,0
BRDA:341,21,1,2
BRDA:343,22,0,2
BRDA:343,22,1,0
BRDA:358,23,0,1
BRDA:358,23,1,1
BRF:49
BRH:37
end_of_record
TN:
SF:api\cakto-api.js
FN:8,(anonymous_0)
FN:15,(anonymous_1)
FN:16,(anonymous_2)
FN:32,(anonymous_3)
FN:34,(anonymous_4)
FN:35,(anonymous_5)
FN:54,(anonymous_6)
FN:82,(anonymous_7)
FN:83,(anonymous_8)
FN:85,(anonymous_9)
FN:86,(anonymous_10)
FN:114,(anonymous_11)
FN:119,(anonymous_12)
FN:135,(anonymous_13)
FN:140,(anonymous_14)
FN:161,(anonymous_15)
FN:166,(anonymous_16)
FN:184,(anonymous_17)
FNF:18
FNH:6
FNDA:2,(anonymous_0)
FNDA:0,(anonymous_1)
FNDA:0,(anonymous_2)
FNDA:0,(anonymous_3)
FNDA:0,(anonymous_4)
FNDA:0,(anonymous_5)
FNDA:3,(anonymous_6)
FNDA:2,(anonymous_7)
FNDA:2,(anonymous_8)
FNDA:2,(anonymous_9)
FNDA:2,(anonymous_10)
FNDA:0,(anonymous_11)
FNDA:0,(anonymous_12)
FNDA:0,(anonymous_13)
FNDA:0,(anonymous_14)
FNDA:0,(anonymous_15)
FNDA:0,(anonymous_16)
FNDA:0,(anonymous_17)
DA:5,1
DA:9,2
DA:10,2
DA:11,2
DA:12,2
DA:16,0
DA:17,0
DA:28,0
DA:29,0
DA:32,0
DA:33,0
DA:34,0
DA:35,0
DA:36,0
DA:37,0
DA:38,0
DA:39,0
DA:41,0
DA:44,0
DA:49,0
DA:50,0
DA:55,3
DA:56,1
DA:59,2
DA:61,2
DA:65,2
DA:66,2
DA:67,2
DA:68,2
DA:70,2
DA:82,2
DA:83,2
DA:84,2
DA:85,2
DA:86,2
DA:87,2
DA:88,2
DA:90,0
DA:94,2
DA:95,2
DA:96,2
DA:99,2
DA:100,0
DA:103,2
DA:104,2
DA:106,2
DA:107,2
DA:109,0
DA:110,0
DA:115,0
DA:116,0
DA:117,0
DA:118,0
DA:119,0
DA:127,0
DA:128,0
DA:130,0
DA:131,0
DA:136,0
DA:137,0
DA:138,0
DA:139,0
DA:140,0
DA:153,0
DA:154,0
DA:156,0
DA:157,0
DA:162,0
DA:163,0
DA:164,0
DA:165,0
DA:166,0
DA:176,0
DA:177,0
DA:179,0
DA:180,0
DA:185,0
DA:186,0
DA:191,0
DA:195,1
LF:80
LH:30
BRDA:28,0,0,0
BRDA:28,0,1,0
BRDA:38,1,0,0
BRDA:38,1,1,0
BRDA:55,2,0,1
BRDA:55,2,1,2
BRDA:55,3,0,3
BRDA:55,3,1,1
BRDA:55,3,2,1
BRDA:99,4,0,0
BRDA:99,4,1,2
BRDA:99,5,0,2
BRDA:99,5,1,2
BRDA:100,6,0,0
BRDA:100,6,1,0
BRDA:119,7,0,0
BRDA:119,7,1,0
BRDA:121,8,0,0
BRDA:121,8,1,0
BRDA:124,9,0,0
BRDA:124,9,1,0
BRDA:140,10,0,0
BRDA:140,10,1,0
BRDA:142,11,0,0
BRDA:142,11,1,0
BRDA:144,12,0,0
BRDA:144,12,1,0
BRDA:145,13,0,0
BRDA:145,13,1,0
BRDA:146,14,0,0
BRDA:146,14,1,0
BRDA:150,15,0,0
BRDA:150,15,1,0
BRDA:166,16,0,0
BRDA:166,16,1,0
BRDA:168,17,0,0
BRDA:168,17,1,0
BRDA:170,18,0,0
BRDA:170,18,1,0
BRDA:171,19,0,0
BRDA:171,19,1,0
BRDA:173,20,0,0
BRDA:173,20,1,0
BRF:43
BRH:8
end_of_record
TN:
SF:api\cakto-auto-sync.js
FN:11,(anonymous_0)
FN:22,(anonymous_1)
FN:31,(anonymous_2)
FN:34,(anonymous_3)
FN:41,(anonymous_4)
FN:59,(anonymous_5)
FN:88,(anonymous_6)
FN:92,(anonymous_7)
FN:108,(anonymous_8)
FN:113,(anonymous_9)
FN:116,(anonymous_10)
FN:122,(anonymous_11)
FN:134,(anonymous_12)
FN:140,(anonymous_13)
FN:201,(anonymous_14)
FN:231,(anonymous_15)
FN:232,(anonymous_16)
FN:240,(anonymous_17)
FN:252,(anonymous_18)
FN:272,(anonymous_19)
FNF:20
FNH:0
FNDA:0,(anonymous_0)
FNDA:0,(anonymous_1)
FNDA:0,(anonymous_2)
FNDA:0,(anonymous_3)
FNDA:0,(anonymous_4)
FNDA:0,(anonymous_5)
FNDA:0,(anonymous_6)
FNDA:0,(anonymous_7)
FNDA:0,(anonymous_8)
FNDA:0,(anonymous_9)
FNDA:0,(anonymous_10)
FNDA:0,(anonymous_11)
FNDA:0,(anonymous_12)
FNDA:0,(anonymous_13)
FNDA:0,(anonymous_14)
FNDA:0,(anonymous_15)
FNDA:0,(anonymous_16)
FNDA:0,(anonymous_17)
FNDA:0,(anonymous_18)
FNDA:0,(anonymous_19)
DA:5,0
DA:6,0
DA:8,0
DA:12,0
DA:13,0
DA:14,0
DA:15,0
DA:16,0
DA:17,0
DA:18,0
DA:19,0
DA:23,0
DA:24,0
DA:25,0
DA:28,0
DA:31,0
DA:35,0
DA:36,0
DA:37,0
DA:38,0
DA:42,0
DA:43,0
DA:45,0
DA:47,0
DA:48,0
DA:49,0
DA:50,0
DA:52,0
DA:55,0
DA:60,0
DA:61,0
DA:62,0
DA:63,0
DA:68,0
DA:69,0
DA:71,0
DA:72,0
DA:74,0
DA:75,0
DA:77,0
DA:78,0
DA:80,0
DA:81,0
DA:83,0
DA:84,0
DA:89,0
DA:92,0
DA:95,0
DA:98,0
DA:101,0
DA:102,0
DA:103,0
DA:104,0
DA:108,0
DA:110,0
DA:114,0
DA:116,0
DA:119,0
DA:122,0
DA:123,0
DA:124,0
DA:127,0
DA:129,0
DA:131,0
DA:134,0
DA:135,0
DA:136,0
DA:137,0
DA:140,0
DA:143,0
DA:144,0
DA:145,0
DA:146,0
DA:147,0
DA:148,0
DA:150,0
DA:151,0
DA:161,0
DA:162,0
DA:180,0
DA:189,0
DA:190,0
DA:191,0
DA:194,0
DA:196,0
DA:197,0
DA:202,0
DA:204,0
DA:205,0
DA:208,0
DA:211,0
DA:212,0
DA:213,0
DA:215,0
DA:216,0
DA:218,0
DA:220,0
DA:226,0
DA:227,0
DA:232,0
DA:233,0
DA:234,0
DA:235,0
DA:240,0
DA:241,0
DA:245,0
DA:246,0
DA:247,0
DA:252,0
DA:253,0
DA:268,0
DA:273,0
DA:282,0
LF:113
LH:0
BRDA:11,0,0,0
BRDA:13,1,0,0
BRDA:13,1,1,0
BRDA:14,2,0,0
BRDA:14,2,1,0
BRDA:15,3,0,0
BRDA:15,3,1,0
BRDA:16,4,0,0
BRDA:16,4,1,0
BRDA:23,5,0,0
BRDA:23,5,1,0
BRDA:35,6,0,0
BRDA:35,6,1,0
BRDA:36,7,0,0
BRDA:36,7,1,0
BRDA:47,8,0,0
BRDA:47,8,1,0
BRDA:47,9,0,0
BRDA:47,9,1,0
BRDA:83,10,0,0
BRDA:83,10,1,0
BRDA:102,11,0,0
BRDA:102,11,1,0
BRDA:129,12,0,0
BRDA:129,12,1,0
BRDA:137,13,0,0
BRDA:137,13,1,0
BRDA:143,14,0,0
BRDA:143,14,1,0
BRDA:144,15,0,0
BRDA:144,15,1,0
BRDA:145,16,0,0
BRDA:145,16,1,0
BRDA:146,17,0,0
BRDA:146,17,1,0
BRDA:147,18,0,0
BRDA:147,18,1,0
BRDA:148,19,0,0
BRDA:148,19,1,0
BRDA:150,20,0,0
BRDA:150,20,1,0
BRDA:150,21,0,0
BRDA:150,21,1,0
BRDA:161,22,0,0
BRDA:161,22,1,0
BRDA:167,23,0,0
BRDA:167,23,1,0
BRDA:170,24,0,0
BRDA:170,24,1,0
BRDA:189,25,0,0
BRDA:189,25,1,0
BRDA:215,26,0,0
BRDA:215,26,1,0
BRDA:216,27,0,0
BRDA:216,27,1,0
BRDA:233,28,0,0
BRDA:233,28,1,0
BRDA:245,29,0,0
BRDA:245,29,1,0
BRF:59
BRH:0
end_of_record
TN:
SF:api\cakto-cookie-sync.js
FN:11,(anonymous_0)
FN:20,(anonymous_1)
FN:26,(anonymous_2)
FN:29,(anonymous_3)
FN:35,(anonymous_4)
FN:53,(anonymous_5)
FN:75,(anonymous_6)
FN:78,(anonymous_7)
FN:89,(anonymous_8)
FN:92,(anonymous_9)
FN:94,(anonymous_10)
FN:101,(anonymous_11)
FN:107,(anonymous_12)
FN:107,(anonymous_13)
FN:170,(anonymous_14)
FN:171,(anonymous_15)
FN:178,(anonymous_16)
FN:189,(anonymous_17)
FN:201,(anonymous_18)
FN:205,(anonymous_19)
FNF:20
FNH:0
FNDA:0,(anonymous_0)
FNDA:0,(anonymous_1)
FNDA:0,(anonymous_2)
FNDA:0,(anonymous_3)
FNDA:0,(anonymous_4)
FNDA:0,(anonymous_5)
FNDA:0,(anonymous_6)
FNDA:0,(anonymous_7)
FNDA:0,(anonymous_8)
FNDA:0,(anonymous_9)
FNDA:0,(anonymous_10)
FNDA:0,(anonymous_11)
FNDA:0,(anonymous_12)
FNDA:0,(anonymous_13)
FNDA:0,(anonymous_14)
FNDA:0,(anonymous_15)
FNDA:0,(anonymous_16)
FNDA:0,(anonymous_17)
FNDA:0,(anonymous_18)
FNDA:0,(anonymous_19)
DA:5,0
DA:6,0
DA:8,0
DA:12,0
DA:13,0
DA:14,0
DA:15,0
DA:16,0
DA:17,0
DA:21,0
DA:22,0
DA:23,0
DA:25,0
DA:26,0
DA:30,0
DA:31,0
DA:32,0
DA:36,0
DA:37,0
DA:39,0
DA:41,0
DA:42,0
DA:43,0
DA:44,0
DA:46,0
DA:49,0
DA:54,0
DA:55,0
DA:56,0
DA:61,0
DA:62,0
DA:65,0
DA:66,0
DA:67,0
DA:68,0
DA:70,0
DA:74,0
DA:75,0
DA:77,0
DA:78,0
DA:79,0
DA:81,0
DA:82,0
DA:84,0
DA:85,0
DA:90,0
DA:92,0
DA:94,0
DA:95,0
DA:96,0
DA:99,0
DA:101,0
DA:102,0
DA:103,0
DA:104,0
DA:107,0
DA:108,0
DA:112,0
DA:113,0
DA:115,0
DA:116,0
DA:117,0
DA:118,0
DA:120,0
DA:121,0
DA:123,0
DA:124,0
DA:134,0
DA:135,0
DA:154,0
DA:163,0
DA:165,0
DA:166,0
DA:171,0
DA:172,0
DA:173,0
DA:178,0
DA:179,0
DA:183,0
DA:184,0
DA:189,0
DA:190,0
DA:197,0
DA:202,0
DA:206,0
DA:215,0
LF:86
LH:0
BRDA:11,0,0,0
BRDA:13,1,0,0
BRDA:13,1,1,0
BRDA:14,2,0,0
BRDA:14,2,1,0
BRDA:15,3,0,0
BRDA:15,3,1,0
BRDA:21,4,0,0
BRDA:21,4,1,0
BRDA:30,5,0,0
BRDA:30,5,1,0
BRDA:41,6,0,0
BRDA:41,6,1,0
BRDA:41,7,0,0
BRDA:41,7,1,0
BRDA:44,8,0,0
BRDA:44,8,1,0
BRDA:65,9,0,0
BRDA:65,9,1,0
BRDA:84,10,0,0
BRDA:84,10,1,0
BRDA:104,11,0,0
BRDA:104,11,1,0
BRDA:115,12,0,0
BRDA:115,12,1,0
BRDA:115,13,0,0
BRDA:115,13,1,0
BRDA:117,14,0,0
BRDA:117,14,1,0
BRDA:120,15,0,0
BRDA:120,15,1,0
BRDA:121,16,0,0
BRDA:121,16,1,0
BRDA:123,17,0,0
BRDA:123,17,1,0
BRDA:134,18,0,0
BRDA:134,18,1,0
BRDA:172,19,0,0
BRDA:172,19,1,0
BRDA:172,20,0,0
BRDA:172,20,1,0
BRDA:183,21,0,0
BRDA:183,21,1,0
BRDA:183,22,0,0
BRDA:183,22,1,0
BRF:45
BRH:0
end_of_record
TN:
SF:api\cakto-integration.js
FN:30,(anonymous_0)
FN:41,(anonymous_1)
FN:51,(anonymous_2)
FN:91,(anonymous_3)
FN:114,(anonymous_4)
FN:116,(anonymous_5)
FN:130,(anonymous_6)
FN:133,(anonymous_7)
FN:161,(anonymous_8)
FN:190,(anonymous_9)
FN:191,(anonymous_10)
FN:202,(anonymous_11)
FN:204,(anonymous_12)
FN:205,(anonymous_13)
FN:220,(anonymous_14)
FN:233,(anonymous_15)
FN:243,(anonymous_16)
FN:268,(anonymous_17)
FNF:18
FNH:0
FNDA:0,(anonymous_0)
FNDA:0,(anonymous_1)
FNDA:0,(anonymous_2)
FNDA:0,(anonymous_3)
FNDA:0,(anonymous_4)
FNDA:0,(anonymous_5)
FNDA:0,(anonymous_6)
FNDA:0,(anonymous_7)
FNDA:0,(anonymous_8)
FNDA:0,(anonymous_9)
FNDA:0,(anonymous_10)
FNDA:0,(anonymous_11)
FNDA:0,(anonymous_12)
FNDA:0,(anonymous_13)
FNDA:0,(anonymous_14)
FNDA:0,(anonymous_15)
FNDA:0,(anonymous_16)
FNDA:0,(anonymous_17)
DA:6,0
DA:7,0
DA:8,0
DA:17,0
DA:18,0
DA:19,0
DA:20,0
DA:22,0
DA:23,0
DA:25,0
DA:31,0
DA:32,0
DA:33,0
DA:34,0
DA:35,0
DA:36,0
DA:38,0
DA:42,0
DA:43,0
DA:52,0
DA:53,0
DA:54,0
DA:58,0
DA:59,0
DA:61,0
DA:81,0
DA:84,0
DA:87,0
DA:90,0
DA:91,0
DA:92,0
DA:93,0
DA:94,0
DA:95,0
DA:96,0
DA:97,0
DA:106,0
DA:107,0
DA:113,0
DA:114,0
DA:115,0
DA:116,0
DA:117,0
DA:120,0
DA:123,0
DA:124,0
DA:130,0
DA:133,0
DA:135,0
DA:136,0
DA:138,0
DA:139,0
DA:142,0
DA:145,0
DA:146,0
DA:148,0
DA:151,0
DA:152,0
DA:153,0
DA:162,0
DA:164,0
DA:175,0
DA:176,0
DA:177,0
DA:178,0
DA:179,0
DA:180,0
DA:187,0
DA:191,0
DA:192,0
DA:202,0
DA:203,0
DA:204,0
DA:205,0
DA:206,0
DA:207,0
DA:209,0
DA:221,0
DA:222,0
DA:223,0
DA:224,0
DA:225,0
DA:226,0
DA:227,0
DA:230,0
DA:234,0
DA:235,0
DA:236,0
DA:245,0
DA:246,0
DA:249,0
DA:250,0
DA:251,0
DA:252,0
DA:253,0
DA:258,0
DA:259,0
DA:260,0
DA:261,0
DA:264,0
DA:265,0
DA:269,0
DA:270,0
DA:271,0
DA:273,0
DA:277,0
LF:106
LH:0
BRDA:30,0,0,0
BRDA:42,1,0,0
BRDA:42,1,1,0
BRDA:52,2,0,0
BRDA:52,2,1,0
BRDA:52,3,0,0
BRDA:52,3,1,0
BRDA:52,3,2,0
BRDA:93,4,0,0
BRDA:93,4,1,0
BRDA:93,5,0,0
BRDA:93,5,1,0
BRDA:93,5,2,0
BRDA:95,6,0,0
BRDA:95,6,1,0
BRDA:96,7,0,0
BRDA:96,7,1,0
BRDA:135,8,0,0
BRDA:135,8,1,0
BRDA:135,9,0,0
BRDA:135,9,1,0
BRDA:138,10,0,0
BRDA:138,10,1,0
BRDA:148,11,0,0
BRDA:148,11,1,0
BRDA:152,12,0,0
BRDA:152,12,1,0
BRDA:178,13,0,0
BRDA:178,13,1,0
BRDA:178,14,0,0
BRDA:178,14,1,0
BRDA:178,14,2,0
BRDA:190,15,0,0
BRDA:222,16,0,0
BRDA:222,16,1,0
BRDA:225,17,0,0
BRDA:225,17,1,0
BRDA:246,18,0,0
BRDA:246,18,1,0
BRDA:249,19,0,0
BRDA:249,19,1,0
BRDA:249,20,0,0
BRDA:249,20,1,0
BRDA:251,21,0,0
BRDA:251,21,1,0
BRDA:259,22,0,0
BRDA:259,22,1,0
BRDA:270,23,0,0
BRDA:270,23,1,0
BRF:49
BRH:0
end_of_record
TN:
SF:api\cakto-network-interceptor.js
FN:10,(anonymous_0)
FN:22,(anonymous_1)
FN:43,(anonymous_2)
FN:44,(anonymous_3)
FN:90,(anonymous_4)
FN:123,(anonymous_5)
FN:134,(anonymous_6)
FN:156,(anonymous_7)
FN:159,(anonymous_8)
FN:167,(anonymous_9)
FN:186,(anonymous_10)
FN:195,(anonymous_11)
FN:206,(anonymous_12)
FN:220,(anonymous_13)
FN:231,(anonymous_14)
FN:245,captureAllData
FNF:16
FNH:0
FNDA:0,(anonymous_0)
FNDA:0,(anonymous_1)
FNDA:0,(anonymous_2)
FNDA:0,(anonymous_3)
FNDA:0,(anonymous_4)
FNDA:0,(anonymous_5)
FNDA:0,(anonymous_6)
FNDA:0,(anonymous_7)
FNDA:0,(anonymous_8)
FNDA:0,(anonymous_9)
FNDA:0,(anonymous_10)
FNDA:0,(anonymous_11)
FNDA:0,(anonymous_12)
FNDA:0,(anonymous_13)
FNDA:0,(anonymous_14)
FNDA:0,captureAllData
DA:6,0
DA:7,0
DA:11,0
DA:12,0
DA:13,0
DA:14,0
DA:15,0
DA:24,0
DA:25,0
DA:27,0
DA:28,0
DA:31,0
DA:32,0
DA:34,0
DA:40,0
DA:43,0
DA:44,0
DA:47,0
DA:48,0
DA:54,0
DA:55,0
DA:56,0
DA:57,0
DA:58,0
DA:61,0
DA:65,0
DA:66,0
DA:72,0
DA:74,0
DA:75,0
DA:81,0
DA:82,0
DA:91,0
DA:92,0
DA:95,0
DA:96,0
DA:99,0
DA:100,0
DA:101,0
DA:104,0
DA:105,0
DA:112,0
DA:114,0
DA:124,0
DA:125,0
DA:135,0
DA:136,0
DA:138,0
DA:140,0
DA:141,0
DA:157,0
DA:159,0
DA:160,0
DA:162,0
DA:163,0
DA:164,0
DA:167,0
DA:168,0
DA:169,0
DA:171,0
DA:172,0
DA:173,0
DA:175,0
DA:176,0
DA:182,0
DA:183,0
DA:187,0
DA:188,0
DA:196,0
DA:197,0
DA:199,0
DA:200,0
DA:203,0
DA:206,0
DA:212,0
DA:213,0
DA:221,0
DA:222,0
DA:223,0
DA:232,0
DA:246,0
DA:248,0
DA:249,0
DA:250,0
DA:251,0
DA:253,0
DA:256,0
LF:87
LH:0
BRDA:54,0,0,0
BRDA:54,0,1,0
BRDA:54,1,0,0
BRDA:54,1,1,0
BRDA:95,2,0,0
BRDA:95,2,1,0
BRDA:95,3,0,0
BRDA:95,3,1,0
BRDA:95,3,2,0
BRDA:96,4,0,0
BRDA:96,4,1,0
BRDA:99,5,0,0
BRDA:99,5,1,0
BRDA:99,6,0,0
BRDA:99,6,1,0
BRDA:125,7,0,0
BRDA:125,7,1,0
BRDA:125,8,0,0
BRDA:125,8,1,0
BRDA:140,9,0,0
BRDA:140,9,1,0
BRDA:159,10,0,0
BRDA:160,11,0,0
BRDA:160,11,1,0
BRDA:160,12,0,0
BRDA:160,12,1,0
BRDA:162,13,0,0
BRDA:162,13,1,0
BRDA:163,14,0,0
BRDA:163,14,1,0
BRDA:163,15,0,0
BRDA:163,15,1,0
BRDA:168,16,0,0
BRDA:168,16,1,0
BRDA:171,17,0,0
BRDA:171,17,1,0
BRDA:171,18,0,0
BRDA:171,18,1,0
BRDA:171,18,2,0
BRDA:172,19,0,0
BRDA:172,19,1,0
BRDA:175,20,0,0
BRDA:175,20,1,0
BRDA:199,21,0,0
BRDA:199,21,1,0
BRDA:221,22,0,0
BRDA:221,22,1,0
BRF:47
BRH:0
end_of_record
TN:
SF:api\cakto-scheduler.js
FN:9,(anonymous_0)
FN:18,(anonymous_1)
FN:28,(anonymous_2)
FN:31,(anonymous_3)
FN:37,(anonymous_4)
FN:45,(anonymous_5)
FN:46,(anonymous_6)
FN:47,(anonymous_7)
FN:58,(anonymous_8)
FN:63,(anonymous_9)
FN:80,(anonymous_10)
FN:82,(anonymous_11)
FN:83,(anonymous_12)
FN:105,(anonymous_13)
FN:106,(anonymous_14)
FN:107,(anonymous_15)
FN:118,(anonymous_16)
FN:119,(anonymous_17)
FN:120,(anonymous_18)
FN:136,(anonymous_19)
FN:137,(anonymous_20)
FN:138,(anonymous_21)
FN:151,(anonymous_22)
FN:157,(anonymous_23)
FN:161,(anonymous_24)
FN:165,(anonymous_25)
FN:166,(anonymous_26)
FN:178,(anonymous_27)
FN:180,(anonymous_28)
FN:181,(anonymous_29)
FN:195,(anonymous_30)
FN:202,(anonymous_31)
FN:210,(anonymous_32)
FN:218,(anonymous_33)
FNF:34
FNH:0
FNDA:0,(anonymous_0)
FNDA:0,(anonymous_1)
FNDA:0,(anonymous_2)
FNDA:0,(anonymous_3)
FNDA:0,(anonymous_4)
FNDA:0,(anonymous_5)
FNDA:0,(anonymous_6)
FNDA:0,(anonymous_7)
FNDA:0,(anonymous_8)
FNDA:0,(anonymous_9)
FNDA:0,(anonymous_10)
FNDA:0,(anonymous_11)
FNDA:0,(anonymous_12)
FNDA:0,(anonymous_13)
FNDA:0,(anonymous_14)
FNDA:0,(anonymous_15)
FNDA:0,(anonymous_16)
FNDA:0,(anonymous_17)
FNDA:0,(anonymous_18)
FNDA:0,(anonymous_19)
FNDA:0,(anonymous_20)
FNDA:0,(anonymous_21)
FNDA:0,(anonymous_22)
FNDA:0,(anonymous_23)
FNDA:0,(anonymous_24)
FNDA:0,(anonymous_25)
FNDA:0,(anonymous_26)
FNDA:0,(anonymous_27)
FNDA:0,(anonymous_28)
FNDA:0,(anonymous_29)
FNDA:0,(anonymous_30)
FNDA:0,(anonymous_31)
FNDA:0,(anonymous_32)
FNDA:0,(anonymous_33)
DA:6,0
DA:10,0
DA:11,0
DA:12,0
DA:13,0
DA:14,0
DA:15,0
DA:19,0
DA:20,0
DA:22,0
DA:25,0
DA:28,0
DA:32,0
DA:33,0
DA:34,0
DA:38,0
DA:40,0
DA:42,0
DA:45,0
DA:46,0
DA:47,0
DA:50,0
DA:52,0
DA:54,0
DA:59,0
DA:60,0
DA:63,0
DA:64,0
DA:65,0
DA:66,0
DA:67,0
DA:69,0
DA:80,0
DA:81,0
DA:82,0
DA:83,0
DA:84,0
DA:85,0
DA:86,0
DA:87,0
DA:88,0
DA:89,0
DA:91,0
DA:94,0
DA:99,0
DA:100,0
DA:101,0
DA:106,0
DA:107,0
DA:119,0
DA:120,0
DA:137,0
DA:138,0
DA:152,0
DA:158,0
DA:162,0
DA:166,0
DA:167,0
DA:178,0
DA:179,0
DA:180,0
DA:181,0
DA:182,0
DA:183,0
DA:185,0
DA:190,0
DA:191,0
DA:197,0
DA:198,0
DA:199,0
DA:202,0
DA:203,0
DA:210,0
DA:211,0
DA:218,0
DA:219,0
DA:227,0
LF:77
LH:0
BRDA:19,0,0,0
BRDA:19,0,1,0
BRDA:32,1,0,0
BRDA:32,1,1,0
BRDA:59,2,0,0
BRDA:59,2,1,0
BRDA:59,3,0,0
BRDA:59,3,1,0
BRDA:59,3,2,0
BRDA:86,4,0,0
BRDA:86,4,1,0
BRDA:107,5,0,0
BRDA:107,5,1,0
BRDA:109,6,0,0
BRDA:109,6,1,0
BRDA:109,6,2,0
BRDA:110,7,0,0
BRDA:110,7,1,0
BRDA:111,8,0,0
BRDA:111,8,1,0
BRDA:112,9,0,0
BRDA:112,9,1,0
BRDA:120,10,0,0
BRDA:120,10,1,0
BRDA:122,11,0,0
BRDA:122,11,1,0
BRDA:123,12,0,0
BRDA:123,12,1,0
BRDA:124,13,0,0
BRDA:124,13,1,0
BRDA:124,13,2,0
BRDA:125,14,0,0
BRDA:125,14,1,0
BRDA:126,15,0,0
BRDA:126,15,1,0
BRDA:130,16,0,0
BRDA:130,16,1,0
BRDA:138,17,0,0
BRDA:138,17,1,0
BRDA:140,18,0,0
BRDA:140,18,1,0
BRDA:141,19,0,0
BRDA:141,19,1,0
BRDA:142,20,0,0
BRDA:142,20,1,0
BRDA:143,21,0,0
BRDA:143,21,1,0
BRDA:145,22,0,0
BRDA:145,22,1,0
BRF:49
BRH:0
end_of_record
TN:
SF:api\cakto.js
FN:26,loadStructuredData
FN:46,caktoRequest
FN:47,(anonymous_2)
FN:61,(anonymous_3)
FN:63,(anonymous_4)
FN:64,(anonymous_5)
FN:76,(anonymous_6)
FN:81,(anonymous_7)
FN:95,fetchCustomers
FN:156,fetchCharges
FN:331,fetchSubscriptions
FN:384,getFinancialData
FN:412,(anonymous_12)
FN:420,(anonymous_13)
FN:429,(anonymous_14)
FN:468,calculateFuturePayments
FN:472,(anonymous_16)
FN:475,(anonymous_17)
FN:495,(anonymous_18)
FN:501,calculateForecaste
FN:506,(anonymous_20)
FN:507,(anonymous_21)
FN:521,calculateMetrics
FN:526,(anonymous_23)
FN:527,(anonymous_24)
FN:530,(anonymous_25)
FN:531,(anonymous_26)
FN:534,(anonymous_27)
FN:535,(anonymous_28)
FN:540,(anonymous_29)
FN:544,(anonymous_30)
FN:550,(anonymous_31)
FN:551,(anonymous_32)
FN:555,(anonymous_33)
FN:563,(anonymous_34)
FNF:35
FNH:0
FNDA:0,loadStructuredData
FNDA:0,caktoRequest
FNDA:0,(anonymous_2)
FNDA:0,(anonymous_3)
FNDA:0,(anonymous_4)
FNDA:0,(anonymous_5)
FNDA:0,(anonymous_6)
FNDA:0,(anonymous_7)
FNDA:0,fetchCustomers
FNDA:0,fetchCharges
FNDA:0,fetchSubscriptions
FNDA:0,getFinancialData
FNDA:0,(anonymous_12)
FNDA:0,(anonymous_13)
FNDA:0,(anonymous_14)
FNDA:0,calculateFuturePayments
FNDA:0,(anonymous_16)
FNDA:0,(anonymous_17)
FNDA:0,(anonymous_18)
FNDA:0,calculateForecaste
FNDA:0,(anonymous_20)
FNDA:0,(anonymous_21)
FNDA:0,calculateMetrics
FNDA:0,(anonymous_23)
FNDA:0,(anonymous_24)
FNDA:0,(anonymous_25)
FNDA:0,(anonymous_26)
FNDA:0,(anonymous_27)
FNDA:0,(anonymous_28)
FNDA:0,(anonymous_29)
FNDA:0,(anonymous_30)
FNDA:0,(anonymous_31)
FNDA:0,(anonymous_32)
FNDA:0,(anonymous_33)
FNDA:0,(anonymous_34)
DA:6,0
DA:7,0
DA:8,0
DA:9,0
DA:11,0
DA:12,0
DA:13,0
DA:16,0
DA:27,0
DA:28,0
DA:29,0
DA:30,0
DA:31,0
DA:33,0
DA:34,0
DA:35,0
DA:36,0
DA:38,0
DA:39,0
DA:47,0
DA:48,0
DA:49,0
DA:51,0
DA:61,0
DA:62,0
DA:63,0
DA:64,0
DA:65,0
DA:66,0
DA:67,0
DA:69,0
DA:71,0
DA:76,0
DA:77,0
DA:78,0
DA:81,0
DA:82,0
DA:83,0
DA:86,0
DA:87,0
DA:96,0
DA:97,0
DA:100,0
DA:101,0
DA:102,0
DA:103,0
DA:107,0
DA:108,0
DA:109,0
DA:110,0
DA:111,0
DA:114,0
DA:118,0
DA:119,0
DA:145,0
DA:146,0
DA:148,0
DA:149,0
DA:157,0
DA:158,0
DA:161,0
DA:162,0
DA:163,0
DA:164,0
DA:168,0
DA:169,0
DA:170,0
DA:171,0
DA:172,0
DA:175,0
DA:179,0
DA:180,0
DA:320,0
DA:321,0
DA:323,0
DA:324,0
DA:332,0
DA:333,0
DA:336,0
DA:337,0
DA:338,0
DA:339,0
DA:343,0
DA:344,0
DA:373,0
DA:374,0
DA:376,0
DA:377,0
DA:385,0
DA:397,0
DA:404,0
DA:406,0
DA:407,0
DA:411,0
DA:412,0
DA:420,0
DA:429,0
DA:441,0
DA:442,0
DA:443,0
DA:444,0
DA:446,0
DA:447,0
DA:452,0
DA:454,0
DA:455,0
DA:469,0
DA:470,0
DA:472,0
DA:473,0
DA:475,0
DA:476,0
DA:478,0
DA:479,0
DA:481,0
DA:495,0
DA:502,0
DA:503,0
DA:505,0
DA:506,0
DA:508,0
DA:509,0
DA:510,0
DA:512,0
DA:515,0
DA:522,0
DA:525,0
DA:526,0
DA:527,0
DA:530,0
DA:531,0
DA:534,0
DA:535,0
DA:538,0
DA:539,0
DA:540,0
DA:541,0
DA:542,0
DA:544,0
DA:547,0
DA:548,0
DA:549,0
DA:550,0
DA:552,0
DA:553,0
DA:555,0
DA:557,0
DA:563,0
DA:571,0
LF:149
LH:0
BRDA:12,0,0,0
BRDA:12,0,1,0
BRDA:13,1,0,0
BRDA:13,1,1,0
BRDA:29,2,0,0
BRDA:29,2,1,0
BRDA:46,3,0,0
BRDA:46,4,0,0
BRDA:66,5,0,0
BRDA:66,5,1,0
BRDA:86,6,0,0
BRDA:86,6,1,0
BRDA:101,7,0,0
BRDA:101,7,1,0
BRDA:109,8,0,0
BRDA:109,8,1,0
BRDA:162,9,0,0
BRDA:162,9,1,0
BRDA:170,10,0,0
BRDA:170,10,1,0
BRDA:337,11,0,0
BRDA:337,11,1,0
BRDA:404,12,0,0
BRDA:404,12,1,0
BRDA:404,12,2,0
BRDA:406,13,0,0
BRDA:406,13,1,0
BRDA:414,14,0,0
BRDA:414,14,1,0
BRDA:418,15,0,0
BRDA:418,15,1,0
BRDA:436,16,0,0
BRDA:436,16,1,0
BRDA:473,17,0,0
BRDA:473,17,1,0
BRDA:476,18,0,0
BRDA:476,18,1,0
BRDA:479,19,0,0
BRDA:479,19,1,0
BRDA:509,20,0,0
BRDA:509,20,1,0
BRDA:509,21,0,0
BRDA:509,21,1,0
BRDA:510,22,0,0
BRDA:510,22,1,0
BRDA:526,23,0,0
BRDA:526,23,1,0
BRDA:527,24,0,0
BRDA:527,24,1,0
BRDA:531,25,0,0
BRDA:531,25,1,0
BRDA:535,26,0,0
BRDA:535,26,1,0
BRDA:542,27,0,0
BRDA:542,27,1,0
BRDA:544,28,0,0
BRDA:544,28,1,0
BRDA:553,29,0,0
BRDA:553,29,1,0
BRDA:555,30,0,0
BRDA:555,30,1,0
BRF:61
BRH:0
end_of_record
TN:
SF:api\clickup.js
FN:21,fetchClickUpList
FN:26,(anonymous_1)
FN:42,(anonymous_2)
FN:44,(anonymous_3)
FN:45,(anonymous_4)
FN:60,(anonymous_5)
FN:65,(anonymous_6)
FN:87,parseClickUpTasks
FN:100,(anonymous_8)
FN:104,(anonymous_9)
FN:109,(anonymous_10)
FN:118,(anonymous_11)
FN:119,(anonymous_12)
FN:130,loadDistribuicao
FN:164,loadFunilByUser
FN:179,(anonymous_15)
FN:183,(anonymous_16)
FN:188,(anonymous_17)
FN:192,(anonymous_18)
FN:200,(anonymous_19)
FN:201,(anonymous_20)
FN:212,(anonymous_21)
FN:233,getMockDistribuicao
FN:264,getMockFunilByUser
FN:315,clearCache
FN:323,fetchClickUpUsers
FN:326,(anonymous_26)
FN:338,(anonymous_27)
FN:340,(anonymous_28)
FN:341,(anonymous_29)
FNF:30
FNH:0
FNDA:0,fetchClickUpList
FNDA:0,(anonymous_1)
FNDA:0,(anonymous_2)
FNDA:0,(anonymous_3)
FNDA:0,(anonymous_4)
FNDA:0,(anonymous_5)
FNDA:0,(anonymous_6)
FNDA:0,parseClickUpTasks
FNDA:0,(anonymous_8)
FNDA:0,(anonymous_9)
FNDA:0,(anonymous_10)
FNDA:0,(anonymous_11)
FNDA:0,(anonymous_12)
FNDA:0,loadDistribuicao
FNDA:0,loadFunilByUser
FNDA:0,(anonymous_15)
FNDA:0,(anonymous_16)
FNDA:0,(anonymous_17)
FNDA:0,(anonymous_18)
FNDA:0,(anonymous_19)
FNDA:0,(anonymous_20)
FNDA:0,(anonymous_21)
FNDA:0,getMockDistribuicao
FNDA:0,getMockFunilByUser
FNDA:0,clearCache
FNDA:0,fetchClickUpUsers
FNDA:0,(anonymous_26)
FNDA:0,(anonymous_27)
FNDA:0,(anonymous_28)
FNDA:0,(anonymous_29)
DA:6,0
DA:8,0
DA:9,0
DA:12,0
DA:22,0
DA:23,0
DA:25,0
DA:26,0
DA:27,0
DA:28,0
DA:31,0
DA:42,0
DA:43,0
DA:44,0
DA:45,0
DA:46,0
DA:47,0
DA:49,0
DA:50,0
DA:53,0
DA:55,0
DA:60,0
DA:61,0
DA:62,0
DA:65,0
DA:66,0
DA:67,0
DA:70,0
DA:73,0
DA:74,0
DA:76,0
DA:77,0
DA:80,0
DA:88,0
DA:99,0
DA:100,0
DA:101,0
DA:104,0
DA:106,0
DA:109,0
DA:110,0
DA:114,0
DA:115,0
DA:118,0
DA:119,0
DA:124,0
DA:132,0
DA:133,0
DA:136,0
DA:137,0
DA:138,0
DA:139,0
DA:143,0
DA:145,0
DA:146,0
DA:149,0
DA:150,0
DA:152,0
DA:154,0
DA:156,0
DA:165,0
DA:166,0
DA:167,0
DA:168,0
DA:172,0
DA:173,0
DA:174,0
DA:176,0
DA:177,0
DA:179,0
DA:181,0
DA:182,0
DA:183,0
DA:187,0
DA:188,0
DA:191,0
DA:192,0
DA:193,0
DA:197,0
DA:200,0
DA:201,0
DA:205,0
DA:206,0
DA:207,0
DA:208,0
DA:212,0
DA:213,0
DA:217,0
DA:218,0
DA:223,0
DA:225,0
DA:226,0
DA:234,0
DA:265,0
DA:267,0
DA:316,0
DA:317,0
DA:324,0
DA:326,0
DA:327,0
DA:338,0
DA:339,0
DA:340,0
DA:341,0
DA:342,0
DA:343,0
DA:344,0
DA:345,0
DA:347,0
DA:350,0
DA:355,0
DA:356,0
DA:357,0
DA:361,0
LF:114
LH:0
BRDA:9,0,0,0
BRDA:9,0,1,0
BRDA:27,1,0,0
BRDA:27,1,1,0
BRDA:49,2,0,0
BRDA:49,2,1,0
BRDA:50,3,0,0
BRDA:50,3,1,0
BRDA:53,4,0,0
BRDA:53,4,1,0
BRDA:76,5,0,0
BRDA:76,5,1,0
BRDA:106,6,0,0
BRDA:106,6,1,0
BRDA:110,7,0,0
BRDA:110,7,1,0
BRDA:114,8,0,0
BRDA:114,8,1,0
BRDA:114,9,0,0
BRDA:114,9,1,0
BRDA:117,10,0,0
BRDA:117,10,1,0
BRDA:118,11,0,0
BRDA:118,11,1,0
BRDA:119,12,0,0
BRDA:119,12,1,0
BRDA:132,13,0,0
BRDA:132,13,1,0
BRDA:132,14,0,0
BRDA:132,14,1,0
BRDA:137,15,0,0
BRDA:137,15,1,0
BRDA:143,16,0,0
BRDA:143,16,1,0
BRDA:146,17,0,0
BRDA:146,17,1,0
BRDA:156,18,0,0
BRDA:156,18,1,0
BRDA:167,19,0,0
BRDA:167,19,1,0
BRDA:172,20,0,0
BRDA:172,20,1,0
BRDA:174,21,0,0
BRDA:174,21,1,0
BRDA:179,22,0,0
BRDA:179,22,1,0
BRDA:181,23,0,0
BRDA:181,23,1,0
BRDA:182,24,0,0
BRDA:182,24,1,0
BRDA:187,25,0,0
BRDA:187,25,1,0
BRDA:188,26,0,0
BRDA:188,26,1,0
BRDA:191,27,0,0
BRDA:191,27,1,0
BRDA:192,28,0,0
BRDA:192,28,1,0
BRDA:193,29,0,0
BRDA:193,29,1,0
BRDA:199,30,0,0
BRDA:199,30,1,0
BRDA:200,31,0,0
BRDA:200,31,1,0
BRDA:201,32,0,0
BRDA:201,32,1,0
BRDA:206,33,0,0
BRDA:206,33,1,0
BRDA:207,34,0,0
BRDA:207,34,1,0
BRDA:217,35,0,0
BRDA:217,35,1,0
BRDA:324,36,0,0
BRDA:324,36,1,0
BRDA:344,37,0,0
BRDA:344,37,1,0
BRDA:347,38,0,0
BRDA:347,38,1,0
BRF:78
BRH:0
end_of_record
TN:
SF:api\consistency-handler.js
FN:12,initConsistencyService
FN:20,(anonymous_1)
FN:24,(anonymous_2)
FN:43,handleGetData
FN:60,handleSaveData
FN:86,handleConsistencyStatus
FN:103,handleReconcile
FNF:7
FNH:0
FNDA:0,initConsistencyService
FNDA:0,(anonymous_1)
FNDA:0,(anonymous_2)
FNDA:0,handleGetData
FNDA:0,handleSaveData
FNDA:0,handleConsistencyStatus
FNDA:0,handleReconcile
DA:6,0
DA:7,0
DA:8,0
DA:10,0
DA:13,0
DA:14,0
DA:16,0
DA:17,0
DA:20,0
DA:21,0
DA:24,0
DA:25,0
DA:29,0
DA:30,0
DA:31,0
DA:32,0
DA:33,0
DA:36,0
DA:40,0
DA:44,0
DA:45,0
DA:46,0
DA:47,0
DA:50,0
DA:51,0
DA:52,0
DA:53,0
DA:55,0
DA:56,0
DA:61,0
DA:62,0
DA:63,0
DA:64,0
DA:67,0
DA:68,0
DA:71,0
DA:74,0
DA:75,0
DA:77,0
DA:78,0
DA:81,0
DA:82,0
DA:87,0
DA:88,0
DA:89,0
DA:90,0
DA:93,0
DA:94,0
DA:95,0
DA:96,0
DA:98,0
DA:99,0
DA:104,0
DA:105,0
DA:106,0
DA:107,0
DA:110,0
DA:111,0
DA:112,0
DA:113,0
DA:115,0
DA:116,0
DA:120,0
LF:63
LH:0
BRDA:16,0,0,0
BRDA:16,0,1,0
BRDA:31,1,0,0
BRDA:31,1,1,0
BRDA:44,2,0,0
BRDA:44,2,1,0
BRDA:61,3,0,0
BRDA:61,3,1,0
BRDA:87,4,0,0
BRDA:87,4,1,0
BRDA:104,5,0,0
BRDA:104,5,1,0
BRF:12
BRH:0
end_of_record
TN:
SF:api\consistency-service.js
FN:10,(anonymous_0)
FN:19,(anonymous_1)
FN:44,(anonymous_2)
FN:51,(anonymous_3)
FN:81,(anonymous_4)
FN:133,(anonymous_5)
FN:163,(anonymous_6)
FN:164,(anonymous_7)
FN:175,(anonymous_8)
FN:183,(anonymous_9)
FN:184,(anonymous_10)
FN:186,(anonymous_11)
FN:219,(anonymous_12)
FN:224,(anonymous_13)
FN:237,(anonymous_14)
FN:241,(anonymous_15)
FN:251,(anonymous_16)
FNF:17
FNH:0
FNDA:0,(anonymous_0)
FNDA:0,(anonymous_1)
FNDA:0,(anonymous_2)
FNDA:0,(anonymous_3)
FNDA:0,(anonymous_4)
FNDA:0,(anonymous_5)
FNDA:0,(anonymous_6)
FNDA:0,(anonymous_7)
FNDA:0,(anonymous_8)
FNDA:0,(anonymous_9)
FNDA:0,(anonymous_10)
FNDA:0,(anonymous_11)
FNDA:0,(anonymous_12)
FNDA:0,(anonymous_13)
FNDA:0,(anonymous_14)
FNDA:0,(anonymous_15)
FNDA:0,(anonymous_16)
DA:6,0
DA:7,0
DA:11,0
DA:12,0
DA:13,0
DA:14,0
DA:15,0
DA:16,0
DA:20,0
DA:21,0
DA:22,0
DA:23,0
DA:25,0
DA:28,0
DA:31,0
DA:33,0
DA:35,0
DA:36,0
DA:45,0
DA:46,0
DA:47,0
DA:50,0
DA:51,0
DA:52,0
DA:54,0
DA:66,0
DA:67,0
DA:68,0
DA:69,0
DA:70,0
DA:72,0
DA:73,0
DA:78,0
DA:79,0
DA:81,0
DA:82,0
DA:83,0
DA:84,0
DA:87,0
DA:88,0
DA:89,0
DA:91,0
DA:92,0
DA:97,0
DA:98,0
DA:99,0
DA:100,0
DA:101,0
DA:103,0
DA:104,0
DA:109,0
DA:116,0
DA:118,0
DA:120,0
DA:124,0
DA:125,0
DA:134,0
DA:135,0
DA:137,0
DA:139,0
DA:140,0
DA:141,0
DA:144,0
DA:147,0
DA:148,0
DA:149,0
DA:153,0
DA:155,0
DA:158,0
DA:159,0
DA:164,0
DA:165,0
DA:168,0
DA:176,0
DA:177,0
DA:179,0
DA:180,0
DA:184,0
DA:185,0
DA:186,0
DA:188,0
DA:189,0
DA:190,0
DA:191,0
DA:192,0
DA:195,0
DA:196,0
DA:197,0
DA:198,0
DA:199,0
DA:200,0
DA:201,0
DA:204,0
DA:205,0
DA:208,0
DA:209,0
DA:220,0
DA:221,0
DA:225,0
DA:226,0
DA:228,0
DA:238,0
DA:242,0
DA:252,0
DA:253,0
DA:258,0
LF:106
LH:0
BRDA:45,0,0,0
BRDA:45,0,1,0
BRDA:52,1,0,0
BRDA:52,2,0,0
BRDA:52,3,0,0
BRDA:82,4,0,0
BRDA:82,4,1,0
BRDA:139,5,0,0
BRDA:139,5,1,0
BRDA:176,6,0,0
BRDA:176,6,1,0
BRDA:189,7,0,0
BRDA:189,7,1,0
BRDA:196,8,0,0
BRDA:196,8,1,0
BRDA:198,9,0,0
BRDA:198,9,1,0
BRDA:200,10,0,0
BRDA:200,10,1,0
BRDA:219,11,0,0
BRDA:226,12,0,0
BRDA:226,12,1,0
BRDA:226,13,0,0
BRDA:226,13,1,0
BRDA:252,14,0,0
BRDA:252,14,1,0
BRF:26
BRH:0
end_of_record
TN:
SF:api\convert-cakto-orders.js
FN:6,convertCaktoOrders
FN:20,(anonymous_1)
FN:110,mapOrderStatus
FN:123,mapPaymentMethod
FN:134,calculateNextChargeDate
FNF:5
FNH:0
FNDA:0,convertCaktoOrders
FNDA:0,(anonymous_1)
FNDA:0,mapOrderStatus
FNDA:0,mapPaymentMethod
FNDA:0,calculateNextChargeDate
DA:8,0
DA:9,0
DA:12,0
DA:13,0
DA:14,0
DA:15,0
DA:18,0
DA:20,0
DA:22,0
DA:23,0
DA:24,0
DA:26,0
DA:27,0
DA:28,0
DA:38,0
DA:52,0
DA:53,0
DA:65,0
DA:66,0
DA:76,0
DA:77,0
DA:92,0
DA:93,0
DA:103,0
DA:111,0
DA:120,0
DA:124,0
DA:131,0
DA:135,0
DA:136,0
DA:138,0
DA:139,0
DA:140,0
DA:144,0
DA:145,0
LF:35
LH:0
BRDA:8,0,0,0
BRDA:8,0,1,0
BRDA:18,1,0,0
BRDA:18,1,1,0
BRDA:18,1,2,0
BRDA:22,2,0,0
BRDA:22,2,1,0
BRDA:22,2,2,0
BRDA:23,3,0,0
BRDA:23,3,1,0
BRDA:23,3,2,0
BRDA:23,3,3,0
BRDA:24,4,0,0
BRDA:24,4,1,0
BRDA:24,4,2,0
BRDA:26,5,0,0
BRDA:26,5,1,0
BRDA:32,6,0,0
BRDA:32,6,1,0
BRDA:32,6,2,0
BRDA:33,7,0,0
BRDA:33,7,1,0
BRDA:39,8,0,0
BRDA:39,8,1,0
BRDA:42,9,0,0
BRDA:42,9,1,0
BRDA:42,9,2,0
BRDA:44,10,0,0
BRDA:44,10,1,0
BRDA:45,11,0,0
BRDA:45,11,1,0
BRDA:45,12,0,0
BRDA:45,12,1,0
BRDA:45,13,0,0
BRDA:45,13,1,0
BRDA:46,14,0,0
BRDA:46,14,1,0
BRDA:46,14,2,0
BRDA:47,15,0,0
BRDA:47,15,1,0
BRDA:48,16,0,0
BRDA:48,16,1,0
BRDA:52,17,0,0
BRDA:52,17,1,0
BRDA:52,18,0,0
BRDA:52,18,1,0
BRDA:54,19,0,0
BRDA:54,19,1,0
BRDA:56,20,0,0
BRDA:56,20,1,0
BRDA:56,20,2,0
BRDA:59,21,0,0
BRDA:59,21,1,0
BRDA:65,22,0,0
BRDA:65,22,1,0
BRDA:76,23,0,0
BRDA:76,23,1,0
BRDA:92,24,0,0
BRDA:92,24,1,0
BRDA:96,25,0,0
BRDA:96,25,1,0
BRDA:120,26,0,0
BRDA:120,26,1,0
BRDA:131,27,0,0
BRDA:131,27,1,0
BRDA:135,28,0,0
BRDA:135,28,1,0
BRDA:144,29,0,0
BRDA:144,29,1,0
BRDA:144,30,0,0
BRDA:144,30,1,0
BRF:71
BRH:0
end_of_record
TN:
SF:api\dashboard-finance.js
FN:9,getDashboardFinance
FN:16,(anonymous_1)
FN:17,(anonymous_2)
FN:19,(anonymous_3)
FN:20,(anonymous_4)
FN:36,(anonymous_5)
FN:37,(anonymous_6)
FN:38,(anonymous_7)
FN:59,(anonymous_8)
FN:60,(anonymous_9)
FN:95,(anonymous_10)
FN:96,(anonymous_11)
FN:97,(anonymous_12)
FN:98,(anonymous_13)
FN:116,getDashboardSummary
FNF:15
FNH:0
FNDA:0,getDashboardFinance
FNDA:0,(anonymous_1)
FNDA:0,(anonymous_2)
FNDA:0,(anonymous_3)
FNDA:0,(anonymous_4)
FNDA:0,(anonymous_5)
FNDA:0,(anonymous_6)
FNDA:0,(anonymous_7)
FNDA:0,(anonymous_8)
FNDA:0,(anonymous_9)
FNDA:0,(anonymous_10)
FNDA:0,(anonymous_11)
FNDA:0,(anonymous_12)
FNDA:0,(anonymous_13)
FNDA:0,getDashboardSummary
DA:7,0
DA:10,0
DA:12,0
DA:13,0
DA:16,0
DA:17,0
DA:18,0
DA:19,0
DA:20,0
DA:22,0
DA:36,0
DA:37,0
DA:38,0
DA:40,0
DA:58,0
DA:59,0
DA:60,0
DA:62,0
DA:95,0
DA:96,0
DA:97,0
DA:98,0
DA:103,0
DA:104,0
DA:106,0
DA:107,0
DA:108,0
DA:117,0
DA:124,0
DA:125,0
DA:128,0
LF:31
LH:0
BRDA:16,0,0,0
BRDA:16,0,1,0
BRDA:19,1,0,0
BRDA:19,1,1,0
BRDA:26,2,0,0
BRDA:26,2,1,0
BRDA:28,3,0,0
BRDA:28,3,1,0
BRDA:29,4,0,0
BRDA:29,4,1,0
BRDA:30,5,0,0
BRDA:30,5,1,0
BRDA:31,6,0,0
BRDA:31,6,1,0
BRDA:32,7,0,0
BRDA:32,7,1,0
BRDA:36,8,0,0
BRDA:36,8,1,0
BRDA:42,9,0,0
BRDA:42,9,1,0
BRDA:43,10,0,0
BRDA:43,10,1,0
BRDA:44,11,0,0
BRDA:44,11,1,0
BRDA:45,12,0,0
BRDA:45,12,1,0
BRDA:49,13,0,0
BRDA:49,13,1,0
BRDA:51,14,0,0
BRDA:51,14,1,0
BRDA:52,15,0,0
BRDA:52,15,1,0
BRDA:54,16,0,0
BRDA:54,16,1,0
BRF:34
BRH:0
end_of_record
TN:
SF:api\database-schema.js
FN:12,(anonymous_0)
FN:16,(anonymous_1)
FN:17,(anonymous_2)
FN:18,(anonymous_3)
FN:30,(anonymous_4)
FN:156,(anonymous_5)
FN:157,(anonymous_6)
FN:158,(anonymous_7)
FN:165,(anonymous_8)
FN:166,(anonymous_9)
FN:167,(anonymous_10)
FN:174,(anonymous_11)
FN:175,(anonymous_12)
FN:176,(anonymous_13)
FN:187,(anonymous_14)
FN:203,(anonymous_15)
FN:226,(anonymous_16)
FN:263,(anonymous_17)
FN:296,(anonymous_18)
FN:320,(anonymous_19)
FN:357,(anonymous_20)
FN:378,(anonymous_21)
FN:392,(anonymous_22)
FN:399,(anonymous_23)
FN:403,(anonymous_24)
FN:404,(anonymous_25)
FN:405,(anonymous_26)
FNF:27
FNH:0
FNDA:0,(anonymous_0)
FNDA:0,(anonymous_1)
FNDA:0,(anonymous_2)
FNDA:0,(anonymous_3)
FNDA:0,(anonymous_4)
FNDA:0,(anonymous_5)
FNDA:0,(anonymous_6)
FNDA:0,(anonymous_7)
FNDA:0,(anonymous_8)
FNDA:0,(anonymous_9)
FNDA:0,(anonymous_10)
FNDA:0,(anonymous_11)
FNDA:0,(anonymous_12)
FNDA:0,(anonymous_13)
FNDA:0,(anonymous_14)
FNDA:0,(anonymous_15)
FNDA:0,(anonymous_16)
FNDA:0,(anonymous_17)
FNDA:0,(anonymous_18)
FNDA:0,(anonymous_19)
FNDA:0,(anonymous_20)
FNDA:0,(anonymous_21)
FNDA:0,(anonymous_22)
FNDA:0,(anonymous_23)
FNDA:0,(anonymous_24)
FNDA:0,(anonymous_25)
FNDA:0,(anonymous_26)
DA:6,0
DA:7,0
DA:9,0
DA:13,0
DA:17,0
DA:18,0
DA:19,0
DA:20,0
DA:21,0
DA:23,0
DA:24,0
DA:31,0
DA:145,0
DA:146,0
DA:149,0
DA:157,0
DA:158,0
DA:159,0
DA:160,0
DA:166,0
DA:167,0
DA:168,0
DA:169,0
DA:175,0
DA:176,0
DA:177,0
DA:178,0
DA:188,0
DA:189,0
DA:190,0
DA:191,0
DA:192,0
DA:194,0
DA:195,0
DA:204,0
DA:215,0
DA:227,0
DA:246,0
DA:264,0
DA:279,0
DA:297,0
DA:298,0
DA:300,0
DA:305,0
DA:321,0
DA:324,0
DA:326,0
DA:328,0
DA:333,0
DA:334,0
DA:335,0
DA:338,0
DA:339,0
DA:340,0
DA:354,0
DA:358,0
DA:363,0
DA:379,0
DA:380,0
DA:381,0
DA:383,0
DA:393,0
DA:396,0
DA:400,0
DA:404,0
DA:405,0
DA:406,0
DA:408,0
DA:409,0
DA:416,0
LF:70
LH:0
BRDA:19,0,0,0
BRDA:19,0,1,0
BRDA:156,1,0,0
BRDA:159,2,0,0
BRDA:159,2,1,0
BRDA:165,3,0,0
BRDA:168,4,0,0
BRDA:168,4,1,0
BRDA:174,5,0,0
BRDA:177,6,0,0
BRDA:177,6,1,0
BRDA:218,7,0,0
BRDA:218,7,1,0
BRDA:219,8,0,0
BRDA:219,8,1,0
BRDA:220,9,0,0
BRDA:220,9,1,0
BRDA:221,10,0,0
BRDA:221,10,1,0
BRDA:222,11,0,0
BRDA:222,11,1,0
BRDA:250,12,0,0
BRDA:250,12,1,0
BRDA:251,13,0,0
BRDA:251,13,1,0
BRDA:252,14,0,0
BRDA:252,14,1,0
BRDA:253,15,0,0
BRDA:253,15,1,0
BRDA:254,16,0,0
BRDA:254,16,1,0
BRDA:255,17,0,0
BRDA:255,17,1,0
BRDA:256,18,0,0
BRDA:256,18,1,0
BRDA:257,19,0,0
BRDA:257,19,1,0
BRDA:258,20,0,0
BRDA:258,20,1,0
BRDA:259,21,0,0
BRDA:259,21,1,0
BRDA:282,22,0,0
BRDA:282,22,1,0
BRDA:283,23,0,0
BRDA:283,23,1,0
BRDA:284,24,0,0
BRDA:284,24,1,0
BRDA:285,25,0,0
BRDA:285,25,1,0
BRDA:286,26,0,0
BRDA:286,26,1,0
BRDA:287,27,0,0
BRDA:287,27,1,0
BRDA:288,28,0,0
BRDA:288,28,1,0
BRDA:309,29,0,0
BRDA:309,29,1,0
BRDA:310,30,0,0
BRDA:310,30,1,0
BRDA:333,31,0,0
BRDA:333,31,1,0
BRDA:339,32,0,0
BRDA:339,32,1,0
BRDA:406,33,0,0
BRDA:406,33,1,0
BRF:65
BRH:0
end_of_record
TN:
SF:api\financial-model.js
FN:7,(anonymous_0)
FN:40,(anonymous_1)
FN:46,(anonymous_2)
FN:47,(anonymous_3)
FN:50,(anonymous_4)
FN:60,(anonymous_5)
FN:71,(anonymous_6)
FN:79,(anonymous_7)
FN:79,(anonymous_8)
FN:92,(anonymous_9)
FN:102,(anonymous_10)
FN:102,(anonymous_11)
FN:126,(anonymous_12)
FN:132,(anonymous_13)
FN:133,(anonymous_14)
FN:136,(anonymous_15)
FN:144,(anonymous_16)
FN:150,(anonymous_17)
FN:154,(anonymous_18)
FN:163,(anonymous_19)
FN:168,(anonymous_20)
FN:177,(anonymous_21)
FN:203,(anonymous_22)
FN:213,(anonymous_23)
FN:232,(anonymous_24)
FN:262,(anonymous_25)
FN:300,(anonymous_26)
FN:308,(anonymous_27)
FN:313,(anonymous_28)
FN:327,(anonymous_29)
FN:365,(anonymous_30)
FN:372,(anonymous_31)
FNF:32
FNH:0
FNDA:0,(anonymous_0)
FNDA:0,(anonymous_1)
FNDA:0,(anonymous_2)
FNDA:0,(anonymous_3)
FNDA:0,(anonymous_4)
FNDA:0,(anonymous_5)
FNDA:0,(anonymous_6)
FNDA:0,(anonymous_7)
FNDA:0,(anonymous_8)
FNDA:0,(anonymous_9)
FNDA:0,(anonymous_10)
FNDA:0,(anonymous_11)
FNDA:0,(anonymous_12)
FNDA:0,(anonymous_13)
FNDA:0,(anonymous_14)
FNDA:0,(anonymous_15)
FNDA:0,(anonymous_16)
FNDA:0,(anonymous_17)
FNDA:0,(anonymous_18)
FNDA:0,(anonymous_19)
FNDA:0,(anonymous_20)
FNDA:0,(anonymous_21)
FNDA:0,(anonymous_22)
FNDA:0,(anonymous_23)
FNDA:0,(anonymous_24)
FNDA:0,(anonymous_25)
FNDA:0,(anonymous_26)
FNDA:0,(anonymous_27)
FNDA:0,(anonymous_28)
FNDA:0,(anonymous_29)
FNDA:0,(anonymous_30)
FNDA:0,(anonymous_31)
DA:9,0
DA:45,0
DA:46,0
DA:47,0
DA:55,0
DA:56,0
DA:57,0
DA:65,0
DA:66,0
DA:67,0
DA:68,0
DA:76,0
DA:78,0
DA:79,0
DA:80,0
DA:82,0
DA:85,0
DA:86,0
DA:87,0
DA:89,0
DA:97,0
DA:99,0
DA:100,0
DA:102,0
DA:103,0
DA:104,0
DA:107,0
DA:108,0
DA:109,0
DA:111,0
DA:131,0
DA:132,0
DA:133,0
DA:141,0
DA:149,0
DA:150,0
DA:151,0
DA:158,0
DA:159,0
DA:160,0
DA:168,0
DA:169,0
DA:170,0
DA:185,0
DA:186,0
DA:188,0
DA:189,0
DA:190,0
DA:192,0
DA:200,0
DA:208,0
DA:209,0
DA:211,0
DA:212,0
DA:213,0
DA:215,0
DA:216,0
DA:217,0
DA:218,0
DA:220,0
DA:229,0
DA:237,0
DA:238,0
DA:240,0
DA:241,0
DA:243,0
DA:244,0
DA:246,0
DA:255,0
DA:272,0
DA:273,0
DA:274,0
DA:275,0
DA:276,0
DA:277,0
DA:280,0
DA:286,0
DA:305,0
DA:306,0
DA:308,0
DA:309,0
DA:310,0
DA:313,0
DA:332,0
DA:366,0
DA:373,0
DA:377,0
LF:87
LH:0
BRDA:47,0,0,0
BRDA:47,0,1,0
BRDA:55,1,0,0
BRDA:55,1,1,0
BRDA:56,2,0,0
BRDA:56,2,1,0
BRDA:60,3,0,0
BRDA:65,4,0,0
BRDA:65,4,1,0
BRDA:67,5,0,0
BRDA:67,5,1,0
BRDA:133,6,0,0
BRDA:133,6,1,0
BRDA:149,7,0,0
BRDA:149,7,1,0
BRDA:159,8,0,0
BRDA:159,8,1,0
BRDA:169,9,0,0
BRDA:169,9,1,0
BRDA:177,10,0,0
BRDA:203,11,0,0
BRDA:232,12,0,0
BRDA:232,13,0,0
BRDA:277,14,0,0
BRDA:277,14,1,0
BRDA:293,15,0,0
BRDA:293,15,1,0
BRDA:294,16,0,0
BRDA:294,16,1,0
BRDA:295,17,0,0
BRDA:295,17,1,0
BRDA:296,18,0,0
BRDA:296,18,1,0
BRDA:300,19,0,0
BRDA:309,20,0,0
BRDA:309,20,1,0
BRDA:310,21,0,0
BRDA:310,21,1,0
BRDA:319,22,0,0
BRDA:319,22,1,0
BRDA:319,23,0,0
BRDA:319,23,1,0
BRF:42
BRH:0
end_of_record
TN:
SF:api\forecast-handler.js
FN:10,initForecastService
FN:19,handleDashboard
FN:42,handleCashFlow
FN:61,handleChurn
FN:80,handleGrowth
FN:100,handleAtRisk
FN:119,handleAlerts
FN:135,handleScenarios
FN:151,handleClearCache
FN:168,handleCustomersDetail
FN:204,(anonymous_10)
FNF:11
FNH:0
FNDA:0,initForecastService
FNDA:0,handleDashboard
FNDA:0,handleCashFlow
FNDA:0,handleChurn
FNDA:0,handleGrowth
FNDA:0,handleAtRisk
FNDA:0,handleAlerts
FNDA:0,handleScenarios
FNDA:0,handleClearCache
FNDA:0,handleCustomersDetail
FNDA:0,(anonymous_10)
DA:6,0
DA:8,0
DA:14,0
DA:15,0
DA:16,0
DA:24,0
DA:25,0
DA:26,0
DA:27,0
DA:32,0
DA:33,0
DA:34,0
DA:36,0
DA:37,0
DA:38,0
DA:47,0
DA:48,0
DA:49,0
DA:51,0
DA:52,0
DA:53,0
DA:55,0
DA:56,0
DA:57,0
DA:66,0
DA:67,0
DA:68,0
DA:70,0
DA:71,0
DA:72,0
DA:74,0
DA:75,0
DA:76,0
DA:85,0
DA:86,0
DA:87,0
DA:88,0
DA:90,0
DA:91,0
DA:92,0
DA:94,0
DA:95,0
DA:96,0
DA:105,0
DA:106,0
DA:107,0
DA:109,0
DA:110,0
DA:111,0
DA:113,0
DA:114,0
DA:115,0
DA:124,0
DA:125,0
DA:126,0
DA:127,0
DA:129,0
DA:130,0
DA:131,0
DA:140,0
DA:141,0
DA:142,0
DA:143,0
DA:145,0
DA:146,0
DA:147,0
DA:156,0
DA:157,0
DA:158,0
DA:160,0
DA:161,0
DA:163,0
DA:164,0
DA:173,0
DA:174,0
DA:175,0
DA:176,0
DA:179,0
DA:182,0
DA:204,0
DA:205,0
DA:210,0
DA:215,0
DA:222,0
DA:223,0
DA:225,0
DA:226,0
DA:227,0
DA:231,0
LF:89
LH:0
BRDA:25,0,0,0
BRDA:25,0,1,0
BRDA:49,1,0,0
BRDA:49,1,1,0
BRDA:68,2,0,0
BRDA:68,2,1,0
BRDA:87,3,0,0
BRDA:87,3,1,0
BRDA:88,4,0,0
BRDA:88,4,1,0
BRDA:107,5,0,0
BRDA:107,5,1,0
BRDA:157,6,0,0
BRDA:157,6,1,0
BRDA:174,7,0,0
BRDA:174,7,1,0
BRDA:174,8,0,0
BRDA:174,8,1,0
BRDA:182,9,0,0
BRDA:182,9,1,0
BRDA:205,10,0,0
BRDA:205,10,1,0
BRDA:210,11,0,0
BRDA:210,11,1,0
BRF:24
BRH:0
end_of_record
TN:
SF:api\forecast-service.js
FN:9,(anonymous_0)
FN:20,(anonymous_1)
FN:24,(anonymous_2)
FN:34,(anonymous_3)
FN:41,(anonymous_4)
FN:49,(anonymous_5)
FN:69,(anonymous_6)
FN:138,(anonymous_7)
FN:147,(anonymous_8)
FN:166,(anonymous_9)
FN:177,(anonymous_10)
FN:188,(anonymous_11)
FN:199,(anonymous_12)
FN:211,(anonymous_13)
FN:222,(anonymous_14)
FN:234,(anonymous_15)
FN:246,(anonymous_16)
FN:259,(anonymous_17)
FN:309,(anonymous_18)
FN:327,(anonymous_19)
FN:339,(anonymous_20)
FN:344,(anonymous_21)
FN:349,(anonymous_22)
FNF:23
FNH:0
FNDA:0,(anonymous_0)
FNDA:0,(anonymous_1)
FNDA:0,(anonymous_2)
FNDA:0,(anonymous_3)
FNDA:0,(anonymous_4)
FNDA:0,(anonymous_5)
FNDA:0,(anonymous_6)
FNDA:0,(anonymous_7)
FNDA:0,(anonymous_8)
FNDA:0,(anonymous_9)
FNDA:0,(anonymous_10)
FNDA:0,(anonymous_11)
FNDA:0,(anonymous_12)
FNDA:0,(anonymous_13)
FNDA:0,(anonymous_14)
FNDA:0,(anonymous_15)
FNDA:0,(anonymous_16)
FNDA:0,(anonymous_17)
FNDA:0,(anonymous_18)
FNDA:0,(anonymous_19)
FNDA:0,(anonymous_20)
FNDA:0,(anonymous_21)
FNDA:0,(anonymous_22)
DA:6,0
DA:10,0
DA:11,0
DA:12,0
DA:13,0
DA:21,0
DA:25,0
DA:26,0
DA:27,0
DA:28,0
DA:29,0
DA:31,0
DA:35,0
DA:42,0
DA:53,0
DA:54,0
DA:55,0
DA:56,0
DA:58,0
DA:60,0
DA:61,0
DA:74,0
DA:75,0
DA:76,0
DA:78,0
DA:80,0
DA:138,0
DA:143,0
DA:144,0
DA:151,0
DA:170,0
DA:171,0
DA:172,0
DA:174,0
DA:175,0
DA:177,0
DA:184,0
DA:185,0
DA:192,0
DA:193,0
DA:194,0
DA:196,0
DA:197,0
DA:199,0
DA:207,0
DA:208,0
DA:215,0
DA:216,0
DA:217,0
DA:219,0
DA:220,0
DA:222,0
DA:230,0
DA:231,0
DA:238,0
DA:239,0
DA:240,0
DA:242,0
DA:243,0
DA:246,0
DA:251,0
DA:252,0
DA:263,0
DA:265,0
DA:268,0
DA:269,0
DA:270,0
DA:276,0
DA:277,0
DA:286,0
DA:287,0
DA:288,0
DA:297,0
DA:298,0
DA:299,0
DA:308,0
DA:309,0
DA:310,0
DA:311,0
DA:320,0
DA:331,0
DA:333,0
DA:334,0
DA:335,0
DA:337,0
DA:339,0
DA:344,0
DA:349,0
DA:359,0
LF:89
LH:0
BRDA:20,0,0,0
BRDA:21,1,0,0
BRDA:21,1,1,0
BRDA:26,2,0,0
BRDA:26,2,1,0
BRDA:27,3,0,0
BRDA:27,3,1,0
BRDA:76,4,0,0
BRDA:76,4,1,0
BRDA:166,5,0,0
BRDA:172,6,0,0
BRDA:172,6,1,0
BRDA:188,7,0,0
BRDA:194,8,0,0
BRDA:194,8,1,0
BRDA:211,9,0,0
BRDA:211,10,0,0
BRDA:217,11,0,0
BRDA:217,11,1,0
BRDA:234,12,0,0
BRDA:240,13,0,0
BRDA:240,13,1,0
BRDA:269,14,0,0
BRDA:269,14,1,0
BRDA:276,15,0,0
BRDA:276,15,1,0
BRDA:287,16,0,0
BRDA:287,16,1,0
BRDA:298,17,0,0
BRDA:298,17,1,0
BRDA:310,18,0,0
BRDA:310,18,1,0
BRDA:312,19,0,0
BRDA:312,19,1,0
BRF:34
BRH:0
end_of_record
TN:
SF:api\funil-by-user.js
FN:8,(anonymous_0)
FN:27,(anonymous_1)
FN:29,(anonymous_2)
FN:31,(anonymous_3)
FN:32,(anonymous_4)
FN:45,(anonymous_5)
FNF:6
FNH:0
FNDA:0,(anonymous_0)
FNDA:0,(anonymous_1)
FNDA:0,(anonymous_2)
FNDA:0,(anonymous_3)
FNDA:0,(anonymous_4)
FNDA:0,(anonymous_5)
DA:6,0
DA:8,0
DA:9,0
DA:10,0
DA:11,0
DA:12,0
DA:14,0
DA:15,0
DA:16,0
DA:19,0
DA:20,0
DA:21,0
DA:24,0
DA:25,0
DA:27,0
DA:28,0
DA:29,0
DA:30,0
DA:31,0
DA:32,0
DA:34,0
DA:42,0
DA:45,0
DA:50,0
DA:51,0
DA:53,0
DA:54,0
DA:55,0
LF:28
LH:0
BRDA:14,0,0,0
BRDA:14,0,1,0
BRDA:19,1,0,0
BRDA:19,1,1,0
BRF:4
BRH:0
end_of_record
TN:
SF:api\get-clients-data.js
FN:8,getClientsData
FNF:1
FNH:0
FNDA:0,getClientsData
DA:6,0
DA:9,0
DA:10,0
DA:11,0
DA:13,0
DA:35,0
DA:36,0
DA:37,0
DA:39,0
DA:40,0
DA:44,0
LF:11
LH:0
BRDA:13,0,0,0
BRDA:13,0,1,0
BRF:2
BRH:0
end_of_record
TN:
SF:api\import-handler.js
FN:10,(anonymous_0)
FN:17,(anonymous_1)
FN:55,(anonymous_2)
FN:99,(anonymous_3)
FN:141,(anonymous_4)
FN:164,(anonymous_5)
FN:191,(anonymous_6)
FN:196,(anonymous_7)
FN:202,(anonymous_8)
FN:211,(anonymous_9)
FNF:10
FNH:0
FNDA:0,(anonymous_0)
FNDA:0,(anonymous_1)
FNDA:0,(anonymous_2)
FNDA:0,(anonymous_3)
FNDA:0,(anonymous_4)
FNDA:0,(anonymous_5)
FNDA:0,(anonymous_6)
FNDA:0,(anonymous_7)
FNDA:0,(anonymous_8)
FNDA:0,(anonymous_9)
DA:6,0
DA:7,0
DA:11,0
DA:18,0
DA:19,0
DA:22,0
DA:23,0
DA:25,0
DA:26,0
DA:27,0
DA:29,0
DA:34,0
DA:43,0
DA:45,0
DA:49,0
DA:56,0
DA:57,0
DA:60,0
DA:61,0
DA:63,0
DA:64,0
DA:65,0
DA:67,0
DA:74,0
DA:87,0
DA:89,0
DA:93,0
DA:100,0
DA:101,0
DA:104,0
DA:105,0
DA:107,0
DA:108,0
DA:109,0
DA:111,0
DA:118,0
DA:129,0
DA:131,0
DA:135,0
DA:142,0
DA:145,0
DA:146,0
DA:147,0
DA:148,0
DA:150,0
DA:153,0
DA:156,0
DA:164,0
DA:165,0
DA:166,0
DA:169,0
DA:170,0
DA:173,0
DA:174,0
DA:178,0
DA:179,0
DA:180,0
DA:181,0
DA:183,0
DA:184,0
DA:192,0
DA:193,0
DA:197,0
DA:198,0
DA:199,0
DA:203,0
DA:204,0
DA:205,0
DA:212,0
DA:249,0
LF:70
LH:0
BRDA:18,0,0,0
BRDA:18,0,1,0
BRDA:37,1,0,0
BRDA:37,1,1,0
BRDA:38,2,0,0
BRDA:38,2,1,0
BRDA:39,3,0,0
BRDA:39,3,1,0
BRDA:56,4,0,0
BRDA:56,4,1,0
BRDA:78,5,0,0
BRDA:78,5,1,0
BRDA:79,6,0,0
BRDA:79,6,1,0
BRDA:80,7,0,0
BRDA:80,7,1,0
BRDA:81,8,0,0
BRDA:81,8,1,0
BRDA:82,9,0,0
BRDA:82,9,1,0
BRDA:83,10,0,0
BRDA:83,10,1,0
BRDA:100,11,0,0
BRDA:100,11,1,0
BRDA:122,12,0,0
BRDA:122,12,1,0
BRDA:123,13,0,0
BRDA:123,13,1,0
BRDA:124,14,0,0
BRDA:124,14,1,0
BRDA:125,15,0,0
BRDA:125,15,1,0
BRDA:146,16,0,0
BRDA:146,16,1,0
BRDA:165,17,0,0
BRDA:165,17,1,0
BRDA:165,18,0,0
BRDA:165,18,1,0
BRDA:169,19,0,0
BRDA:169,19,1,0
BRDA:169,20,0,0
BRDA:169,20,1,0
BRDA:173,21,0,0
BRDA:173,21,1,0
BRDA:173,22,0,0
BRDA:173,22,1,0
BRDA:192,23,0,0
BRDA:192,23,1,0
BRDA:193,24,0,0
BRDA:193,24,1,0
BRDA:197,25,0,0
BRDA:197,25,1,0
BRDA:198,26,0,0
BRDA:198,26,1,0
BRDA:199,27,0,0
BRDA:199,27,1,0
BRDA:203,28,0,0
BRDA:203,28,1,0
BRDA:204,29,0,0
BRDA:204,29,1,0
BRDA:205,30,0,0
BRDA:205,30,1,0
BRF:62
BRH:0
end_of_record
TN:
SF:api\permissions.js
FN:8,(anonymous_0)
FNF:1
FNH:0
FNDA:0,(anonymous_0)
DA:1,0
DA:3,0
DA:8,0
DA:9,0
DA:10,0
DA:11,0
DA:13,0
DA:16,0
DA:17,0
DA:19,0
DA:20,0
DA:22,0
DA:28,0
DA:31,0
DA:32,0
DA:38,0
DA:39,0
DA:43,0
DA:44,0
DA:45,0
DA:47,0
DA:52,0
DA:53,0
DA:56,0
LF:24
LH:0
BRDA:13,0,0,0
BRDA:13,0,1,0
BRDA:16,1,0,0
BRDA:16,1,1,0
BRDA:17,2,0,0
BRDA:17,2,1,0
BRDA:20,3,0,0
BRDA:20,3,1,0
BRDA:20,4,0,0
BRDA:20,4,1,0
BRDA:28,5,0,0
BRDA:28,5,1,0
BRDA:31,6,0,0
BRDA:31,6,1,0
BRDA:38,7,0,0
BRDA:38,7,1,0
BRDA:43,8,0,0
BRDA:43,8,1,0
BRDA:45,9,0,0
BRDA:45,9,1,0
BRDA:45,10,0,0
BRDA:45,10,1,0
BRDA:52,11,0,0
BRDA:52,11,1,0
BRF:24
BRH:0
end_of_record
TN:
SF:api\profile.js
FN:8,(anonymous_0)
FNF:1
FNH:0
FNDA:0,(anonymous_0)
DA:1,0
DA:3,0
DA:8,0
DA:9,0
DA:10,0
DA:12,0
DA:14,0
DA:15,0
DA:17,0
DA:18,0
DA:20,0
DA:26,0
DA:28,0
LF:13
LH:0
BRDA:12,0,0,0
BRDA:12,0,1,0
BRDA:14,1,0,0
BRDA:14,1,1,0
BRDA:15,2,0,0
BRDA:15,2,1,0
BRDA:18,3,0,0
BRDA:18,3,1,0
BRDA:18,4,0,0
BRDA:18,4,1,0
BRDA:26,5,0,0
BRDA:26,5,1,0
BRF:12
BRH:0
end_of_record
TN:
SF:api\seed-database.js
FN:8,seedDatabase
FN:290,(anonymous_1)
FN:290,(anonymous_2)
FN:291,(anonymous_3)
FNF:4
FNH:0
FNDA:0,seedDatabase
FNDA:0,(anonymous_1)
FNDA:0,(anonymous_2)
FNDA:0,(anonymous_3)
DA:6,0
DA:9,0
DA:10,0
DA:11,0
DA:13,0
DA:19,0
DA:62,0
DA:63,0
DA:64,0
DA:66,0
DA:72,0
DA:201,0
DA:202,0
DA:203,0
DA:205,0
DA:211,0
DA:269,0
DA:270,0
DA:271,0
DA:273,0
DA:275,0
DA:290,0
DA:291,0
DA:298,0
DA:299,0
DA:301,0
DA:302,0
DA:306,0
LF:28
LH:0
BRF:0
BRH:0
end_of_record
TN:
SF:api\sync-service.js
FN:12,(anonymous_0)
FN:23,(anonymous_1)
FN:30,(anonymous_2)
FN:43,(anonymous_3)
FN:46,(anonymous_4)
FN:90,(anonymous_5)
FN:99,(anonymous_6)
FN:110,(anonymous_7)
FNF:8
FNH:0
FNDA:0,(anonymous_0)
FNDA:0,(anonymous_1)
FNDA:0,(anonymous_2)
FNDA:0,(anonymous_3)
FNDA:0,(anonymous_4)
FNDA:0,(anonymous_5)
FNDA:0,(anonymous_6)
FNDA:0,(anonymous_7)
DA:6,0
DA:7,0
DA:8,0
DA:9,0
DA:13,0
DA:14,0
DA:15,0
DA:16,0
DA:17,0
DA:18,0
DA:20,0
DA:24,0
DA:25,0
DA:26,0
DA:31,0
DA:32,0
DA:33,0
DA:36,0
DA:37,0
DA:40,0
DA:43,0
DA:47,0
DA:48,0
DA:50,0
DA:54,0
DA:55,0
DA:56,0
DA:57,0
DA:58,0
DA:60,0
DA:61,0
DA:66,0
DA:67,0
DA:68,0
DA:72,0
DA:73,0
DA:74,0
DA:76,0
DA:77,0
DA:79,0
DA:81,0
DA:82,0
DA:85,0
DA:86,0
DA:91,0
DA:96,0
DA:100,0
DA:101,0
DA:102,0
DA:105,0
DA:107,0
DA:111,0
DA:112,0
DA:113,0
DA:114,0
DA:119,0
LF:56
LH:0
BRDA:12,0,0,0
BRDA:13,1,0,0
BRDA:13,1,1,0
BRDA:15,2,0,0
BRDA:15,2,1,0
BRDA:25,3,0,0
BRDA:25,3,1,0
BRDA:31,4,0,0
BRDA:31,4,1,0
BRDA:54,5,0,0
BRDA:54,5,1,0
BRDA:66,6,0,0
BRDA:66,6,1,0
BRDA:72,7,0,0
BRDA:72,7,1,0
BRDA:72,8,0,0
BRDA:72,8,1,0
BRDA:72,8,2,0
BRDA:101,9,0,0
BRDA:101,9,1,0
BRDA:111,10,0,0
BRDA:111,10,1,0
BRF:22
BRH:0
end_of_record
TN:
SF:api\tab-permissions.js
FN:71,(anonymous_0)
FN:143,(anonymous_1)
FN:144,(anonymous_2)
FN:177,(anonymous_3)
FN:197,syncClickUpUsersWithProfiles
FN:247,initializeTabPermissionsForUser
FN:252,(anonymous_6)
FN:274,initializeTabPermissions
FN:286,(anonymous_8)
FN:289,(anonymous_9)
FN:314,checkTabAccess
FNF:11
FNH:0
FNDA:0,(anonymous_0)
FNDA:0,(anonymous_1)
FNDA:0,(anonymous_2)
FNDA:0,(anonymous_3)
FNDA:0,syncClickUpUsersWithProfiles
FNDA:0,initializeTabPermissionsForUser
FNDA:0,(anonymous_6)
FNDA:0,initializeTabPermissions
FNDA:0,(anonymous_8)
FNDA:0,(anonymous_9)
FNDA:0,checkTabAccess
DA:6,0
DA:8,0
DA:17,0
DA:40,0
DA:71,0
DA:72,0
DA:73,0
DA:74,0
DA:76,0
DA:77,0
DA:78,0
DA:82,0
DA:83,0
DA:84,0
DA:85,0
DA:88,0
DA:89,0
DA:90,0
DA:91,0
DA:95,0
DA:101,0
DA:102,0
DA:103,0
DA:107,0
DA:108,0
DA:110,0
DA:114,0
DA:117,0
DA:118,0
DA:119,0
DA:120,0
DA:121,0
DA:124,0
DA:125,0
DA:127,0
DA:128,0
DA:129,0
DA:134,0
DA:136,0
DA:137,0
DA:138,0
DA:142,0
DA:143,0
DA:144,0
DA:145,0
DA:146,0
DA:148,0
DA:149,0
DA:150,0
DA:154,0
DA:167,0
DA:170,0
DA:179,0
DA:180,0
DA:182,0
DA:183,0
DA:184,0
DA:187,0
DA:190,0
DA:191,0
DA:198,0
DA:199,0
DA:200,0
DA:203,0
DA:204,0
DA:207,0
DA:208,0
DA:211,0
DA:214,0
DA:227,0
DA:228,0
DA:230,0
DA:231,0
DA:235,0
DA:236,0
DA:239,0
DA:240,0
DA:248,0
DA:249,0
DA:250,0
DA:252,0
DA:253,0
DA:261,0
DA:262,0
DA:267,0
DA:275,0
DA:276,0
DA:279,0
DA:283,0
DA:286,0
DA:287,0
DA:289,0
DA:290,0
DA:300,0
DA:301,0
DA:305,0
DA:307,0
DA:315,0
DA:316,0
DA:323,0
DA:324,0
DA:326,0
DA:330,0
DA:331,0
DA:332,0
LF:105
LH:0
BRDA:76,0,0,0
BRDA:76,0,1,0
BRDA:82,1,0,0
BRDA:82,1,1,0
BRDA:83,2,0,0
BRDA:83,2,1,0
BRDA:89,3,0,0
BRDA:89,3,1,0
BRDA:89,4,0,0
BRDA:89,4,1,0
BRDA:101,5,0,0
BRDA:101,5,1,0
BRDA:107,6,0,0
BRDA:107,6,1,0
BRDA:114,7,0,0
BRDA:114,7,1,0
BRDA:117,8,0,0
BRDA:117,8,1,0
BRDA:117,9,0,0
BRDA:117,9,1,0
BRDA:121,10,0,0
BRDA:121,10,1,0
BRDA:134,11,0,0
BRDA:134,11,1,0
BRDA:136,12,0,0
BRDA:136,12,1,0
BRDA:146,13,0,0
BRDA:146,13,1,0
BRDA:148,14,0,0
BRDA:148,14,1,0
BRDA:148,15,0,0
BRDA:148,15,1,0
BRDA:148,15,2,0
BRDA:167,16,0,0
BRDA:167,16,1,0
BRDA:175,17,0,0
BRDA:175,17,1,0
BRDA:211,18,0,0
BRDA:211,18,1,0
BRDA:211,19,0,0
BRDA:211,19,1,0
BRDA:218,20,0,0
BRDA:218,20,1,0
BRDA:227,21,0,0
BRDA:227,21,1,0
BRDA:249,22,0,0
BRDA:249,22,1,0
BRDA:256,23,0,0
BRDA:256,23,1,0
BRDA:261,24,0,0
BRDA:261,24,1,0
BRDA:283,25,0,0
BRDA:283,25,1,0
BRDA:283,26,0,0
BRDA:283,26,1,0
BRDA:287,27,0,0
BRDA:287,27,1,0
BRDA:293,28,0,0
BRDA:293,28,1,0
BRDA:300,29,0,0
BRDA:300,29,1,0
BRDA:323,30,0,0
BRDA:323,30,1,0
BRDA:324,31,0,0
BRDA:324,31,1,0
BRF:65
BRH:0
end_of_record
TN:
SF:api\tasks.js
FN:12,(anonymous_0)
FNF:1
FNH:0
FNDA:0,(anonymous_0)
DA:1,0
DA:3,0
DA:9,0
DA:10,0
DA:12,0
DA:13,0
DA:14,0
DA:16,0
DA:19,0
DA:20,0
DA:22,0
DA:23,0
DA:25,0
DA:26,0
DA:27,0
DA:28,0
DA:31,0
DA:32,0
DA:35,0
DA:36,0
DA:40,0
DA:41,0
DA:42,0
DA:43,0
DA:45,0
DA:46,0
LF:26
LH:0
BRDA:16,0,0,0
BRDA:16,0,1,0
BRDA:19,1,0,0
BRDA:19,1,1,0
BRDA:20,2,0,0
BRDA:20,2,1,0
BRDA:23,3,0,0
BRDA:23,3,1,0
BRDA:23,4,0,0
BRDA:23,4,1,0
BRDA:25,5,0,0
BRDA:25,5,1,0
BRDA:26,6,0,0
BRDA:26,6,1,0
BRDA:31,7,0,0
BRDA:31,7,1,0
BRDA:31,8,0,0
BRDA:31,8,1,0
BRDA:40,9,0,0
BRDA:40,9,1,0
BRF:20
BRH:0
end_of_record
TN:
SF:api\webhook-handler.js
FN:6,(anonymous_0)
FN:10,(anonymous_1)
FN:38,(anonymous_2)
FN:39,(anonymous_3)
FN:61,(anonymous_4)
FN:62,(anonymous_5)
FN:77,(anonymous_6)
FN:78,(anonymous_7)
FNF:8
FNH:0
FNDA:0,(anonymous_0)
FNDA:0,(anonymous_1)
FNDA:0,(anonymous_2)
FNDA:0,(anonymous_3)
FNDA:0,(anonymous_4)
FNDA:0,(anonymous_5)
FNDA:0,(anonymous_6)
FNDA:0,(anonymous_7)
DA:7,0
DA:11,0
DA:13,0
DA:15,0
DA:16,0
DA:17,0
DA:21,0
DA:22,0
DA:26,0
DA:27,0
DA:30,0
DA:31,0
DA:33,0
DA:34,0
DA:39,0
DA:40,0
DA:62,0
DA:63,0
DA:78,0
DA:79,0
DA:97,0
LF:21
LH:0
BRDA:15,0,0,0
BRDA:15,0,1,0
BRDA:15,1,0,0
BRDA:15,1,1,0
BRDA:16,2,0,0
BRDA:16,2,1,0
BRDA:21,3,0,0
BRDA:21,3,1,0
BRDA:26,4,0,0
BRDA:26,4,1,0
BRDA:46,5,0,0
BRDA:46,5,1,0
BRDA:47,6,0,0
BRDA:47,6,1,0
BRDA:48,7,0,0
BRDA:48,7,1,0
BRDA:48,7,2,0
BRDA:49,8,0,0
BRDA:49,8,1,0
BRDA:50,9,0,0
BRDA:50,9,1,0
BRDA:54,10,0,0
BRDA:54,10,1,0
BRDA:67,11,0,0
BRDA:67,11,1,0
BRDA:68,12,0,0
BRDA:68,12,1,0
BRDA:69,13,0,0
BRDA:69,13,1,0
BRDA:70,14,0,0
BRDA:70,14,1,0
BRDA:84,15,0,0
BRDA:84,15,1,0
BRDA:85,16,0,0
BRDA:85,16,1,0
BRDA:86,17,0,0
BRDA:86,17,1,0
BRDA:87,18,0,0
BRDA:87,18,1,0
BRDA:89,19,0,0
BRDA:89,19,1,0
BRF:41
BRH:0
end_of_record
TN:
SF:api\reports\cash-flow-calculator.js
FN:19,calculateCashFlow
FN:44,(anonymous_1)
FN:45,(anonymous_2)
FN:46,(anonymous_3)
FN:61,calculateProjectedCashFlow
FN:83,(anonymous_5)
FN:99,aggregateDailyFlow
FN:102,(anonymous_7)
FN:123,(anonymous_8)
FN:129,aggregateProjectedFlow
FN:132,(anonymous_10)
FN:149,(anonymous_11)
FN:155,calculateCumulative
FN:158,(anonymous_13)
FN:176,getPaymentMethodBreakdown
FN:179,(anonymous_15)
FN:199,(anonymous_16)
FN:201,(anonymous_17)
FNF:18
FNH:0
FNDA:0,calculateCashFlow
FNDA:0,(anonymous_1)
FNDA:0,(anonymous_2)
FNDA:0,(anonymous_3)
FNDA:0,calculateProjectedCashFlow
FNDA:0,(anonymous_5)
FNDA:0,aggregateDailyFlow
FNDA:0,(anonymous_7)
FNDA:0,(anonymous_8)
FNDA:0,aggregateProjectedFlow
FNDA:0,(anonymous_10)
FNDA:0,(anonymous_11)
FNDA:0,calculateCumulative
FNDA:0,(anonymous_13)
FNDA:0,getPaymentMethodBreakdown
FNDA:0,(anonymous_15)
FNDA:0,(anonymous_16)
FNDA:0,(anonymous_17)
DA:8,0
DA:10,0
DA:20,0
DA:22,0
DA:30,0
DA:33,0
DA:36,0
DA:38,0
DA:44,0
DA:45,0
DA:46,0
DA:52,0
DA:53,0
DA:62,0
DA:64,0
DA:67,0
DA:76,0
DA:78,0
DA:83,0
DA:90,0
DA:91,0
DA:100,0
DA:102,0
DA:103,0
DA:105,0
DA:106,0
DA:114,0
DA:115,0
DA:116,0
DA:118,0
DA:119,0
DA:123,0
DA:130,0
DA:132,0
DA:133,0
DA:134,0
DA:136,0
DA:137,0
DA:144,0
DA:145,0
DA:149,0
DA:156,0
DA:158,0
DA:159,0
DA:160,0
DA:162,0
DA:177,0
DA:179,0
DA:180,0
DA:181,0
DA:189,0
DA:190,0
DA:191,0
DA:192,0
DA:195,0
DA:199,0
DA:201,0
DA:209,0
LF:58
LH:0
BRDA:83,0,0,0
BRDA:83,0,1,0
BRDA:83,1,0,0
BRDA:83,1,1,0
BRDA:105,2,0,0
BRDA:105,2,1,0
BRDA:114,3,0,0
BRDA:114,3,1,0
BRDA:117,4,0,0
BRDA:117,4,1,0
BRDA:118,5,0,0
BRDA:118,5,1,0
BRDA:118,6,0,0
BRDA:118,6,1,0
BRDA:134,7,0,0
BRDA:134,7,1,0
BRDA:136,8,0,0
BRDA:136,8,1,0
BRDA:146,9,0,0
BRDA:146,9,1,0
BRDA:180,10,0,0
BRDA:180,10,1,0
BRDA:189,11,0,0
BRDA:189,11,1,0
BRDA:191,12,0,0
BRDA:191,12,1,0
BRDA:191,13,0,0
BRDA:191,13,1,0
BRDA:205,14,0,0
BRDA:205,14,1,0
BRF:30
BRH:0
end_of_record
TN:
SF:api\reports\cash-flow-controller.js
FN:25,(anonymous_0)
FN:104,(anonymous_1)
FN:153,(anonymous_2)
FN:187,(anonymous_3)
FN:209,validateDateRange
FN:250,getCachedCashFlow
FN:269,cacheCashFlow
FN:286,generateErrorReference
FNF:8
FNH:0
FNDA:0,(anonymous_0)
FNDA:0,(anonymous_1)
FNDA:0,(anonymous_2)
FNDA:0,(anonymous_3)
FNDA:0,validateDateRange
FNDA:0,getCachedCashFlow
FNDA:0,cacheCashFlow
FNDA:0,generateErrorReference
DA:7,0
DA:8,0
DA:9,0
DA:11,0
DA:12,0
DA:14,0
DA:25,0
DA:26,0
DA:27,0
DA:28,0
DA:29,0
DA:32,0
DA:35,0
DA:36,0
DA:44,0
DA:45,0
DA:46,0
DA:52,0
DA:53,0
DA:57,0
DA:58,0
DA:62,0
DA:63,0
DA:64,0
DA:66,0
DA:70,0
DA:71,0
DA:75,0
DA:81,0
DA:83,0
DA:84,0
DA:90,0
DA:104,0
DA:105,0
DA:106,0
DA:107,0
DA:108,0
DA:111,0
DA:113,0
DA:114,0
DA:115,0
DA:118,0
DA:134,0
DA:136,0
DA:142,0
DA:143,0
DA:153,0
DA:154,0
DA:155,0
DA:156,0
DA:157,0
DA:160,0
DA:161,0
DA:163,0
DA:164,0
DA:166,0
DA:168,0
DA:183,0
DA:186,0
DA:187,0
DA:192,0
DA:202,0
DA:203,0
DA:210,0
DA:212,0
DA:213,0
DA:214,0
DA:218,0
DA:219,0
DA:220,0
DA:222,0
DA:223,0
DA:226,0
DA:227,0
DA:231,0
DA:232,0
DA:236,0
DA:240,0
DA:241,0
DA:244,0
DA:251,0
DA:260,0
DA:261,0
DA:262,0
DA:265,0
DA:270,0
DA:278,0
DA:279,0
DA:282,0
DA:287,0
DA:290,0
LF:91
LH:0
BRDA:28,0,0,0
BRDA:28,0,1,0
BRDA:32,1,0,0
BRDA:32,2,0,0
BRDA:35,3,0,0
BRDA:35,3,1,0
BRDA:35,4,0,0
BRDA:35,4,1,0
BRDA:45,5,0,0
BRDA:45,5,1,0
BRDA:57,6,0,0
BRDA:57,6,1,0
BRDA:62,7,0,0
BRDA:62,7,1,0
BRDA:63,8,0,0
BRDA:63,8,1,0
BRDA:63,9,0,0
BRDA:63,9,1,0
BRDA:70,10,0,0
BRDA:70,10,1,0
BRDA:83,11,0,0
BRDA:83,11,1,0
BRDA:107,12,0,0
BRDA:107,12,1,0
BRDA:114,13,0,0
BRDA:114,13,1,0
BRDA:156,14,0,0
BRDA:156,14,1,0
BRDA:160,15,0,0
BRDA:160,15,1,0
BRDA:212,16,0,0
BRDA:212,16,1,0
BRDA:212,17,0,0
BRDA:212,17,1,0
BRDA:219,18,0,0
BRDA:219,18,1,0
BRDA:222,19,0,0
BRDA:222,19,1,0
BRDA:226,20,0,0
BRDA:226,20,1,0
BRDA:231,21,0,0
BRDA:231,21,1,0
BRDA:240,22,0,0
BRDA:240,22,1,0
BRDA:262,23,0,0
BRDA:262,23,1,0
BRF:46
BRH:0
end_of_record
TN:
SF:api\reports\data-validation-controller.js
FN:26,(anonymous_0)
FN:40,(anonymous_1)
FN:41,(anonymous_2)
FN:47,(anonymous_3)
FN:51,(anonymous_4)
FN:69,(anonymous_5)
FN:99,(anonymous_6)
FN:114,(anonymous_7)
FN:115,(anonymous_8)
FN:133,(anonymous_9)
FN:148,(anonymous_10)
FN:149,(anonymous_11)
FN:167,(anonymous_12)
FN:202,(anonymous_13)
FN:214,(anonymous_14)
FN:215,(anonymous_15)
FN:238,(anonymous_16)
FN:283,calculateHealthScore
FN:287,(anonymous_18)
FN:288,(anonymous_19)
FN:299,generateRecommendations
FN:302,(anonymous_21)
FN:305,(anonymous_22)
FN:306,(anonymous_23)
FN:307,(anonymous_24)
FN:312,(anonymous_25)
FN:328,generateCSVReport
FN:347,(anonymous_27)
FN:356,(anonymous_28)
FN:372,(anonymous_29)
FN:381,(anonymous_30)
FN:381,(anonymous_31)
FN:384,generateErrorReference
FNF:33
FNH:0
FNDA:0,(anonymous_0)
FNDA:0,(anonymous_1)
FNDA:0,(anonymous_2)
FNDA:0,(anonymous_3)
FNDA:0,(anonymous_4)
FNDA:0,(anonymous_5)
FNDA:0,(anonymous_6)
FNDA:0,(anonymous_7)
FNDA:0,(anonymous_8)
FNDA:0,(anonymous_9)
FNDA:0,(anonymous_10)
FNDA:0,(anonymous_11)
FNDA:0,(anonymous_12)
FNDA:0,(anonymous_13)
FNDA:0,(anonymous_14)
FNDA:0,(anonymous_15)
FNDA:0,(anonymous_16)
FNDA:0,calculateHealthScore
FNDA:0,(anonymous_18)
FNDA:0,(anonymous_19)
FNDA:0,generateRecommendations
FNDA:0,(anonymous_21)
FNDA:0,(anonymous_22)
FNDA:0,(anonymous_23)
FNDA:0,(anonymous_24)
FNDA:0,(anonymous_25)
FNDA:0,generateCSVReport
FNDA:0,(anonymous_27)
FNDA:0,(anonymous_28)
FNDA:0,(anonymous_29)
FNDA:0,(anonymous_30)
FNDA:0,(anonymous_31)
FNDA:0,generateErrorReference
DA:7,0
DA:15,0
DA:17,0
DA:26,0
DA:27,0
DA:28,0
DA:29,0
DA:30,0
DA:33,0
DA:34,0
DA:36,0
DA:39,0
DA:40,0
DA:41,0
DA:45,0
DA:46,0
DA:48,0
DA:51,0
DA:54,0
DA:57,0
DA:58,0
DA:69,0
DA:70,0
DA:71,0
DA:72,0
DA:73,0
DA:76,0
DA:78,0
DA:87,0
DA:88,0
DA:99,0
DA:100,0
DA:101,0
DA:102,0
DA:103,0
DA:106,0
DA:108,0
DA:114,0
DA:115,0
DA:121,0
DA:122,0
DA:133,0
DA:134,0
DA:135,0
DA:136,0
DA:137,0
DA:140,0
DA:142,0
DA:148,0
DA:149,0
DA:155,0
DA:156,0
DA:167,0
DA:168,0
DA:169,0
DA:170,0
DA:171,0
DA:174,0
DA:176,0
DA:189,0
DA:190,0
DA:202,0
DA:203,0
DA:204,0
DA:205,0
DA:206,0
DA:209,0
DA:211,0
DA:214,0
DA:215,0
DA:223,0
DA:224,0
DA:238,0
DA:239,0
DA:240,0
DA:241,0
DA:242,0
DA:245,0
DA:246,0
DA:248,0
DA:250,0
DA:251,0
DA:259,0
DA:260,0
DA:261,0
DA:262,0
DA:263,0
DA:264,0
DA:266,0
DA:273,0
DA:274,0
DA:284,0
DA:285,0
DA:287,0
DA:288,0
DA:291,0
DA:293,0
DA:300,0
DA:302,0
DA:303,0
DA:304,0
DA:305,0
DA:306,0
DA:307,0
DA:308,0
DA:312,0
DA:313,0
DA:314,0
DA:317,0
DA:318,0
DA:321,0
DA:322,0
DA:325,0
DA:329,0
DA:332,0
DA:333,0
DA:334,0
DA:335,0
DA:338,0
DA:339,0
DA:340,0
DA:341,0
DA:342,0
DA:345,0
DA:346,0
DA:347,0
DA:348,0
DA:350,0
DA:353,0
DA:354,0
DA:355,0
DA:356,0
DA:357,0
DA:365,0
DA:369,0
DA:370,0
DA:371,0
DA:372,0
DA:373,0
DA:381,0
DA:385,0
DA:388,0
LF:142
LH:0
BRDA:29,0,0,0
BRDA:29,0,1,0
BRDA:39,1,0,0
BRDA:39,1,1,0
BRDA:45,2,0,0
BRDA:45,2,1,0
BRDA:45,3,0,0
BRDA:45,3,1,0
BRDA:48,4,0,0
BRDA:48,4,1,0
BRDA:72,5,0,0
BRDA:72,5,1,0
BRDA:82,6,0,0
BRDA:82,6,1,0
BRDA:102,7,0,0
BRDA:102,7,1,0
BRDA:112,8,0,0
BRDA:112,8,1,0
BRDA:136,9,0,0
BRDA:136,9,1,0
BRDA:146,10,0,0
BRDA:146,10,1,0
BRDA:170,11,0,0
BRDA:170,11,1,0
BRDA:180,12,0,0
BRDA:180,12,1,0
BRDA:182,13,0,0
BRDA:182,13,1,0
BRDA:205,14,0,0
BRDA:205,14,1,0
BRDA:212,15,0,0
BRDA:212,15,1,0
BRDA:241,16,0,0
BRDA:241,16,1,0
BRDA:245,17,0,0
BRDA:245,17,1,0
BRDA:250,18,0,0
BRDA:250,18,1,0
BRDA:253,19,0,0
BRDA:253,19,1,0
BRDA:256,20,0,0
BRDA:256,20,1,0
BRDA:260,21,0,0
BRDA:260,21,1,0
BRDA:295,22,0,0
BRDA:295,22,1,0
BRDA:295,23,0,0
BRDA:295,23,1,0
BRDA:295,24,0,0
BRDA:295,24,1,0
BRDA:295,25,0,0
BRDA:295,25,1,0
BRDA:303,26,0,0
BRDA:303,26,1,0
BRDA:313,27,0,0
BRDA:313,27,1,0
BRDA:317,28,0,0
BRDA:317,28,1,0
BRDA:321,29,0,0
BRDA:321,29,1,0
BRDA:321,30,0,0
BRDA:321,30,1,0
BRDA:321,30,2,0
BRDA:334,31,0,0
BRDA:334,31,1,0
BRDA:353,32,0,0
BRDA:353,32,1,0
BRDA:360,33,0,0
BRDA:360,33,1,0
BRDA:360,33,2,0
BRDA:369,34,0,0
BRDA:369,34,1,0
BRDA:369,35,0,0
BRDA:369,35,1,0
BRDA:376,36,0,0
BRDA:376,36,1,0
BRF:76
BRH:0
end_of_record
TN:
SF:api\reports\data-validator.js
FN:14,validateDataIntegrity
FN:90,detectOrphanedCharges
FN:112,(anonymous_2)
FN:132,detectDuplicatePayments
FN:153,(anonymous_4)
FN:188,(anonymous_5)
FN:210,validateCurrency
FN:230,(anonymous_7)
FN:261,(anonymous_8)
FN:282,validateAgainstAuditLog
FN:304,(anonymous_10)
FN:322,validateSubscriptionReferences
FN:340,(anonymous_12)
FN:359,validateCustomerReferences
FN:377,(anonymous_14)
FN:406,(anonymous_15)
FN:426,getIssueDetails
FNF:17
FNH:7
FNDA:11,validateDataIntegrity
FNDA:13,detectOrphanedCharges
FNDA:0,(anonymous_2)
FNDA:13,detectDuplicatePayments
FNDA:0,(anonymous_4)
FNDA:0,(anonymous_5)
FNDA:14,validateCurrency
FNDA:0,(anonymous_7)
FNDA:0,(anonymous_8)
FNDA:13,validateAgainstAuditLog
FNDA:0,(anonymous_10)
FNDA:12,validateSubscriptionReferences
FNDA:0,(anonymous_12)
FNDA:12,validateCustomerReferences
FNDA:0,(anonymous_14)
FNDA:0,(anonymous_15)
FNDA:0,getIssueDetails
DA:7,1
DA:8,1
DA:15,11
DA:16,11
DA:17,11
DA:19,11
DA:28,11
DA:38,11
DA:39,0
DA:41,11
DA:42,0
DA:44,11
DA:45,0
DA:47,11
DA:48,0
DA:50,11
DA:51,0
DA:53,11
DA:54,0
DA:57,11
DA:59,11
DA:81,0
DA:82,0
DA:91,13
DA:110,13
DA:111,13
DA:112,0
DA:124,13
DA:125,13
DA:133,13
DA:136,13
DA:151,13
DA:152,13
DA:153,0
DA:164,13
DA:168,13
DA:186,13
DA:187,13
DA:188,0
DA:201,13
DA:204,13
DA:211,14
DA:214,14
DA:228,14
DA:229,14
DA:230,0
DA:241,14
DA:245,14
DA:259,14
DA:260,14
DA:261,0
DA:273,14
DA:276,14
DA:283,13
DA:302,13
DA:303,13
DA:304,0
DA:314,13
DA:315,13
DA:323,12
DA:338,12
DA:339,12
DA:340,0
DA:351,12
DA:352,12
DA:360,12
DA:363,12
DA:375,12
DA:376,12
DA:377,0
DA:388,12
DA:392,12
DA:404,12
DA:405,12
DA:406,0
DA:417,12
DA:420,12
DA:427,0
DA:428,0
DA:429,0
DA:441,0
DA:442,0
DA:445,0
DA:446,0
DA:460,0
DA:461,0
DA:464,0
DA:466,0
DA:467,0
DA:471,1
LF:90
LH:61
BRDA:38,0,0,0
BRDA:38,0,1,11
BRDA:41,1,0,0
BRDA:41,1,1,11
BRDA:44,2,0,0
BRDA:44,2,1,11
BRDA:47,3,0,0
BRDA:47,3,1,11
BRDA:50,4,0,0
BRDA:50,4,1,11
BRDA:53,5,0,0
BRDA:53,5,1,11
BRDA:428,6,0,0
BRDA:428,6,1,0
BRDA:442,7,0,0
BRDA:442,7,1,0
BRDA:445,8,0,0
BRDA:445,8,1,0
BRDA:461,9,0,0
BRDA:461,9,1,0
BRF:20
BRH:6
end_of_record
TN:
SF:api\reports\dre-calculator.js
FN:20,calculateDRE
FN:34,(anonymous_1)
FN:49,(anonymous_2)
FN:89,parsePeriod
FN:124,comparePeriods
FNF:5
FNH:2
FNDA:2,calculateDRE
FNDA:0,(anonymous_1)
FNDA:0,(anonymous_2)
FNDA:8,parsePeriod
FNDA:0,comparePeriods
DA:7,1
DA:9,1
DA:14,1
DA:21,2
DA:23,2
DA:26,2
DA:34,0
DA:37,0
DA:40,0
DA:43,0
DA:49,0
DA:52,0
DA:59,0
DA:67,0
DA:71,0
DA:80,2
DA:81,2
DA:90,8
DA:92,8
DA:94,5
DA:95,5
DA:96,5
DA:97,5
DA:100,3
DA:102,1
DA:103,1
DA:104,1
DA:105,1
DA:106,1
DA:109,2
DA:111,1
DA:112,1
DA:113,1
DA:114,1
DA:117,1
DA:125,0
DA:126,0
DA:128,0
DA:139,1
LF:39
LH:27
BRDA:34,0,0,0
BRDA:34,0,1,0
BRDA:49,1,0,0
BRDA:49,1,1,0
BRDA:49,2,0,0
BRDA:49,2,1,0
BRDA:67,3,0,0
BRDA:67,3,1,0
BRDA:68,4,0,0
BRDA:68,4,1,0
BRDA:92,5,0,5
BRDA:92,5,1,3
BRDA:100,6,0,1
BRDA:100,6,1,2
BRDA:109,7,0,1
BRDA:109,7,1,1
BRF:16
BRH:6
end_of_record
TN:
SF:api\reports\dre-controller.js
FN:23,(anonymous_0)
FN:101,(anonymous_1)
FN:138,(anonymous_2)
FN:174,getCurrentMonth
FN:181,isCompletedMonth
FN:193,getPreviousPeriod
FN:220,getCachedDRE
FN:231,cacheDRE
FN:247,generateErrorReference
FNF:9
FNH:0
FNDA:0,(anonymous_0)
FNDA:0,(anonymous_1)
FNDA:0,(anonymous_2)
FNDA:0,getCurrentMonth
FNDA:0,isCompletedMonth
FNDA:0,getPreviousPeriod
FNDA:0,getCachedDRE
FNDA:0,cacheDRE
FNDA:0,generateErrorReference
DA:7,0
DA:8,0
DA:9,0
DA:10,0
DA:12,0
DA:13,0
DA:23,0
DA:24,0
DA:25,0
DA:26,0
DA:27,0
DA:30,0
DA:31,0
DA:34,0
DA:35,0
DA:36,0
DA:44,0
DA:45,0
DA:49,0
DA:50,0
DA:53,0
DA:54,0
DA:59,0
DA:60,0
DA:61,0
DA:63,0
DA:72,0
DA:79,0
DA:80,0
DA:86,0
DA:87,0
DA:101,0
DA:102,0
DA:103,0
DA:104,0
DA:105,0
DA:108,0
DA:111,0
DA:120,0
DA:122,0
DA:128,0
DA:129,0
DA:138,0
DA:139,0
DA:140,0
DA:141,0
DA:142,0
DA:145,0
DA:147,0
DA:159,0
DA:161,0
DA:167,0
DA:168,0
DA:175,0
DA:176,0
DA:177,0
DA:178,0
DA:184,0
DA:185,0
DA:187,0
DA:188,0
DA:190,0
DA:195,0
DA:197,0
DA:198,0
DA:199,0
DA:200,0
DA:203,0
DA:205,0
DA:206,0
DA:207,0
DA:208,0
DA:209,0
DA:212,0
DA:214,0
DA:217,0
DA:221,0
DA:227,0
DA:228,0
DA:232,0
DA:234,0
DA:242,0
DA:248,0
DA:251,0
LF:84
LH:0
BRDA:26,0,0,0
BRDA:26,0,1,0
BRDA:30,1,0,0
BRDA:30,2,0,0
BRDA:31,3,0,0
BRDA:31,3,1,0
BRDA:35,4,0,0
BRDA:35,4,1,0
BRDA:44,5,0,0
BRDA:44,5,1,0
BRDA:44,6,0,0
BRDA:44,6,1,0
BRDA:49,7,0,0
BRDA:49,7,1,0
BRDA:53,8,0,0
BRDA:53,8,1,0
BRDA:59,9,0,0
BRDA:59,9,1,0
BRDA:68,10,0,0
BRDA:68,10,1,0
BRDA:74,11,0,0
BRDA:74,11,1,0
BRDA:79,12,0,0
BRDA:79,12,1,0
BRDA:104,13,0,0
BRDA:104,13,1,0
BRDA:141,14,0,0
BRDA:141,14,1,0
BRDA:195,15,0,0
BRDA:195,15,1,0
BRDA:198,16,0,0
BRDA:198,16,1,0
BRDA:199,17,0,0
BRDA:199,17,1,0
BRDA:203,18,0,0
BRDA:203,18,1,0
BRDA:207,19,0,0
BRDA:207,19,1,0
BRDA:208,20,0,0
BRDA:208,20,1,0
BRDA:212,21,0,0
BRDA:212,21,1,0
BRDA:228,22,0,0
BRDA:228,22,1,0
BRF:44
BRH:0
end_of_record
TN:
SF:api\reports\dre-validator.js
FN:14,validateDRERequest
FN:46,validatePeriodFormat
FN:77,validatePeriodRange
FN:113,validateDateRange
FN:149,validateCacheParams
FN:168,sanitizePeriod
FN:180,getInvalidPeriodHint
FNF:7
FNH:0
FNDA:0,validateDRERequest
FNDA:0,validatePeriodFormat
FNDA:0,validatePeriodRange
FNDA:0,validateDateRange
FNDA:0,validateCacheParams
FNDA:0,sanitizePeriod
FNDA:0,getInvalidPeriodHint
DA:15,0
DA:18,0
DA:19,0
DA:20,0
DA:21,0
DA:25,0
DA:26,0
DA:30,0
DA:31,0
DA:34,0
DA:47,0
DA:48,0
DA:52,0
DA:53,0
DA:54,0
DA:58,0
DA:59,0
DA:60,0
DA:64,0
DA:65,0
DA:66,0
DA:69,0
DA:78,0
DA:79,0
DA:80,0
DA:83,0
DA:84,0
DA:85,0
DA:89,0
DA:90,0
DA:92,0
DA:93,0
DA:96,0
DA:98,0
DA:99,0
DA:100,0
DA:104,0
DA:114,0
DA:116,0
DA:117,0
DA:120,0
DA:121,0
DA:124,0
DA:125,0
DA:126,0
DA:129,0
DA:133,0
DA:134,0
DA:138,0
DA:150,0
DA:151,0
DA:157,0
DA:169,0
DA:172,0
DA:181,0
DA:188,0
LF:56
LH:0
BRDA:18,0,0,0
BRDA:18,0,1,0
BRDA:20,1,0,0
BRDA:20,1,1,0
BRDA:25,2,0,0
BRDA:25,2,1,0
BRDA:25,3,0,0
BRDA:25,3,1,0
BRDA:30,4,0,0
BRDA:30,4,1,0
BRDA:30,5,0,0
BRDA:30,5,1,0
BRDA:47,6,0,0
BRDA:47,6,1,0
BRDA:47,7,0,0
BRDA:47,7,1,0
BRDA:52,8,0,0
BRDA:52,8,1,0
BRDA:54,9,0,0
BRDA:54,9,1,0
BRDA:54,9,2,0
BRDA:54,9,3,0
BRDA:58,10,0,0
BRDA:58,10,1,0
BRDA:60,11,0,0
BRDA:60,11,1,0
BRDA:64,12,0,0
BRDA:64,12,1,0
BRDA:66,13,0,0
BRDA:66,13,1,0
BRDA:84,14,0,0
BRDA:84,14,1,0
BRDA:89,15,0,0
BRDA:89,15,1,0
BRDA:90,16,0,0
BRDA:90,16,1,0
BRDA:96,17,0,0
BRDA:96,17,1,0
BRDA:116,18,0,0
BRDA:116,18,1,0
BRDA:116,19,0,0
BRDA:116,19,1,0
BRDA:120,20,0,0
BRDA:120,20,1,0
BRDA:120,21,0,0
BRDA:120,21,1,0
BRDA:124,22,0,0
BRDA:124,22,1,0
BRDA:124,23,0,0
BRDA:124,23,1,0
BRDA:125,24,0,0
BRDA:125,24,1,0
BRDA:133,25,0,0
BRDA:133,25,1,0
BRDA:150,26,0,0
BRDA:150,26,1,0
BRDA:150,27,0,0
BRDA:150,27,1,0
BRDA:169,28,0,0
BRDA:169,28,1,0
BRF:60
BRH:0
end_of_record
TN:
SF:api\reports\forecast-calculator.js
FN:25,calculateForecast30
FN:44,calculateForecast90
FN:63,calculateForecastPeriod
FN:104,aggregateForecastByDate
FN:107,(anonymous_4)
FN:137,(anonymous_5)
FN:147,(anonymous_6)
FN:154,calculateConfidenceTiers
FN:163,(anonymous_8)
FN:180,(anonymous_9)
FN:183,(anonymous_10)
FN:197,calculateForecastTotals
FN:198,(anonymous_12)
FN:221,calculateRiskScenarios
FN:277,calculateVarianceAnalysis
FN:288,(anonymous_15)
FN:297,(anonymous_16)
FNF:17
FNH:0
FNDA:0,calculateForecast30
FNDA:0,calculateForecast90
FNDA:0,calculateForecastPeriod
FNDA:0,aggregateForecastByDate
FNDA:0,(anonymous_4)
FNDA:0,(anonymous_5)
FNDA:0,(anonymous_6)
FNDA:0,calculateConfidenceTiers
FNDA:0,(anonymous_8)
FNDA:0,(anonymous_9)
FNDA:0,(anonymous_10)
FNDA:0,calculateForecastTotals
FNDA:0,(anonymous_12)
FNDA:0,calculateRiskScenarios
FNDA:0,calculateVarianceAnalysis
FNDA:0,(anonymous_15)
FNDA:0,(anonymous_16)
DA:7,0
DA:9,0
DA:15,0
DA:26,0
DA:27,0
DA:28,0
DA:29,0
DA:31,0
DA:32,0
DA:35,0
DA:36,0
DA:45,0
DA:46,0
DA:47,0
DA:48,0
DA:50,0
DA:51,0
DA:54,0
DA:55,0
DA:64,0
DA:66,0
DA:75,0
DA:78,0
DA:81,0
DA:83,0
DA:96,0
DA:97,0
DA:105,0
DA:107,0
DA:108,0
DA:109,0
DA:110,0
DA:112,0
DA:113,0
DA:123,0
DA:124,0
DA:126,0
DA:127,0
DA:128,0
DA:129,0
DA:130,0
DA:131,0
DA:136,0
DA:137,0
DA:147,0
DA:155,0
DA:161,0
DA:163,0
DA:164,0
DA:165,0
DA:167,0
DA:168,0
DA:169,0
DA:170,0
DA:171,0
DA:172,0
DA:173,0
DA:174,0
DA:175,0
DA:180,0
DA:181,0
DA:182,0
DA:184,0
DA:185,0
DA:186,0
DA:191,0
DA:198,0
DA:201,0
DA:206,0
DA:222,0
DA:224,0
DA:225,0
DA:228,0
DA:234,0
DA:237,0
DA:268,0
DA:269,0
DA:278,0
DA:280,0
DA:288,0
DA:291,0
DA:297,0
DA:299,0
DA:300,0
DA:302,0
DA:315,0
DA:316,0
DA:320,0
LF:88
LH:0
BRDA:92,0,0,0
BRDA:92,0,1,0
BRDA:109,1,0,0
BRDA:109,1,1,0
BRDA:110,2,0,0
BRDA:110,2,1,0
BRDA:112,3,0,0
BRDA:112,3,1,0
BRDA:126,4,0,0
BRDA:126,4,1,0
BRDA:128,5,0,0
BRDA:128,5,1,0
BRDA:130,6,0,0
BRDA:130,6,1,0
BRDA:164,7,0,0
BRDA:164,7,1,0
BRDA:167,8,0,0
BRDA:167,8,1,0
BRDA:170,9,0,0
BRDA:170,9,1,0
BRDA:173,10,0,0
BRDA:173,10,1,0
BRDA:182,11,0,0
BRDA:182,11,1,0
BRDA:184,12,0,0
BRDA:184,12,1,0
BRDA:185,13,0,0
BRDA:185,13,1,0
BRDA:186,14,0,0
BRDA:186,14,1,0
BRDA:198,15,0,0
BRDA:198,15,1,0
BRDA:198,16,0,0
BRDA:198,16,1,0
BRDA:234,17,0,0
BRDA:234,17,1,0
BRDA:288,18,0,0
BRDA:288,18,1,0
BRDA:297,19,0,0
BRDA:297,19,1,0
BRDA:297,20,0,0
BRDA:297,20,1,0
BRDA:300,21,0,0
BRDA:300,21,1,0
BRDA:311,22,0,0
BRDA:311,22,1,0
BRF:46
BRH:0
end_of_record
TN:
SF:api\reports\forecast-controller.js
FN:28,(anonymous_0)
FN:84,(anonymous_1)
FN:139,(anonymous_2)
FN:167,(anonymous_3)
FN:216,(anonymous_4)
FN:261,validateDateRange
FN:282,groupByWeek
FN:285,(anonymous_7)
FN:314,interpretVariance
FN:328,getCachedForecast
FN:345,cacheForecast
FN:362,generateErrorReference
FNF:12
FNH:0
FNDA:0,(anonymous_0)
FNDA:0,(anonymous_1)
FNDA:0,(anonymous_2)
FNDA:0,(anonymous_3)
FNDA:0,(anonymous_4)
FNDA:0,validateDateRange
FNDA:0,groupByWeek
FNDA:0,(anonymous_7)
FNDA:0,interpretVariance
FNDA:0,getCachedForecast
FNDA:0,cacheForecast
FNDA:0,generateErrorReference
DA:7,0
DA:8,0
DA:14,0
DA:16,0
DA:17,0
DA:19,0
DA:28,0
DA:29,0
DA:30,0
DA:31,0
DA:32,0
DA:35,0
DA:36,0
DA:39,0
DA:40,0
DA:48,0
DA:49,0
DA:53,0
DA:54,0
DA:59,0
DA:60,0
DA:64,0
DA:70,0
DA:71,0
DA:84,0
DA:85,0
DA:86,0
DA:87,0
DA:88,0
DA:91,0
DA:93,0
DA:94,0
DA:100,0
DA:105,0
DA:129,0
DA:130,0
DA:139,0
DA:140,0
DA:141,0
DA:142,0
DA:143,0
DA:146,0
DA:148,0
DA:155,0
DA:156,0
DA:167,0
DA:168,0
DA:169,0
DA:170,0
DA:171,0
DA:174,0
DA:176,0
DA:177,0
DA:184,0
DA:185,0
DA:186,0
DA:192,0
DA:198,0
DA:204,0
DA:205,0
DA:216,0
DA:217,0
DA:218,0
DA:219,0
DA:220,0
DA:223,0
DA:224,0
DA:226,0
DA:227,0
DA:233,0
DA:237,0
DA:241,0
DA:254,0
DA:255,0
DA:262,0
DA:264,0
DA:265,0
DA:266,0
DA:268,0
DA:269,0
DA:272,0
DA:273,0
DA:276,0
DA:283,0
DA:285,0
DA:286,0
DA:287,0
DA:288,0
DA:290,0
DA:292,0
DA:293,0
DA:304,0
DA:305,0
DA:306,0
DA:307,0
DA:308,0
DA:311,0
DA:315,0
DA:316,0
DA:317,0
DA:318,0
DA:319,0
DA:320,0
DA:321,0
DA:322,0
DA:324,0
DA:329,0
DA:337,0
DA:338,0
DA:339,0
DA:341,0
DA:346,0
DA:355,0
DA:356,0
DA:358,0
DA:363,0
DA:366,0
LF:117
LH:0
BRDA:31,0,0,0
BRDA:31,0,1,0
BRDA:35,1,0,0
BRDA:35,1,1,0
BRDA:39,2,0,0
BRDA:39,2,1,0
BRDA:48,3,0,0
BRDA:48,3,1,0
BRDA:53,4,0,0
BRDA:53,4,1,0
BRDA:54,5,0,0
BRDA:54,5,1,0
BRDA:59,6,0,0
BRDA:59,6,1,0
BRDA:87,7,0,0
BRDA:87,7,1,0
BRDA:91,8,0,0
BRDA:91,8,1,0
BRDA:93,9,0,0
BRDA:93,9,1,0
BRDA:100,10,0,0
BRDA:100,10,1,0
BRDA:142,11,0,0
BRDA:142,11,1,0
BRDA:170,12,0,0
BRDA:170,12,1,0
BRDA:176,13,0,0
BRDA:176,13,1,0
BRDA:176,14,0,0
BRDA:176,14,1,0
BRDA:185,15,0,0
BRDA:185,15,1,0
BRDA:219,16,0,0
BRDA:219,16,1,0
BRDA:223,17,0,0
BRDA:223,17,1,0
BRDA:224,18,0,0
BRDA:224,18,1,0
BRDA:226,19,0,0
BRDA:226,19,1,0
BRDA:233,20,0,0
BRDA:233,20,1,0
BRDA:237,21,0,0
BRDA:237,21,1,0
BRDA:265,22,0,0
BRDA:265,22,1,0
BRDA:268,23,0,0
BRDA:268,23,1,0
BRDA:272,24,0,0
BRDA:272,24,1,0
BRDA:292,25,0,0
BRDA:292,25,1,0
BRDA:315,26,0,0
BRDA:315,26,1,0
BRDA:317,27,0,0
BRDA:317,27,1,0
BRDA:319,28,0,0
BRDA:319,28,1,0
BRDA:321,29,0,0
BRDA:321,29,1,0
BRDA:339,30,0,0
BRDA:339,30,1,0
BRF:62
BRH:0
end_of_record
TN:
SF:api\reports\metrics-calculator.js
FN:19,calculateMRR
FN:27,(anonymous_1)
FN:40,calculateARR
FN:49,calculateChurn
FN:84,calculateLTV
FN:104,(anonymous_5)
FN:132,calculateCAC
FN:161,calculateRecurringMetrics
FN:196,getSubscriptionCohorts
FN:205,(anonymous_9)
FN:230,(anonymous_10)
FN:237,(anonymous_11)
FNF:12
FNH:0
FNDA:0,calculateMRR
FNDA:0,(anonymous_1)
FNDA:0,calculateARR
FNDA:0,calculateChurn
FNDA:0,calculateLTV
FNDA:0,(anonymous_5)
FNDA:0,calculateCAC
FNDA:0,calculateRecurringMetrics
FNDA:0,getSubscriptionCohorts
FNDA:0,(anonymous_9)
FNDA:0,(anonymous_10)
FNDA:0,(anonymous_11)
DA:8,0
DA:10,0
DA:20,0
DA:21,0
DA:27,0
DA:28,0
DA:31,0
DA:32,0
DA:41,0
DA:42,0
DA:50,0
DA:52,0
DA:60,0
DA:67,0
DA:71,0
DA:74,0
DA:75,0
DA:85,0
DA:87,0
DA:97,0
DA:98,0
DA:101,0
DA:102,0
DA:104,0
DA:105,0
DA:107,0
DA:108,0
DA:109,0
DA:110,0
DA:111,0
DA:113,0
DA:114,0
DA:118,0
DA:119,0
DA:122,0
DA:123,0
DA:133,0
DA:135,0
DA:142,0
DA:144,0
DA:145,0
DA:148,0
DA:149,0
DA:152,0
DA:153,0
DA:162,0
DA:163,0
DA:171,0
DA:187,0
DA:188,0
DA:197,0
DA:198,0
DA:203,0
DA:205,0
DA:206,0
DA:208,0
DA:209,0
DA:219,0
DA:221,0
DA:222,0
DA:223,0
DA:224,0
DA:225,0
DA:230,0
DA:231,0
DA:232,0
DA:237,0
DA:240,0
DA:241,0
DA:245,0
LF:70
LH:0
BRDA:27,0,0,0
BRDA:27,0,1,0
BRDA:27,1,0,0
BRDA:27,1,1,0
BRDA:67,2,0,0
BRDA:67,2,1,0
BRDA:68,3,0,0
BRDA:68,3,1,0
BRDA:84,4,0,0
BRDA:97,5,0,0
BRDA:97,5,1,0
BRDA:97,6,0,0
BRDA:97,6,1,0
BRDA:105,7,0,0
BRDA:105,7,1,0
BRDA:110,8,0,0
BRDA:110,8,1,0
BRDA:118,9,0,0
BRDA:118,9,1,0
BRDA:132,10,0,0
BRDA:142,11,0,0
BRDA:142,11,1,0
BRDA:144,12,0,0
BRDA:144,12,1,0
BRDA:144,13,0,0
BRDA:144,13,1,0
BRDA:161,14,0,0
BRDA:182,15,0,0
BRDA:182,15,1,0
BRDA:208,16,0,0
BRDA:208,16,1,0
BRDA:221,17,0,0
BRDA:221,17,1,0
BRDA:223,18,0,0
BRDA:223,18,1,0
BRDA:224,19,0,0
BRDA:224,19,1,0
BRDA:232,20,0,0
BRDA:232,20,1,0
BRF:39
BRH:0
end_of_record
TN:
SF:api\reports\metrics-controller.js
FN:33,(anonymous_0)
FN:94,(anonymous_1)
FN:120,(anonymous_2)
FN:149,(anonymous_3)
FN:184,(anonymous_4)
FN:225,(anonymous_5)
FN:270,(anonymous_6)
FN:292,validateDateRange
FN:313,getTodayDate
FN:317,getMonthAgo
FN:323,get30DaysAgo
FN:329,get90DaysAgo
FN:335,getCachedMetrics
FN:353,cacheMetrics
FN:369,generateErrorReference
FNF:15
FNH:0
FNDA:0,(anonymous_0)
FNDA:0,(anonymous_1)
FNDA:0,(anonymous_2)
FNDA:0,(anonymous_3)
FNDA:0,(anonymous_4)
FNDA:0,(anonymous_5)
FNDA:0,(anonymous_6)
FNDA:0,validateDateRange
FNDA:0,getTodayDate
FNDA:0,getMonthAgo
FNDA:0,get30DaysAgo
FNDA:0,get90DaysAgo
FNDA:0,getCachedMetrics
FNDA:0,cacheMetrics
FNDA:0,generateErrorReference
DA:7,0
DA:8,0
DA:17,0
DA:19,0
DA:20,0
DA:22,0
DA:33,0
DA:34,0
DA:35,0
DA:36,0
DA:37,0
DA:45,0
DA:47,0
DA:48,0
DA:49,0
DA:52,0
DA:53,0
DA:54,0
DA:62,0
DA:63,0
DA:67,0
DA:68,0
DA:71,0
DA:72,0
DA:76,0
DA:82,0
DA:83,0
DA:94,0
DA:95,0
DA:96,0
DA:97,0
DA:98,0
DA:101,0
DA:103,0
DA:111,0
DA:112,0
DA:120,0
DA:121,0
DA:122,0
DA:123,0
DA:124,0
DA:127,0
DA:129,0
DA:137,0
DA:138,0
DA:149,0
DA:150,0
DA:151,0
DA:152,0
DA:153,0
DA:159,0
DA:161,0
DA:162,0
DA:164,0
DA:166,0
DA:175,0
DA:176,0
DA:184,0
DA:185,0
DA:186,0
DA:187,0
DA:188,0
DA:195,0
DA:197,0
DA:198,0
DA:200,0
DA:202,0
DA:212,0
DA:213,0
DA:225,0
DA:226,0
DA:227,0
DA:228,0
DA:229,0
DA:236,0
DA:238,0
DA:239,0
DA:244,0
DA:245,0
DA:246,0
DA:248,0
DA:250,0
DA:260,0
DA:261,0
DA:270,0
DA:271,0
DA:272,0
DA:273,0
DA:274,0
DA:277,0
DA:279,0
DA:285,0
DA:286,0
DA:293,0
DA:295,0
DA:296,0
DA:297,0
DA:299,0
DA:300,0
DA:303,0
DA:304,0
DA:307,0
DA:314,0
DA:318,0
DA:319,0
DA:320,0
DA:324,0
DA:325,0
DA:326,0
DA:330,0
DA:331,0
DA:332,0
DA:336,0
DA:345,0
DA:346,0
DA:347,0
DA:349,0
DA:354,0
DA:362,0
DA:363,0
DA:365,0
DA:370,0
DA:373,0
LF:123
LH:0
BRDA:36,0,0,0
BRDA:36,0,1,0
BRDA:41,1,0,0
BRDA:42,2,0,0
BRDA:43,3,0,0
BRDA:44,4,0,0
BRDA:49,5,0,0
BRDA:49,5,1,0
BRDA:53,6,0,0
BRDA:53,6,1,0
BRDA:62,7,0,0
BRDA:62,7,1,0
BRDA:67,8,0,0
BRDA:67,8,1,0
BRDA:71,9,0,0
BRDA:71,9,1,0
BRDA:97,10,0,0
BRDA:97,10,1,0
BRDA:123,11,0,0
BRDA:123,11,1,0
BRDA:152,12,0,0
BRDA:152,12,1,0
BRDA:157,13,0,0
BRDA:158,14,0,0
BRDA:187,15,0,0
BRDA:187,15,1,0
BRDA:192,16,0,0
BRDA:193,17,0,0
BRDA:194,18,0,0
BRDA:228,19,0,0
BRDA:228,19,1,0
BRDA:234,20,0,0
BRDA:235,21,0,0
BRDA:238,22,0,0
BRDA:238,22,1,0
BRDA:273,23,0,0
BRDA:273,23,1,0
BRDA:296,24,0,0
BRDA:296,24,1,0
BRDA:299,25,0,0
BRDA:299,25,1,0
BRDA:303,26,0,0
BRDA:303,26,1,0
BRDA:347,27,0,0
BRDA:347,27,1,0
BRF:45
BRH:0
end_of_record
TN:
SF:api\reports\payment-status-calculator.js
FN:18,calculatePaymentStatus
FN:66,calculateAging
FN:80,(anonymous_2)
FN:123,(anonymous_3)
FN:151,breakdownByCustomer
FN:154,(anonymous_5)
FN:187,(anonymous_6)
FN:197,(anonymous_7)
FN:204,breakdownByMethod
FN:207,(anonymous_9)
FN:234,(anonymous_10)
FN:246,identifyAtRiskCustomers
FN:249,(anonymous_12)
FN:274,(anonymous_13)
FN:278,(anonymous_14)
FN:286,(anonymous_15)
FNF:16
FNH:0
FNDA:0,calculatePaymentStatus
FNDA:0,calculateAging
FNDA:0,(anonymous_2)
FNDA:0,(anonymous_3)
FNDA:0,breakdownByCustomer
FNDA:0,(anonymous_5)
FNDA:0,(anonymous_6)
FNDA:0,(anonymous_7)
FNDA:0,breakdownByMethod
FNDA:0,(anonymous_9)
FNDA:0,(anonymous_10)
FNDA:0,identifyAtRiskCustomers
FNDA:0,(anonymous_12)
FNDA:0,(anonymous_13)
FNDA:0,(anonymous_14)
FNDA:0,(anonymous_15)
DA:7,0
DA:9,0
DA:19,0
DA:20,0
DA:23,0
DA:29,0
DA:32,0
DA:35,0
DA:38,0
DA:40,0
DA:57,0
DA:58,0
DA:67,0
DA:74,0
DA:75,0
DA:76,0
DA:77,0
DA:78,0
DA:80,0
DA:81,0
DA:82,0
DA:84,0
DA:85,0
DA:86,0
DA:88,0
DA:89,0
DA:91,0
DA:93,0
DA:94,0
DA:95,0
DA:96,0
DA:97,0
DA:98,0
DA:99,0
DA:100,0
DA:101,0
DA:102,0
DA:103,0
DA:104,0
DA:105,0
DA:106,0
DA:107,0
DA:108,0
DA:109,0
DA:111,0
DA:112,0
DA:113,0
DA:114,0
DA:120,0
DA:121,0
DA:123,0
DA:124,0
DA:127,0
DA:130,0
DA:152,0
DA:154,0
DA:155,0
DA:156,0
DA:167,0
DA:169,0
DA:170,0
DA:172,0
DA:173,0
DA:174,0
DA:175,0
DA:176,0
DA:181,0
DA:186,0
DA:187,0
DA:197,0
DA:205,0
DA:207,0
DA:208,0
DA:209,0
DA:220,0
DA:222,0
DA:224,0
DA:225,0
DA:226,0
DA:227,0
DA:229,0
DA:234,0
DA:247,0
DA:249,0
DA:250,0
DA:251,0
DA:259,0
DA:261,0
DA:263,0
DA:264,0
DA:265,0
DA:273,0
DA:275,0
DA:276,0
DA:278,0
DA:286,0
DA:289,0
LF:97
LH:0
BRDA:84,0,0,0
BRDA:84,0,1,0
BRDA:91,1,0,0
BRDA:91,1,1,0
BRDA:95,2,0,0
BRDA:95,2,1,0
BRDA:100,3,0,0
BRDA:100,3,1,0
BRDA:105,4,0,0
BRDA:105,4,1,0
BRDA:124,5,0,0
BRDA:124,5,1,0
BRDA:135,6,0,0
BRDA:135,6,1,0
BRDA:155,7,0,0
BRDA:155,7,1,0
BRDA:172,8,0,0
BRDA:172,8,1,0
BRDA:174,9,0,0
BRDA:174,9,1,0
BRDA:193,10,0,0
BRDA:193,10,1,0
BRDA:208,11,0,0
BRDA:208,11,1,0
BRDA:224,12,0,0
BRDA:224,12,1,0
BRDA:226,13,0,0
BRDA:226,13,1,0
BRDA:236,14,0,0
BRDA:236,14,1,0
BRDA:250,15,0,0
BRDA:250,15,1,0
BRDA:263,16,0,0
BRDA:263,16,1,0
BRDA:263,17,0,0
BRDA:263,17,1,0
BRDA:276,18,0,0
BRDA:276,18,1,0
BRDA:284,19,0,0
BRDA:284,19,1,0
BRF:40
BRH:0
end_of_record
TN:
SF:api\reports\payment-status-controller.js
FN:20,(anonymous_0)
FN:46,(anonymous_1)
FN:93,(anonymous_2)
FN:138,(anonymous_3)
FN:211,(anonymous_4)
FN:255,generateErrorReference
FNF:6
FNH:0
FNDA:0,(anonymous_0)
FNDA:0,(anonymous_1)
FNDA:0,(anonymous_2)
FNDA:0,(anonymous_3)
FNDA:0,(anonymous_4)
FNDA:0,generateErrorReference
DA:7,0
DA:8,0
DA:9,0
DA:11,0
DA:12,0
DA:20,0
DA:21,0
DA:22,0
DA:23,0
DA:24,0
DA:28,0
DA:30,0
DA:33,0
DA:34,0
DA:46,0
DA:47,0
DA:48,0
DA:49,0
DA:50,0
DA:53,0
DA:75,0
DA:77,0
DA:83,0
DA:84,0
DA:93,0
DA:94,0
DA:95,0
DA:96,0
DA:97,0
DA:100,0
DA:120,0
DA:122,0
DA:128,0
DA:129,0
DA:138,0
DA:139,0
DA:140,0
DA:141,0
DA:142,0
DA:145,0
DA:192,0
DA:194,0
DA:201,0
DA:202,0
DA:211,0
DA:212,0
DA:213,0
DA:214,0
DA:215,0
DA:218,0
DA:242,0
DA:244,0
DA:250,0
DA:251,0
DA:256,0
DA:259,0
LF:56
LH:0
BRDA:23,0,0,0
BRDA:23,0,1,0
BRDA:49,1,0,0
BRDA:49,1,1,0
BRDA:96,2,0,0
BRDA:96,2,1,0
BRDA:141,3,0,0
BRDA:141,3,1,0
BRDA:214,4,0,0
BRDA:214,4,1,0
BRF:10
BRH:0
end_of_record
TN:
SF:api\reports\schedule-controller.js
FN:20,initializeServices
FN:42,(anonymous_1)
FN:94,(anonymous_2)
FN:111,(anonymous_3)
FN:146,(anonymous_4)
FN:175,(anonymous_5)
FN:205,(anonymous_6)
FN:252,(anonymous_7)
FN:284,(anonymous_8)
FN:315,(anonymous_9)
FN:354,isValidEmail
FN:359,generateErrorReference
FNF:12
FNH:0
FNDA:0,initializeServices
FNDA:0,(anonymous_1)
FNDA:0,(anonymous_2)
FNDA:0,(anonymous_3)
FNDA:0,(anonymous_4)
FNDA:0,(anonymous_5)
FNDA:0,(anonymous_6)
FNDA:0,(anonymous_7)
FNDA:0,(anonymous_8)
FNDA:0,(anonymous_9)
FNDA:0,isValidEmail
FNDA:0,generateErrorReference
DA:7,0
DA:8,0
DA:9,0
DA:10,0
DA:12,0
DA:13,0
DA:14,0
DA:15,0
DA:21,0
DA:22,0
DA:31,0
DA:32,0
DA:35,0
DA:42,0
DA:43,0
DA:44,0
DA:45,0
DA:46,0
DA:49,0
DA:50,0
DA:52,0
DA:77,0
DA:78,0
DA:94,0
DA:95,0
DA:96,0
DA:97,0
DA:98,0
DA:101,0
DA:102,0
DA:105,0
DA:111,0
DA:112,0
DA:113,0
DA:120,0
DA:123,0
DA:124,0
DA:126,0
DA:134,0
DA:135,0
DA:146,0
DA:147,0
DA:148,0
DA:149,0
DA:150,0
DA:153,0
DA:154,0
DA:156,0
DA:163,0
DA:164,0
DA:175,0
DA:176,0
DA:177,0
DA:178,0
DA:179,0
DA:182,0
DA:183,0
DA:185,0
DA:192,0
DA:193,0
DA:205,0
DA:206,0
DA:207,0
DA:208,0
DA:209,0
DA:212,0
DA:213,0
DA:214,0
DA:220,0
DA:222,0
DA:223,0
DA:224,0
DA:231,0
DA:239,0
DA:240,0
DA:252,0
DA:253,0
DA:254,0
DA:255,0
DA:256,0
DA:259,0
DA:260,0
DA:261,0
DA:263,0
DA:271,0
DA:272,0
DA:284,0
DA:285,0
DA:286,0
DA:287,0
DA:288,0
DA:291,0
DA:292,0
DA:293,0
DA:295,0
DA:303,0
DA:304,0
DA:315,0
DA:316,0
DA:317,0
DA:319,0
DA:320,0
DA:327,0
DA:328,0
DA:329,0
DA:335,0
DA:344,0
DA:345,0
DA:355,0
DA:356,0
DA:360,0
DA:363,0
LF:112
LH:0
BRDA:21,0,0,0
BRDA:21,0,1,0
BRDA:31,1,0,0
BRDA:31,1,1,0
BRDA:45,2,0,0
BRDA:45,2,1,0
BRDA:57,3,0,0
BRDA:57,3,1,0
BRDA:58,4,0,0
BRDA:58,4,1,0
BRDA:62,5,0,0
BRDA:62,5,1,0
BRDA:63,6,0,0
BRDA:63,6,1,0
BRDA:64,7,0,0
BRDA:64,7,1,0
BRDA:68,8,0,0
BRDA:68,8,1,0
BRDA:69,9,0,0
BRDA:69,9,1,0
BRDA:70,10,0,0
BRDA:70,10,1,0
BRDA:73,11,0,0
BRDA:73,11,1,0
BRDA:97,12,0,0
BRDA:97,12,1,0
BRDA:106,13,0,0
BRDA:106,13,1,0
BRDA:107,14,0,0
BRDA:107,14,1,0
BRDA:108,15,0,0
BRDA:108,15,1,0
BRDA:112,16,0,0
BRDA:112,16,1,0
BRDA:149,17,0,0
BRDA:149,17,1,0
BRDA:178,18,0,0
BRDA:178,18,1,0
BRDA:208,19,0,0
BRDA:208,19,1,0
BRDA:213,20,0,0
BRDA:213,20,1,0
BRDA:213,21,0,0
BRDA:213,21,1,0
BRDA:255,22,0,0
BRDA:255,22,1,0
BRDA:259,23,0,0
BRDA:259,23,1,0
BRDA:287,24,0,0
BRDA:287,24,1,0
BRDA:291,25,0,0
BRDA:291,25,1,0
BRDA:299,26,0,0
BRDA:299,26,1,0
BRDA:319,27,0,0
BRDA:319,27,1,0
BRF:56
BRH:0
end_of_record
TN:
SF:api\roleta\grant.js
FN:8,(anonymous_0)
FNF:1
FNH:0
FNDA:0,(anonymous_0)
DA:1,0
DA:3,0
DA:8,0
DA:9,0
DA:10,0
DA:11,0
DA:13,0
DA:14,0
DA:17,0
DA:18,0
DA:20,0
DA:21,0
DA:23,0
DA:29,0
DA:32,0
DA:33,0
DA:34,0
DA:37,0
DA:47,0
DA:49,0
LF:20
LH:0
BRDA:13,0,0,0
BRDA:13,0,1,0
BRDA:14,1,0,0
BRDA:14,1,1,0
BRDA:17,2,0,0
BRDA:17,2,1,0
BRDA:18,3,0,0
BRDA:18,3,1,0
BRDA:21,4,0,0
BRDA:21,4,1,0
BRDA:21,5,0,0
BRDA:21,5,1,0
BRDA:29,6,0,0
BRDA:29,6,1,0
BRDA:33,7,0,0
BRDA:33,7,1,0
BRDA:33,8,0,0
BRDA:33,8,1,0
BRDA:34,9,0,0
BRDA:34,9,1,0
BRDA:44,10,0,0
BRDA:44,10,1,0
BRDA:47,11,0,0
BRDA:47,11,1,0
BRF:24
BRH:0
end_of_record
TN:
SF:api\roleta\revoke.js
FN:8,(anonymous_0)
FNF:1
FNH:0
FNDA:0,(anonymous_0)
DA:1,0
DA:3,0
DA:8,0
DA:9,0
DA:10,0
DA:11,0
DA:13,0
DA:14,0
DA:17,0
DA:18,0
DA:20,0
DA:21,0
DA:23,0
DA:29,0
DA:32,0
DA:33,0
DA:34,0
DA:37,0
DA:47,0
DA:49,0
LF:20
LH:0
BRDA:13,0,0,0
BRDA:13,0,1,0
BRDA:14,1,0,0
BRDA:14,1,1,0
BRDA:17,2,0,0
BRDA:17,2,1,0
BRDA:18,3,0,0
BRDA:18,3,1,0
BRDA:21,4,0,0
BRDA:21,4,1,0
BRDA:21,5,0,0
BRDA:21,5,1,0
BRDA:29,6,0,0
BRDA:29,6,1,0
BRDA:33,7,0,0
BRDA:33,7,1,0
BRDA:33,8,0,0
BRDA:33,8,1,0
BRDA:34,9,0,0
BRDA:34,9,1,0
BRDA:44,10,0,0
BRDA:44,10,1,0
BRDA:47,11,0,0
BRDA:47,11,1,0
BRF:24
BRH:0
end_of_record
TN:
SF:services\csv-export.js
FN:10,generateDREcsv
FN:29,generateCashFlowCsv
FN:44,(anonymous_2)
FN:59,(anonymous_3)
FN:74,generatePaymentStatusCsv
FN:90,(anonymous_5)
FN:104,(anonymous_6)
FN:119,(anonymous_7)
FN:135,generateMetricsCsv
FN:155,generateForecastCsv
FN:170,(anonymous_10)
FN:196,convertToCSV
FN:197,(anonymous_12)
FN:198,(anonymous_13)
FN:216,formatCurrency
FNF:15
FNH:0
FNDA:0,generateDREcsv
FNDA:0,generateCashFlowCsv
FNDA:0,(anonymous_2)
FNDA:0,(anonymous_3)
FNDA:0,generatePaymentStatusCsv
FNDA:0,(anonymous_5)
FNDA:0,(anonymous_6)
FNDA:0,(anonymous_7)
FNDA:0,generateMetricsCsv
FNDA:0,generateForecastCsv
FNDA:0,(anonymous_10)
FNDA:0,convertToCSV
FNDA:0,(anonymous_12)
FNDA:0,(anonymous_13)
FNDA:0,formatCurrency
DA:11,0
DA:23,0
DA:30,0
DA:44,0
DA:45,0
DA:55,0
DA:56,0
DA:57,0
DA:59,0
DA:60,0
DA:68,0
DA:75,0
DA:90,0
DA:91,0
DA:100,0
DA:101,0
DA:102,0
DA:104,0
DA:105,0
DA:115,0
DA:116,0
DA:117,0
DA:119,0
DA:120,0
DA:129,0
DA:136,0
DA:149,0
DA:156,0
DA:170,0
DA:171,0
DA:182,0
DA:183,0
DA:184,0
DA:185,0
DA:186,0
DA:187,0
DA:189,0
DA:197,0
DA:198,0
DA:199,0
DA:201,0
DA:204,0
DA:205,0
DA:208,0
DA:217,0
DA:223,0
LF:46
LH:0
BRDA:199,0,0,0
BRDA:199,0,1,0
BRDA:199,1,0,0
BRDA:199,1,1,0
BRDA:204,2,0,0
BRDA:204,2,1,0
BRDA:204,3,0,0
BRDA:204,3,1,0
BRDA:204,3,2,0
BRF:9
BRH:0
end_of_record
TN:
SF:services\excel-export.js
FN:12,generateDREExcel
FN:41,generateCashFlowExcel
FN:59,(anonymous_2)
FN:76,(anonymous_3)
FN:95,generatePaymentStatusExcel
FN:111,(anonymous_5)
FN:129,(anonymous_6)
FN:148,(anonymous_7)
FN:168,generateMetricsExcel
FN:195,generateForecastExcel
FN:226,(anonymous_10)
FN:246,saveExcelToFile
FN:254,generateExcelBuffer
FNF:13
FNH:0
FNDA:0,generateDREExcel
FNDA:0,generateCashFlowExcel
FNDA:0,(anonymous_2)
FNDA:0,(anonymous_3)
FNDA:0,generatePaymentStatusExcel
FNDA:0,(anonymous_5)
FNDA:0,(anonymous_6)
FNDA:0,(anonymous_7)
FNDA:0,generateMetricsExcel
FNDA:0,generateForecastExcel
FNDA:0,(anonymous_10)
FNDA:0,saveExcelToFile
FNDA:0,generateExcelBuffer
DA:7,0
DA:13,0
DA:29,0
DA:32,0
DA:33,0
DA:35,0
DA:42,0
DA:45,0
DA:59,0
DA:60,0
DA:69,0
DA:70,0
DA:71,0
DA:74,0
DA:76,0
DA:85,0
DA:86,0
DA:87,0
DA:89,0
DA:96,0
DA:99,0
DA:111,0
DA:112,0
DA:120,0
DA:121,0
DA:122,0
DA:125,0
DA:129,0
DA:130,0
DA:139,0
DA:140,0
DA:141,0
DA:144,0
DA:148,0
DA:149,0
DA:158,0
DA:159,0
DA:160,0
DA:162,0
DA:169,0
DA:171,0
DA:185,0
DA:186,0
DA:187,0
DA:189,0
DA:196,0
DA:199,0
DA:219,0
DA:220,0
DA:221,0
DA:224,0
DA:226,0
DA:236,0
DA:237,0
DA:238,0
DA:240,0
DA:247,0
DA:248,0
DA:255,0
DA:258,0
LF:60
LH:0
BRF:0
BRH:0
end_of_record
TN:
SF:services\pdf-export.js
FN:15,generateDREPdf
FN:77,generateCashFlowPdf
FN:107,(anonymous_2)
FN:122,generatePaymentStatusPdf
FN:152,(anonymous_4)
FN:167,drawTable
FN:173,(anonymous_6)
FN:176,(anonymous_7)
FN:203,savePdfToFile
FN:204,(anonymous_9)
FN:210,(anonymous_10)
FN:218,generatePdfBuffer
FN:219,(anonymous_12)
FN:222,(anonymous_13)
FN:223,(anonymous_14)
FN:232,formatCurrency
FNF:16
FNH:0
FNDA:0,generateDREPdf
FNDA:0,generateCashFlowPdf
FNDA:0,(anonymous_2)
FNDA:0,generatePaymentStatusPdf
FNDA:0,(anonymous_4)
FNDA:0,drawTable
FNDA:0,(anonymous_6)
FNDA:0,(anonymous_7)
FNDA:0,savePdfToFile
FNDA:0,(anonymous_9)
FNDA:0,(anonymous_10)
FNDA:0,generatePdfBuffer
FNDA:0,(anonymous_12)
FNDA:0,(anonymous_13)
FNDA:0,(anonymous_14)
FNDA:0,formatCurrency
DA:7,0
DA:8,0
DA:9,0
DA:16,0
DA:25,0
DA:28,0
DA:29,0
DA:30,0
DA:31,0
DA:34,0
DA:35,0
DA:37,0
DA:45,0
DA:46,0
DA:49,0
DA:50,0
DA:51,0
DA:52,0
DA:53,0
DA:54,0
DA:55,0
DA:56,0
DA:57,0
DA:60,0
DA:64,0
DA:71,0
DA:78,0
DA:80,0
DA:83,0
DA:84,0
DA:85,0
DA:88,0
DA:89,0
DA:90,0
DA:92,0
DA:99,0
DA:100,0
DA:103,0
DA:104,0
DA:106,0
DA:107,0
DA:114,0
DA:116,0
DA:123,0
DA:125,0
DA:127,0
DA:128,0
DA:129,0
DA:132,0
DA:133,0
DA:134,0
DA:136,0
DA:144,0
DA:145,0
DA:148,0
DA:149,0
DA:151,0
DA:152,0
DA:159,0
DA:161,0
DA:168,0
DA:169,0
DA:171,0
DA:173,0
DA:174,0
DA:176,0
DA:177,0
DA:180,0
DA:183,0
DA:191,0
DA:194,0
DA:197,0
DA:204,0
DA:205,0
DA:207,0
DA:208,0
DA:210,0
DA:211,0
DA:219,0
DA:220,0
DA:222,0
DA:223,0
DA:224,0
DA:226,0
DA:233,0
DA:239,0
LF:86
LH:0
BRDA:15,0,0,0
BRDA:22,1,0,0
BRDA:23,2,0,0
BRDA:24,3,0,0
BRDA:77,4,0,0
BRDA:80,5,0,0
BRDA:80,6,0,0
BRDA:122,7,0,0
BRDA:125,8,0,0
BRDA:125,9,0,0
BRDA:183,10,0,0
BRDA:183,10,1,0
BRDA:184,11,0,0
BRDA:184,11,1,0
BRDA:188,12,0,0
BRDA:188,12,1,0
BRF:16
BRH:0
end_of_record
